<?xml version="1.0" encoding="utf-8"?>
<CoverageSession xmlns:xsd="http://www.w3.org/2001/XMLSchema" xmlns:xsi="http://www.w3.org/2001/XMLSchema-instance" Version="0.0.0.0">
  <Summary numSequencePoints="0" visitedSequencePoints="0" numBranchPoints="0" visitedBranchPoints="0" sequenceCoverage="0" branchCoverage="0" maxCyclomaticComplexity="0" minCyclomaticComplexity="0" maxCrapScore="0" minCrapScore="0" visitedClasses="0" numClasses="0" visitedMethods="0" numMethods="0" />
  <Modules>
    <Module>
      <Summary numSequencePoints="0" visitedSequencePoints="0" numBranchPoints="0" visitedBranchPoints="0" sequenceCoverage="0" branchCoverage="0" maxCyclomaticComplexity="0" minCyclomaticComplexity="0" maxCrapScore="0" minCrapScore="0" visitedClasses="0" numClasses="0" visitedMethods="0" numMethods="0" />
      <ModuleTime>0001-01-01T00:00:00</ModuleTime>
      <ModuleName>Input</ModuleName>
      <Files>
        <File uid="1" fullPath="C:\Users\KVD\Documents\Projects\ECS_Units\Assets\Scripts\UnityInputActions\ConditionalComposite2D.cs" />
        <File uid="2" fullPath="C:\Users\KVD\Documents\Projects\ECS_Units\Assets\Scripts\UnityInputActions\InitializationUnityInput.cs" />
        <File uid="3" fullPath="C:\Users\KVD\Documents\Projects\ECS_Units\Assets\Scripts\UnityInputActions\CameraInput.cs" />
      </Files>
      <Classes>
        <Class>
          <Summary numSequencePoints="0" visitedSequencePoints="0" numBranchPoints="0" visitedBranchPoints="0" sequenceCoverage="0" branchCoverage="0" maxCyclomaticComplexity="0" minCyclomaticComplexity="0" maxCrapScore="0" minCrapScore="0" visitedClasses="0" numClasses="0" visitedMethods="0" numMethods="0" />
          <FullName>UnityInputActions.ConditionalComposite2D</FullName>
          <Methods>
            <Method visited="false" cyclomaticComplexity="0" nPathComplexity="0" sequenceCoverage="0.0" branchCoverage="0" crapScore="0" isConstructor="false" isStatic="false" isGetter="false" isSetter="false">
              <Summary numSequencePoints="0" visitedSequencePoints="0" numBranchPoints="0" visitedBranchPoints="0" sequenceCoverage="0.0" branchCoverage="0" maxCyclomaticComplexity="0" minCyclomaticComplexity="0" maxCrapScore="0" minCrapScore="0" visitedClasses="0" numClasses="0" visitedMethods="0" numMethods="0" />
              <MetadataToken>100663297</MetadataToken>
              <Name>UnityEngine.Vector2 UnityInputActions.ConditionalComposite2D::ReadValue(UnityEngine.InputSystem.InputBindingCompositeContext&amp;)</Name>
              <FileRef uid="1" />
              <SequencePoints>
                <SequencePoint vc="0" uspid="3519" ordinal="0" offset="0" sl="19" sc="0" el="19" ec="0" bec="0" bev="0" fileid="1" />
                <SequencePoint vc="0" uspid="3520" ordinal="0" offset="1" sl="20" sc="0" el="20" ec="0" bec="0" bev="0" fileid="1" />
                <SequencePoint vc="0" uspid="3521" ordinal="0" offset="14" sl="21" sc="0" el="21" ec="0" bec="0" bev="0" fileid="1" />
                <SequencePoint vc="0" uspid="3522" ordinal="0" offset="66" sl="22" sc="0" el="22" ec="0" bec="0" bev="0" fileid="1" />
              </SequencePoints>
              <BranchPoints />
            </Method>
          </Methods>
        </Class>
        <Class>
          <Summary numSequencePoints="0" visitedSequencePoints="0" numBranchPoints="0" visitedBranchPoints="0" sequenceCoverage="0" branchCoverage="0" maxCyclomaticComplexity="0" minCyclomaticComplexity="0" maxCrapScore="0" minCrapScore="0" visitedClasses="0" numClasses="0" visitedMethods="0" numMethods="0" />
          <FullName>UnityInputActions.InitializationUnityInput</FullName>
          <Methods>
            <Method visited="false" cyclomaticComplexity="0" nPathComplexity="0" sequenceCoverage="0.0" branchCoverage="0" crapScore="0" isConstructor="false" isStatic="true" isGetter="false" isSetter="false">
              <Summary numSequencePoints="0" visitedSequencePoints="0" numBranchPoints="0" visitedBranchPoints="0" sequenceCoverage="0.0" branchCoverage="0" maxCyclomaticComplexity="0" minCyclomaticComplexity="0" maxCrapScore="0" minCrapScore="0" visitedClasses="0" numClasses="0" visitedMethods="0" numMethods="0" />
              <MetadataToken>100663300</MetadataToken>
              <Name>static System.Void UnityInputActions.InitializationUnityInput::Initialize()</Name>
              <FileRef uid="2" />
              <SequencePoints>
                <SequencePoint vc="0" uspid="3523" ordinal="0" offset="0" sl="28" sc="39" el="28" ec="39" bec="0" bev="0" fileid="2" />
              </SequencePoints>
              <BranchPoints />
            </Method>
            <Method visited="false" cyclomaticComplexity="0" nPathComplexity="0" sequenceCoverage="0.0" branchCoverage="0" crapScore="0" isConstructor="true" isStatic="true" isGetter="false" isSetter="false">
              <Summary numSequencePoints="0" visitedSequencePoints="0" numBranchPoints="0" visitedBranchPoints="0" sequenceCoverage="0.0" branchCoverage="0" maxCyclomaticComplexity="0" minCyclomaticComplexity="0" maxCrapScore="0" minCrapScore="0" visitedClasses="0" numClasses="0" visitedMethods="0" numMethods="0" />
              <MetadataToken>100663299</MetadataToken>
              <Name>static UnityInputActions.InitializationUnityInput::InitializationUnityInput()</Name>
              <FileRef uid="2" />
              <SequencePoints>
                <SequencePoint vc="0" uspid="3524" ordinal="0" offset="0" sl="21" sc="3" el="21" ec="3" bec="0" bev="0" fileid="2" />
                <SequencePoint vc="0" uspid="3525" ordinal="0" offset="1" sl="22" sc="4" el="22" ec="4" bec="0" bev="0" fileid="2" />
                <SequencePoint vc="0" uspid="3526" ordinal="0" offset="7" sl="23" sc="3" el="23" ec="3" bec="0" bev="0" fileid="2" />
              </SequencePoints>
              <BranchPoints />
            </Method>
          </Methods>
        </Class>
        <Class>
          <Summary numSequencePoints="0" visitedSequencePoints="0" numBranchPoints="0" visitedBranchPoints="0" sequenceCoverage="0" branchCoverage="0" maxCyclomaticComplexity="0" minCyclomaticComplexity="0" maxCrapScore="0" minCrapScore="0" visitedClasses="0" numClasses="0" visitedMethods="0" numMethods="0" />
          <FullName>UnityInput.CameraInput</FullName>
          <Methods>
            <Method visited="false" cyclomaticComplexity="0" nPathComplexity="0" sequenceCoverage="0.0" branchCoverage="0" crapScore="0" isConstructor="false" isStatic="false" isGetter="true" isSetter="false">
              <Summary numSequencePoints="0" visitedSequencePoints="0" numBranchPoints="0" visitedBranchPoints="0" sequenceCoverage="0.0" branchCoverage="0" maxCyclomaticComplexity="0" minCyclomaticComplexity="0" maxCrapScore="0" minCrapScore="0" visitedClasses="0" numClasses="0" visitedMethods="0" numMethods="0" />
              <MetadataToken>100663302</MetadataToken>
              <Name>UnityEngine.InputSystem.InputActionAsset UnityInput.CameraInput::get_asset()</Name>
              <FileRef uid="3" />
              <SequencePoints>
                <SequencePoint vc="0" uspid="3527" ordinal="0" offset="0" sl="13" sc="0" el="13" ec="0" bec="0" bev="0" fileid="3" />
              </SequencePoints>
              <BranchPoints />
            </Method>
            <Method visited="false" cyclomaticComplexity="0" nPathComplexity="0" sequenceCoverage="0.0" branchCoverage="0" crapScore="0" isConstructor="false" isStatic="false" isGetter="false" isSetter="false">
              <Summary numSequencePoints="0" visitedSequencePoints="0" numBranchPoints="0" visitedBranchPoints="0" sequenceCoverage="0.0" branchCoverage="0" maxCyclomaticComplexity="0" minCyclomaticComplexity="0" maxCrapScore="0" minCrapScore="0" visitedClasses="0" numClasses="0" visitedMethods="0" numMethods="0" />
              <MetadataToken>100663304</MetadataToken>
              <Name>System.Void UnityInput.CameraInput::Dispose()</Name>
              <FileRef uid="3" />
              <SequencePoints>
                <SequencePoint vc="0" uspid="3528" ordinal="0" offset="0" sl="163" sc="0" el="163" ec="0" bec="0" bev="0" fileid="3" />
                <SequencePoint vc="0" uspid="3529" ordinal="0" offset="1" sl="164" sc="0" el="164" ec="0" bec="0" bev="0" fileid="3" />
                <SequencePoint vc="0" uspid="3530" ordinal="0" offset="13" sl="165" sc="0" el="165" ec="0" bec="0" bev="0" fileid="3" />
              </SequencePoints>
              <BranchPoints />
            </Method>
            <Method visited="false" cyclomaticComplexity="0" nPathComplexity="0" sequenceCoverage="0.0" branchCoverage="0" crapScore="0" isConstructor="false" isStatic="false" isGetter="true" isSetter="false">
              <Summary numSequencePoints="0" visitedSequencePoints="0" numBranchPoints="0" visitedBranchPoints="0" sequenceCoverage="0.0" branchCoverage="0" maxCyclomaticComplexity="0" minCyclomaticComplexity="0" maxCrapScore="0" minCrapScore="0" visitedClasses="0" numClasses="0" visitedMethods="0" numMethods="0" />
              <MetadataToken>100663305</MetadataToken>
              <Name>System.Nullable[InputBinding] UnityInput.CameraInput::get_bindingMask()</Name>
              <FileRef uid="3" />
              <SequencePoints>
                <SequencePoint vc="0" uspid="3531" ordinal="0" offset="0" sl="169" sc="0" el="169" ec="0" bec="0" bev="0" fileid="3" />
              </SequencePoints>
              <BranchPoints />
            </Method>
            <Method visited="false" cyclomaticComplexity="0" nPathComplexity="0" sequenceCoverage="0.0" branchCoverage="0" crapScore="0" isConstructor="false" isStatic="false" isGetter="false" isSetter="true">
              <Summary numSequencePoints="0" visitedSequencePoints="0" numBranchPoints="0" visitedBranchPoints="0" sequenceCoverage="0.0" branchCoverage="0" maxCyclomaticComplexity="0" minCyclomaticComplexity="0" maxCrapScore="0" minCrapScore="0" visitedClasses="0" numClasses="0" visitedMethods="0" numMethods="0" />
              <MetadataToken>100663306</MetadataToken>
              <Name>System.Void UnityInput.CameraInput::set_bindingMask(System.Nullable[InputBinding])</Name>
              <FileRef uid="3" />
              <SequencePoints>
                <SequencePoint vc="0" uspid="3532" ordinal="0" offset="0" sl="170" sc="0" el="170" ec="0" bec="0" bev="0" fileid="3" />
              </SequencePoints>
              <BranchPoints />
            </Method>
            <Method visited="false" cyclomaticComplexity="0" nPathComplexity="0" sequenceCoverage="0.0" branchCoverage="0" crapScore="0" isConstructor="false" isStatic="false" isGetter="true" isSetter="false">
              <Summary numSequencePoints="0" visitedSequencePoints="0" numBranchPoints="0" visitedBranchPoints="0" sequenceCoverage="0.0" branchCoverage="0" maxCyclomaticComplexity="0" minCyclomaticComplexity="0" maxCrapScore="0" minCrapScore="0" visitedClasses="0" numClasses="0" visitedMethods="0" numMethods="0" />
              <MetadataToken>100663307</MetadataToken>
              <Name>System.Nullable[ReadOnlyArray`1] UnityInput.CameraInput::get_devices()</Name>
              <FileRef uid="3" />
              <SequencePoints>
                <SequencePoint vc="0" uspid="3533" ordinal="0" offset="0" sl="175" sc="0" el="175" ec="0" bec="0" bev="0" fileid="3" />
              </SequencePoints>
              <BranchPoints />
            </Method>
            <Method visited="false" cyclomaticComplexity="0" nPathComplexity="0" sequenceCoverage="0.0" branchCoverage="0" crapScore="0" isConstructor="false" isStatic="false" isGetter="false" isSetter="true">
              <Summary numSequencePoints="0" visitedSequencePoints="0" numBranchPoints="0" visitedBranchPoints="0" sequenceCoverage="0.0" branchCoverage="0" maxCyclomaticComplexity="0" minCyclomaticComplexity="0" maxCrapScore="0" minCrapScore="0" visitedClasses="0" numClasses="0" visitedMethods="0" numMethods="0" />
              <MetadataToken>100663308</MetadataToken>
              <Name>System.Void UnityInput.CameraInput::set_devices(System.Nullable[ReadOnlyArray`1])</Name>
              <FileRef uid="3" />
              <SequencePoints>
                <SequencePoint vc="0" uspid="3534" ordinal="0" offset="0" sl="176" sc="0" el="176" ec="0" bec="0" bev="0" fileid="3" />
              </SequencePoints>
              <BranchPoints />
            </Method>
            <Method visited="false" cyclomaticComplexity="0" nPathComplexity="0" sequenceCoverage="0.0" branchCoverage="0" crapScore="0" isConstructor="false" isStatic="false" isGetter="true" isSetter="false">
              <Summary numSequencePoints="0" visitedSequencePoints="0" numBranchPoints="0" visitedBranchPoints="0" sequenceCoverage="0.0" branchCoverage="0" maxCyclomaticComplexity="0" minCyclomaticComplexity="0" maxCrapScore="0" minCrapScore="0" visitedClasses="0" numClasses="0" visitedMethods="0" numMethods="0" />
              <MetadataToken>100663309</MetadataToken>
              <Name>UnityEngine.InputSystem.Utilities.ReadOnlyArray[InputControlScheme] UnityInput.CameraInput::get_controlSchemes()</Name>
              <FileRef uid="3" />
              <SequencePoints>
                <SequencePoint vc="0" uspid="3535" ordinal="0" offset="0" sl="179" sc="0" el="179" ec="0" bec="0" bev="0" fileid="3" />
              </SequencePoints>
              <BranchPoints />
            </Method>
            <Method visited="false" cyclomaticComplexity="0" nPathComplexity="0" sequenceCoverage="0.0" branchCoverage="0" crapScore="0" isConstructor="false" isStatic="false" isGetter="false" isSetter="false">
              <Summary numSequencePoints="0" visitedSequencePoints="0" numBranchPoints="0" visitedBranchPoints="0" sequenceCoverage="0.0" branchCoverage="0" maxCyclomaticComplexity="0" minCyclomaticComplexity="0" maxCrapScore="0" minCrapScore="0" visitedClasses="0" numClasses="0" visitedMethods="0" numMethods="0" />
              <MetadataToken>100663310</MetadataToken>
              <Name>System.Boolean UnityInput.CameraInput::Contains(UnityEngine.InputSystem.InputAction)</Name>
              <FileRef uid="3" />
              <SequencePoints>
                <SequencePoint vc="0" uspid="3536" ordinal="0" offset="0" sl="182" sc="0" el="182" ec="0" bec="0" bev="0" fileid="3" />
                <SequencePoint vc="0" uspid="3537" ordinal="0" offset="1" sl="183" sc="0" el="183" ec="0" bec="0" bev="0" fileid="3" />
                <SequencePoint vc="0" uspid="3538" ordinal="0" offset="16" sl="184" sc="0" el="184" ec="0" bec="0" bev="0" fileid="3" />
              </SequencePoints>
              <BranchPoints />
            </Method>
            <Method visited="false" cyclomaticComplexity="0" nPathComplexity="0" sequenceCoverage="0.0" branchCoverage="0" crapScore="0" isConstructor="false" isStatic="false" isGetter="false" isSetter="false">
              <Summary numSequencePoints="0" visitedSequencePoints="0" numBranchPoints="0" visitedBranchPoints="0" sequenceCoverage="0.0" branchCoverage="0" maxCyclomaticComplexity="0" minCyclomaticComplexity="0" maxCrapScore="0" minCrapScore="0" visitedClasses="0" numClasses="0" visitedMethods="0" numMethods="0" />
              <MetadataToken>100663311</MetadataToken>
              <Name>System.Collections.Generic.IEnumerator[InputAction] UnityInput.CameraInput::GetEnumerator()</Name>
              <FileRef uid="3" />
              <SequencePoints>
                <SequencePoint vc="0" uspid="3539" ordinal="0" offset="0" sl="187" sc="0" el="187" ec="0" bec="0" bev="0" fileid="3" />
                <SequencePoint vc="0" uspid="3540" ordinal="0" offset="1" sl="188" sc="0" el="188" ec="0" bec="0" bev="0" fileid="3" />
                <SequencePoint vc="0" uspid="3541" ordinal="0" offset="15" sl="189" sc="0" el="189" ec="0" bec="0" bev="0" fileid="3" />
              </SequencePoints>
              <BranchPoints />
            </Method>
            <Method visited="false" cyclomaticComplexity="0" nPathComplexity="0" sequenceCoverage="0.0" branchCoverage="0" crapScore="0" isConstructor="false" isStatic="false" isGetter="false" isSetter="false">
              <Summary numSequencePoints="0" visitedSequencePoints="0" numBranchPoints="0" visitedBranchPoints="0" sequenceCoverage="0.0" branchCoverage="0" maxCyclomaticComplexity="0" minCyclomaticComplexity="0" maxCrapScore="0" minCrapScore="0" visitedClasses="0" numClasses="0" visitedMethods="0" numMethods="0" />
              <MetadataToken>100663312</MetadataToken>
              <Name>System.Collections.IEnumerator UnityInput.CameraInput.System.Collections.IEnumerable::GetEnumerator()</Name>
              <FileRef uid="3" />
              <SequencePoints>
                <SequencePoint vc="0" uspid="3542" ordinal="0" offset="0" sl="192" sc="0" el="192" ec="0" bec="0" bev="0" fileid="3" />
                <SequencePoint vc="0" uspid="3543" ordinal="0" offset="1" sl="193" sc="0" el="193" ec="0" bec="0" bev="0" fileid="3" />
                <SequencePoint vc="0" uspid="3544" ordinal="0" offset="10" sl="194" sc="0" el="194" ec="0" bec="0" bev="0" fileid="3" />
              </SequencePoints>
              <BranchPoints />
            </Method>
            <Method visited="false" cyclomaticComplexity="0" nPathComplexity="0" sequenceCoverage="0.0" branchCoverage="0" crapScore="0" isConstructor="false" isStatic="false" isGetter="false" isSetter="false">
              <Summary numSequencePoints="0" visitedSequencePoints="0" numBranchPoints="0" visitedBranchPoints="0" sequenceCoverage="0.0" branchCoverage="0" maxCyclomaticComplexity="0" minCyclomaticComplexity="0" maxCrapScore="0" minCrapScore="0" visitedClasses="0" numClasses="0" visitedMethods="0" numMethods="0" />
              <MetadataToken>100663313</MetadataToken>
              <Name>System.Void UnityInput.CameraInput::Enable()</Name>
              <FileRef uid="3" />
              <SequencePoints>
                <SequencePoint vc="0" uspid="3545" ordinal="0" offset="0" sl="197" sc="0" el="197" ec="0" bec="0" bev="0" fileid="3" />
                <SequencePoint vc="0" uspid="3546" ordinal="0" offset="1" sl="198" sc="0" el="198" ec="0" bec="0" bev="0" fileid="3" />
                <SequencePoint vc="0" uspid="3547" ordinal="0" offset="13" sl="199" sc="0" el="199" ec="0" bec="0" bev="0" fileid="3" />
              </SequencePoints>
              <BranchPoints />
            </Method>
            <Method visited="false" cyclomaticComplexity="0" nPathComplexity="0" sequenceCoverage="0.0" branchCoverage="0" crapScore="0" isConstructor="false" isStatic="false" isGetter="false" isSetter="false">
              <Summary numSequencePoints="0" visitedSequencePoints="0" numBranchPoints="0" visitedBranchPoints="0" sequenceCoverage="0.0" branchCoverage="0" maxCyclomaticComplexity="0" minCyclomaticComplexity="0" maxCrapScore="0" minCrapScore="0" visitedClasses="0" numClasses="0" visitedMethods="0" numMethods="0" />
              <MetadataToken>100663314</MetadataToken>
              <Name>System.Void UnityInput.CameraInput::Disable()</Name>
              <FileRef uid="3" />
              <SequencePoints>
                <SequencePoint vc="0" uspid="3548" ordinal="0" offset="0" sl="202" sc="0" el="202" ec="0" bec="0" bev="0" fileid="3" />
                <SequencePoint vc="0" uspid="3549" ordinal="0" offset="1" sl="203" sc="0" el="203" ec="0" bec="0" bev="0" fileid="3" />
                <SequencePoint vc="0" uspid="3550" ordinal="0" offset="13" sl="204" sc="0" el="204" ec="0" bec="0" bev="0" fileid="3" />
              </SequencePoints>
              <BranchPoints />
            </Method>
            <Method visited="false" cyclomaticComplexity="0" nPathComplexity="0" sequenceCoverage="0.0" branchCoverage="0" crapScore="0" isConstructor="false" isStatic="false" isGetter="true" isSetter="false">
              <Summary numSequencePoints="0" visitedSequencePoints="0" numBranchPoints="0" visitedBranchPoints="0" sequenceCoverage="0.0" branchCoverage="0" maxCyclomaticComplexity="0" minCyclomaticComplexity="0" maxCrapScore="0" minCrapScore="0" visitedClasses="0" numClasses="0" visitedMethods="0" numMethods="0" />
              <MetadataToken>100663315</MetadataToken>
              <Name>UnityInput.CameraInput/CameraActions UnityInput.CameraInput::get_Camera()</Name>
              <FileRef uid="3" />
              <SequencePoints>
                <SequencePoint vc="0" uspid="3551" ordinal="0" offset="0" sl="245" sc="0" el="245" ec="0" bec="0" bev="0" fileid="3" />
              </SequencePoints>
              <BranchPoints />
            </Method>
            <Method visited="false" cyclomaticComplexity="0" nPathComplexity="0" sequenceCoverage="0.0" branchCoverage="0" crapScore="0" isConstructor="true" isStatic="false" isGetter="false" isSetter="false">
              <Summary numSequencePoints="0" visitedSequencePoints="0" numBranchPoints="0" visitedBranchPoints="0" sequenceCoverage="0.0" branchCoverage="0" maxCyclomaticComplexity="0" minCyclomaticComplexity="0" maxCrapScore="0" minCrapScore="0" visitedClasses="0" numClasses="0" visitedMethods="0" numMethods="0" />
              <MetadataToken>100663303</MetadataToken>
              <Name>UnityInput.CameraInput::CameraInput()</Name>
              <FileRef uid="3" />
              <SequencePoints>
                <SequencePoint vc="0" uspid="3552" ordinal="0" offset="0" sl="14" sc="0" el="14" ec="0" bec="0" bev="0" fileid="3" />
                <SequencePoint vc="0" uspid="3553" ordinal="0" offset="7" sl="15" sc="0" el="15" ec="0" bec="0" bev="0" fileid="3" />
                <SequencePoint vc="0" uspid="3554" ordinal="0" offset="8" sl="16" sc="0" el="16" ec="0" bec="0" bev="0" fileid="3" />
                <SequencePoint vc="0" uspid="3555" ordinal="0" offset="24" sl="157" sc="0" el="157" ec="0" bec="0" bev="0" fileid="3" />
                <SequencePoint vc="0" uspid="3556" ordinal="0" offset="47" sl="158" sc="0" el="158" ec="0" bec="0" bev="0" fileid="3" />
                <SequencePoint vc="0" uspid="3557" ordinal="0" offset="70" sl="159" sc="0" el="159" ec="0" bec="0" bev="0" fileid="3" />
                <SequencePoint vc="0" uspid="3558" ordinal="0" offset="93" sl="160" sc="0" el="160" ec="0" bec="0" bev="0" fileid="3" />
              </SequencePoints>
              <BranchPoints />
            </Method>
          </Methods>
        </Class>
        <Class>
          <Summary numSequencePoints="0" visitedSequencePoints="0" numBranchPoints="0" visitedBranchPoints="0" sequenceCoverage="0" branchCoverage="0" maxCyclomaticComplexity="0" minCyclomaticComplexity="0" maxCrapScore="0" minCrapScore="0" visitedClasses="0" numClasses="0" visitedMethods="0" numMethods="0" />
          <FullName>UnityInput.CameraInput/CameraActions</FullName>
          <Methods>
            <Method visited="false" cyclomaticComplexity="0" nPathComplexity="0" sequenceCoverage="0.0" branchCoverage="0" crapScore="0" isConstructor="false" isStatic="false" isGetter="true" isSetter="false">
              <Summary numSequencePoints="0" visitedSequencePoints="0" numBranchPoints="0" visitedBranchPoints="0" sequenceCoverage="0.0" branchCoverage="0" maxCyclomaticComplexity="0" minCyclomaticComplexity="0" maxCrapScore="0" minCrapScore="0" visitedClasses="0" numClasses="0" visitedMethods="0" numMethods="0" />
              <MetadataToken>100663317</MetadataToken>
              <Name>UnityEngine.InputSystem.InputAction UnityInput.CameraInput/CameraActions::get_Move()</Name>
              <FileRef uid="3" />
              <SequencePoints>
                <SequencePoint vc="0" uspid="3559" ordinal="0" offset="0" sl="215" sc="0" el="215" ec="0" bec="0" bev="0" fileid="3" />
              </SequencePoints>
              <BranchPoints />
            </Method>
            <Method visited="false" cyclomaticComplexity="0" nPathComplexity="0" sequenceCoverage="0.0" branchCoverage="0" crapScore="0" isConstructor="false" isStatic="false" isGetter="true" isSetter="false">
              <Summary numSequencePoints="0" visitedSequencePoints="0" numBranchPoints="0" visitedBranchPoints="0" sequenceCoverage="0.0" branchCoverage="0" maxCyclomaticComplexity="0" minCyclomaticComplexity="0" maxCrapScore="0" minCrapScore="0" visitedClasses="0" numClasses="0" visitedMethods="0" numMethods="0" />
              <MetadataToken>100663318</MetadataToken>
              <Name>UnityEngine.InputSystem.InputAction UnityInput.CameraInput/CameraActions::get_Zoom()</Name>
              <FileRef uid="3" />
              <SequencePoints>
                <SequencePoint vc="0" uspid="3560" ordinal="0" offset="0" sl="216" sc="0" el="216" ec="0" bec="0" bev="0" fileid="3" />
              </SequencePoints>
              <BranchPoints />
            </Method>
            <Method visited="false" cyclomaticComplexity="0" nPathComplexity="0" sequenceCoverage="0.0" branchCoverage="0" crapScore="0" isConstructor="false" isStatic="false" isGetter="false" isSetter="false">
              <Summary numSequencePoints="0" visitedSequencePoints="0" numBranchPoints="0" visitedBranchPoints="0" sequenceCoverage="0.0" branchCoverage="0" maxCyclomaticComplexity="0" minCyclomaticComplexity="0" maxCrapScore="0" minCrapScore="0" visitedClasses="0" numClasses="0" visitedMethods="0" numMethods="0" />
              <MetadataToken>100663319</MetadataToken>
              <Name>UnityEngine.InputSystem.InputActionMap UnityInput.CameraInput/CameraActions::Get()</Name>
              <FileRef uid="3" />
              <SequencePoints>
                <SequencePoint vc="0" uspid="3561" ordinal="0" offset="0" sl="217" sc="0" el="217" ec="0" bec="0" bev="0" fileid="3" />
                <SequencePoint vc="0" uspid="3562" ordinal="0" offset="1" sl="217" sc="0" el="217" ec="0" bec="0" bev="0" fileid="3" />
                <SequencePoint vc="0" uspid="3563" ordinal="0" offset="15" sl="217" sc="0" el="217" ec="0" bec="0" bev="0" fileid="3" />
              </SequencePoints>
              <BranchPoints />
            </Method>
            <Method visited="false" cyclomaticComplexity="0" nPathComplexity="0" sequenceCoverage="0.0" branchCoverage="0" crapScore="0" isConstructor="false" isStatic="false" isGetter="false" isSetter="false">
              <Summary numSequencePoints="0" visitedSequencePoints="0" numBranchPoints="0" visitedBranchPoints="0" sequenceCoverage="0.0" branchCoverage="0" maxCyclomaticComplexity="0" minCyclomaticComplexity="0" maxCrapScore="0" minCrapScore="0" visitedClasses="0" numClasses="0" visitedMethods="0" numMethods="0" />
              <MetadataToken>100663320</MetadataToken>
              <Name>System.Void UnityInput.CameraInput/CameraActions::Enable()</Name>
              <FileRef uid="3" />
              <SequencePoints>
                <SequencePoint vc="0" uspid="3564" ordinal="0" offset="0" sl="218" sc="0" el="218" ec="0" bec="0" bev="0" fileid="3" />
                <SequencePoint vc="0" uspid="3565" ordinal="0" offset="1" sl="218" sc="0" el="218" ec="0" bec="0" bev="0" fileid="3" />
                <SequencePoint vc="0" uspid="3566" ordinal="0" offset="13" sl="218" sc="0" el="218" ec="0" bec="0" bev="0" fileid="3" />
              </SequencePoints>
              <BranchPoints />
            </Method>
            <Method visited="false" cyclomaticComplexity="0" nPathComplexity="0" sequenceCoverage="0.0" branchCoverage="0" crapScore="0" isConstructor="false" isStatic="false" isGetter="false" isSetter="false">
              <Summary numSequencePoints="0" visitedSequencePoints="0" numBranchPoints="0" visitedBranchPoints="0" sequenceCoverage="0.0" branchCoverage="0" maxCyclomaticComplexity="0" minCyclomaticComplexity="0" maxCrapScore="0" minCrapScore="0" visitedClasses="0" numClasses="0" visitedMethods="0" numMethods="0" />
              <MetadataToken>100663321</MetadataToken>
              <Name>System.Void UnityInput.CameraInput/CameraActions::Disable()</Name>
              <FileRef uid="3" />
              <SequencePoints>
                <SequencePoint vc="0" uspid="3567" ordinal="0" offset="0" sl="219" sc="0" el="219" ec="0" bec="0" bev="0" fileid="3" />
                <SequencePoint vc="0" uspid="3568" ordinal="0" offset="1" sl="219" sc="0" el="219" ec="0" bec="0" bev="0" fileid="3" />
                <SequencePoint vc="0" uspid="3569" ordinal="0" offset="13" sl="219" sc="0" el="219" ec="0" bec="0" bev="0" fileid="3" />
              </SequencePoints>
              <BranchPoints />
            </Method>
            <Method visited="false" cyclomaticComplexity="0" nPathComplexity="0" sequenceCoverage="0.0" branchCoverage="0" crapScore="0" isConstructor="false" isStatic="false" isGetter="true" isSetter="false">
              <Summary numSequencePoints="0" visitedSequencePoints="0" numBranchPoints="0" visitedBranchPoints="0" sequenceCoverage="0.0" branchCoverage="0" maxCyclomaticComplexity="0" minCyclomaticComplexity="0" maxCrapScore="0" minCrapScore="0" visitedClasses="0" numClasses="0" visitedMethods="0" numMethods="0" />
              <MetadataToken>100663322</MetadataToken>
              <Name>System.Boolean UnityInput.CameraInput/CameraActions::get_enabled()</Name>
              <FileRef uid="3" />
              <SequencePoints>
                <SequencePoint vc="0" uspid="3570" ordinal="0" offset="0" sl="220" sc="0" el="220" ec="0" bec="0" bev="0" fileid="3" />
              </SequencePoints>
              <BranchPoints />
            </Method>
            <Method visited="false" cyclomaticComplexity="0" nPathComplexity="0" sequenceCoverage="0.0" branchCoverage="0" crapScore="0" isConstructor="false" isStatic="true" isGetter="false" isSetter="false">
              <Summary numSequencePoints="0" visitedSequencePoints="0" numBranchPoints="0" visitedBranchPoints="0" sequenceCoverage="0.0" branchCoverage="0" maxCyclomaticComplexity="0" minCyclomaticComplexity="0" maxCrapScore="0" minCrapScore="0" visitedClasses="0" numClasses="0" visitedMethods="0" numMethods="0" />
              <MetadataToken>100663323</MetadataToken>
              <Name>static UnityEngine.InputSystem.InputActionMap UnityInput.CameraInput/CameraActions.implicit operator UnityEngine.InputSystem::InputActionMap(UnityInput.CameraInput/CameraActions)</Name>
              <FileRef uid="3" />
              <SequencePoints>
                <SequencePoint vc="0" uspid="3571" ordinal="0" offset="0" sl="221" sc="0" el="221" ec="0" bec="0" bev="0" fileid="3" />
                <SequencePoint vc="0" uspid="3572" ordinal="0" offset="1" sl="221" sc="0" el="221" ec="0" bec="0" bev="0" fileid="3" />
                <SequencePoint vc="0" uspid="3573" ordinal="0" offset="11" sl="221" sc="0" el="221" ec="0" bec="0" bev="0" fileid="3" />
              </SequencePoints>
              <BranchPoints />
            </Method>
            <Method visited="false" cyclomaticComplexity="0" nPathComplexity="0" sequenceCoverage="0.0" branchCoverage="0" crapScore="0" isConstructor="false" isStatic="false" isGetter="false" isSetter="false">
              <Summary numSequencePoints="0" visitedSequencePoints="0" numBranchPoints="0" visitedBranchPoints="0" sequenceCoverage="0.0" branchCoverage="0" maxCyclomaticComplexity="0" minCyclomaticComplexity="0" maxCrapScore="0" minCrapScore="0" visitedClasses="0" numClasses="0" visitedMethods="0" numMethods="0" />
              <MetadataToken>100663324</MetadataToken>
              <Name>System.Void UnityInput.CameraInput/CameraActions::SetCallbacks(UnityInput.CameraInput/ICameraActions)</Name>
              <FileRef uid="3" />
              <SequencePoints>
                <SequencePoint vc="0" uspid="3574" ordinal="0" offset="0" sl="223" sc="0" el="223" ec="0" bec="0" bev="0" fileid="3" />
                <SequencePoint vc="0" uspid="3575" ordinal="0" offset="1" sl="224" sc="0" el="224" ec="0" bec="0" bev="0" fileid="3" />
                <SequencePoint vc="0" uspid="3576" ordinal="0" offset="22" sl="225" sc="0" el="225" ec="0" bec="0" bev="0" fileid="3" />
                <SequencePoint vc="0" uspid="3577" ordinal="0" offset="23" sl="226" sc="0" el="226" ec="0" bec="0" bev="0" fileid="3" />
                <SequencePoint vc="0" uspid="3578" ordinal="0" offset="58" sl="227" sc="0" el="227" ec="0" bec="0" bev="0" fileid="3" />
                <SequencePoint vc="0" uspid="3579" ordinal="0" offset="93" sl="228" sc="0" el="228" ec="0" bec="0" bev="0" fileid="3" />
                <SequencePoint vc="0" uspid="3580" ordinal="0" offset="128" sl="229" sc="0" el="229" ec="0" bec="0" bev="0" fileid="3" />
                <SequencePoint vc="0" uspid="3581" ordinal="0" offset="163" sl="230" sc="0" el="230" ec="0" bec="0" bev="0" fileid="3" />
                <SequencePoint vc="0" uspid="3582" ordinal="0" offset="198" sl="231" sc="0" el="231" ec="0" bec="0" bev="0" fileid="3" />
                <SequencePoint vc="0" uspid="3583" ordinal="0" offset="233" sl="232" sc="0" el="232" ec="0" bec="0" bev="0" fileid="3" />
                <SequencePoint vc="0" uspid="3584" ordinal="0" offset="234" sl="233" sc="0" el="233" ec="0" bec="0" bev="0" fileid="3" />
                <SequencePoint vc="0" uspid="3585" ordinal="0" offset="246" sl="234" sc="0" el="234" ec="0" bec="0" bev="0" fileid="3" />
                <SequencePoint vc="0" uspid="3586" ordinal="0" offset="257" sl="235" sc="0" el="235" ec="0" bec="0" bev="0" fileid="3" />
                <SequencePoint vc="0" uspid="3587" ordinal="0" offset="258" sl="236" sc="0" el="236" ec="0" bec="0" bev="0" fileid="3" />
                <SequencePoint vc="0" uspid="3588" ordinal="0" offset="283" sl="237" sc="0" el="237" ec="0" bec="0" bev="0" fileid="3" />
                <SequencePoint vc="0" uspid="3589" ordinal="0" offset="308" sl="238" sc="0" el="238" ec="0" bec="0" bev="0" fileid="3" />
                <SequencePoint vc="0" uspid="3590" ordinal="0" offset="333" sl="239" sc="0" el="239" ec="0" bec="0" bev="0" fileid="3" />
                <SequencePoint vc="0" uspid="3591" ordinal="0" offset="358" sl="240" sc="0" el="240" ec="0" bec="0" bev="0" fileid="3" />
                <SequencePoint vc="0" uspid="3592" ordinal="0" offset="383" sl="241" sc="0" el="241" ec="0" bec="0" bev="0" fileid="3" />
                <SequencePoint vc="0" uspid="3593" ordinal="0" offset="408" sl="242" sc="0" el="242" ec="0" bec="0" bev="0" fileid="3" />
                <SequencePoint vc="0" uspid="3594" ordinal="0" offset="409" sl="243" sc="0" el="243" ec="0" bec="0" bev="0" fileid="3" />
              </SequencePoints>
              <BranchPoints />
            </Method>
            <Method visited="false" cyclomaticComplexity="0" nPathComplexity="0" sequenceCoverage="0.0" branchCoverage="0" crapScore="0" isConstructor="true" isStatic="false" isGetter="false" isSetter="false">
              <Summary numSequencePoints="0" visitedSequencePoints="0" numBranchPoints="0" visitedBranchPoints="0" sequenceCoverage="0.0" branchCoverage="0" maxCyclomaticComplexity="0" minCyclomaticComplexity="0" maxCrapScore="0" minCrapScore="0" visitedClasses="0" numClasses="0" visitedMethods="0" numMethods="0" />
              <MetadataToken>100663316</MetadataToken>
              <Name>UnityInput.CameraInput/CameraActions::CameraActions(UnityInput.CameraInput)</Name>
              <FileRef uid="3" />
              <SequencePoints>
                <SequencePoint vc="0" uspid="3595" ordinal="0" offset="0" sl="214" sc="0" el="214" ec="0" bec="0" bev="0" fileid="3" />
                <SequencePoint vc="0" uspid="3596" ordinal="0" offset="1" sl="214" sc="0" el="214" ec="0" bec="0" bev="0" fileid="3" />
                <SequencePoint vc="0" uspid="3597" ordinal="0" offset="8" sl="214" sc="0" el="214" ec="0" bec="0" bev="0" fileid="3" />
              </SequencePoints>
              <BranchPoints />
            </Method>
          </Methods>
        </Class>
      </Classes>
    </Module>
    <Module>
      <Summary numSequencePoints="0" visitedSequencePoints="0" numBranchPoints="0" visitedBranchPoints="0" sequenceCoverage="0" branchCoverage="0" maxCyclomaticComplexity="0" minCyclomaticComplexity="0" maxCrapScore="0" minCrapScore="0" visitedClasses="0" numClasses="0" visitedMethods="0" numMethods="0" />
      <ModuleTime>0001-01-01T00:00:00</ModuleTime>
      <ModuleName>Scripts</ModuleName>
      <Files>
        <File uid="4" fullPath="C:\Users\KVD\Documents\Projects\ECS_Units\Assets\Scripts\Working\Systems\MiningWorkSystem.cs" />
        <File uid="5" fullPath="C:\Users\KVD\Documents\Projects\ECS_Units\Assets\Scripts\Working\Systems\WorkProgressionSystem.cs" />
        <File uid="6" fullPath="C:\Users\KVD\Documents\Projects\ECS_Units\Assets\Scripts\Working\Components\MiningWork.cs" />
        <File uid="7" fullPath="C:\Users\KVD\Documents\Projects\ECS_Units\Assets\Scripts\Visuals\Systems\MeshCreatorSystem.cs" />
        <File uid="8" fullPath="C:\Users\KVD\Documents\Projects\ECS_Units\Assets\Scripts\Units\Systems\MoveUnitSystem.cs" />
        <File uid="9" fullPath="C:\Users\KVD\Documents\Projects\ECS_Units\Assets\Scripts\Units\Systems\UnitTagsSystem.cs" />
        <File uid="10" fullPath="C:\Users\KVD\Documents\Projects\ECS_Units\Assets\Scripts\Units\Systems\UnitTargetSettingSystem.cs" />
        <File uid="11" fullPath="C:\Users\KVD\Documents\Projects\ECS_Units\Assets\Scripts\Units\Systems\UnitsSpawnerSystem.cs" />
        <File uid="12" fullPath="C:\Users\KVD\Documents\Projects\ECS_Units\Assets\Scripts\Units\Authoring\UnitsSpawnerAuthoring.cs" />
        <File uid="13" fullPath="C:\Users\KVD\Documents\Projects\ECS_Units\Assets\Scripts\Resources\Systems\ResourceOreRendererSystem.cs" />
        <File uid="14" fullPath="C:\Users\KVD\Documents\Projects\ECS_Units\Assets\Scripts\Resources\Systems\StockRendererSystem.cs" />
        <File uid="15" fullPath="C:\Users\KVD\Documents\Projects\ECS_Units\Assets\Scripts\Resources\Systems\StockUpdateSystem.cs" />
        <File uid="16" fullPath="C:\Users\KVD\Documents\Projects\ECS_Units\Assets\Scripts\Resources\Components\ResourceOre.cs" />
        <File uid="17" fullPath="C:\Users\KVD\Documents\Projects\ECS_Units\Assets\Scripts\Resources\Components\ResourceTypeBlob.cs" />
        <File uid="18" fullPath="C:\Users\KVD\Documents\Projects\ECS_Units\Assets\Scripts\Resources\Components\Stock.cs" />
        <File uid="19" fullPath="C:\Users\KVD\Documents\Projects\ECS_Units\Assets\Scripts\Resources\Authoring\ResourceTypeSO.cs" />
        <File uid="20" fullPath="C:\Users\KVD\Documents\Projects\ECS_Units\Assets\Scripts\Pathfinding\Systems\AStar.cs" />
        <File uid="21" fullPath="C:\Users\KVD\Documents\Projects\ECS_Units\Assets\Scripts\Pathfinding\Systems\AStarVisual.cs" />
        <File uid="22" fullPath="C:\Users\KVD\Documents\Projects\ECS_Units\Assets\Scripts\Pathfinding\Systems\MovementCostTrackerSystem.cs" />
        <File uid="23" fullPath="C:\Users\KVD\Documents\Projects\ECS_Units\Assets\Scripts\Pathfinding\Systems\WaypointCleanupSystem.cs" />
        <File uid="24" fullPath="C:\Users\KVD\Documents\Projects\ECS_Units\Assets\Scripts\Pathfinding\Helpers\NativeMinHeap.cs" />
        <File uid="25" fullPath="C:\Users\KVD\Documents\Projects\ECS_Units\Assets\Scripts\Pathfinding\Helpers\Neighbour.cs" />
        <File uid="26" fullPath="C:\Users\KVD\Documents\Projects\ECS_Units\Assets\Scripts\Pathfinding\Components\MovementCost.cs" />
        <File uid="27" fullPath="C:\Users\KVD\Documents\Projects\ECS_Units\Assets\Scripts\Pathfinding\Components\PathRequest.cs" />
        <File uid="28" fullPath="C:\Users\KVD\Documents\Projects\ECS_Units\Assets\Scripts\Maps\Systems\GroundRenderSystem.cs" />
        <File uid="29" fullPath="C:\Users\KVD\Documents\Projects\ECS_Units\Assets\Scripts\Maps\Systems\MapSpawner.cs" />
        <File uid="30" fullPath="C:\Users\KVD\Documents\Projects\ECS_Units\Assets\Scripts\Maps\Components\GroundType.cs" />
        <File uid="31" fullPath="C:\Users\KVD\Documents\Projects\ECS_Units\Assets\Scripts\Maps\Components\GroundTypeBlob.cs" />
        <File uid="32" fullPath="C:\Users\KVD\Documents\Projects\ECS_Units\Assets\Scripts\Maps\Components\MapIndex.cs" />
        <File uid="33" fullPath="C:\Users\KVD\Documents\Projects\ECS_Units\Assets\Scripts\Maps\Authoring\TileSpawner.cs" />
        <File uid="34" fullPath="C:\Users\KVD\Documents\Projects\ECS_Units\Assets\Scripts\Maps\Authoring\TileTypeSO.cs" />
        <File uid="35" fullPath="C:\Users\KVD\Documents\Projects\ECS_Units\Assets\Scripts\Input\Systems\MouseAStarSystem.cs" />
        <File uid="36" fullPath="C:\Users\KVD\Documents\Projects\ECS_Units\Assets\Scripts\Input\Systems\MouseInputFeeder.cs" />
        <File uid="37" fullPath="C:\Users\KVD\Documents\Projects\ECS_Units\Assets\Scripts\Input\Systems\MouseMiningSystem.cs" />
        <File uid="38" fullPath="C:\Users\KVD\Documents\Projects\ECS_Units\Assets\Scripts\Input\Systems\MouseOverTileSystem.cs" />
        <File uid="39" fullPath="C:\Users\KVD\Documents\Projects\ECS_Units\Assets\Scripts\Input\Components\CameraData.cs" />
        <File uid="40" fullPath="C:\Users\KVD\Documents\Projects\ECS_Units\Assets\Scripts\Input\Components\MouseButtons.cs" />
        <File uid="41" fullPath="C:\Users\KVD\Documents\Projects\ECS_Units\Assets\Scripts\Input\Authoring\CameraDataAuthoring.cs" />
        <File uid="42" fullPath="C:\Users\KVD\Documents\Projects\ECS_Units\Assets\Scripts\Input\Authoring\CameraMovement.cs" />
        <File uid="43" fullPath="C:\Users\KVD\Documents\Projects\ECS_Units\Assets\Scripts\Input\Authoring\MouseModeVC.cs" />
        <File uid="44" fullPath="C:\Users\KVD\Documents\Projects\ECS_Units\Assets\Scripts\Input\Authoring\ScreenEdgeInput.cs" />
        <File uid="45" fullPath="C:\Users\KVD\Documents\Projects\ECS_Units\Assets\Scripts\Input\Authoring\TileInfoVC.cs" />
        <File uid="46" fullPath="C:\Users\KVD\Documents\Projects\ECS_Units\Assets\Scripts\Buildings\Components\BuildingBlueprint.cs" />
        <File uid="47" fullPath="C:\Users\KVD\Documents\Projects\ECS_Units\Assets\Scripts\Buildings\Components\BuildingBlueprintBlob.cs" />
        <File uid="48" fullPath="C:\Users\KVD\Documents\Projects\ECS_Units\Assets\Scripts\Buildings\Authoring\BuildingBlueprintSO.cs" />
        <File uid="49" fullPath="C:\Users\KVD\Documents\Projects\ECS_Units\Assets\Scripts\Blobs\BlobsMemory.cs" />
        <File uid="50" fullPath="C:\Users\KVD\Documents\Projects\ECS_Units\Assets\Scripts\Blobs\BlobsMemoryAuthoring.cs" />
      </Files>
      <Classes>
        <Class>
          <Summary numSequencePoints="0" visitedSequencePoints="0" numBranchPoints="0" visitedBranchPoints="0" sequenceCoverage="0" branchCoverage="0" maxCyclomaticComplexity="0" minCyclomaticComplexity="0" maxCrapScore="0" minCrapScore="0" visitedClasses="0" numClasses="0" visitedMethods="0" numMethods="0" />
          <FullName>Working.Systems.MiningWorkSystem</FullName>
          <Methods>
            <Method visited="true" cyclomaticComplexity="0" nPathComplexity="0" sequenceCoverage="100.0" branchCoverage="0" crapScore="0" isConstructor="false" isStatic="false" isGetter="false" isSetter="false">
              <Summary numSequencePoints="0" visitedSequencePoints="0" numBranchPoints="0" visitedBranchPoints="0" sequenceCoverage="100.0" branchCoverage="0" maxCyclomaticComplexity="0" minCyclomaticComplexity="0" maxCrapScore="0" minCrapScore="0" visitedClasses="0" numClasses="0" visitedMethods="0" numMethods="0" />
              <MetadataToken>100663299</MetadataToken>
              <Name>System.Void Working.Systems.MiningWorkSystem::OnCreate()</Name>
              <FileRef uid="4" />
              <SequencePoints>
                <SequencePoint vc="4" uspid="3598" ordinal="0" offset="0" sl="29" sc="3" el="29" ec="3" bec="0" bev="0" fileid="4" />
                <SequencePoint vc="4" uspid="3599" ordinal="0" offset="1" sl="30" sc="4" el="30" ec="4" bec="0" bev="0" fileid="4" />
                <SequencePoint vc="4" uspid="3600" ordinal="0" offset="8" sl="31" sc="4" el="31" ec="4" bec="0" bev="0" fileid="4" />
                <SequencePoint vc="4" uspid="3601" ordinal="0" offset="25" sl="32" sc="4" el="32" ec="4" bec="0" bev="0" fileid="4" />
                <SequencePoint vc="4" uspid="3602" ordinal="0" offset="37" sl="33" sc="4" el="33" ec="4" bec="0" bev="0" fileid="4" />
                <SequencePoint vc="4" uspid="3603" ordinal="0" offset="104" sl="34" sc="4" el="34" ec="4" bec="0" bev="0" fileid="4" />
                <SequencePoint vc="4" uspid="3604" ordinal="0" offset="149" sl="35" sc="3" el="35" ec="3" bec="0" bev="0" fileid="4" />
              </SequencePoints>
              <BranchPoints />
            </Method>
            <Method visited="true" cyclomaticComplexity="0" nPathComplexity="0" sequenceCoverage="92.3" branchCoverage="0" crapScore="0" isConstructor="false" isStatic="false" isGetter="false" isSetter="false">
              <Summary numSequencePoints="0" visitedSequencePoints="0" numBranchPoints="0" visitedBranchPoints="0" sequenceCoverage="92.3" branchCoverage="0" maxCyclomaticComplexity="0" minCyclomaticComplexity="0" maxCrapScore="0" minCrapScore="0" visitedClasses="0" numClasses="0" visitedMethods="0" numMethods="0" />
              <MetadataToken>100663300</MetadataToken>
              <Name>Unity.Jobs.JobHandle Working.Systems.MiningWorkSystem::OnUpdate(Unity.Jobs.JobHandle)</Name>
              <FileRef uid="4" />
              <SequencePoints>
                <SequencePoint vc="5" uspid="3605" ordinal="0" offset="24" sl="40" sc="3" el="40" ec="3" bec="0" bev="0" fileid="4" />
                <SequencePoint vc="5" uspid="3606" ordinal="0" offset="25" sl="41" sc="4" el="41" ec="4" bec="0" bev="0" fileid="4" />
                <SequencePoint vc="5" uspid="3607" ordinal="0" offset="38" sl="43" sc="4" el="43" ec="4" bec="0" bev="0" fileid="4" />
                <SequencePoint vc="0" uspid="3608" ordinal="0" offset="72" sl="44" sc="4" el="44" ec="4" bec="0" bev="0" fileid="4" />
                <SequencePoint vc="0" uspid="3609" ordinal="0" offset="73" sl="45" sc="5" el="45" ec="5" bec="0" bev="0" fileid="4" />
                <SequencePoint vc="5" uspid="3610" ordinal="0" offset="86" sl="48" sc="4" el="48" ec="4" bec="0" bev="0" fileid="4" />
                <SequencePoint vc="5" uspid="3611" ordinal="0" offset="122" sl="49" sc="4" el="49" ec="4" bec="0" bev="0" fileid="4" />
                <SequencePoint vc="5" uspid="3612" ordinal="0" offset="158" sl="51" sc="4" el="51" ec="4" bec="0" bev="0" fileid="4" />
                <SequencePoint vc="5" uspid="3613" ordinal="0" offset="176" sl="52" sc="4" el="52" ec="4" bec="0" bev="0" fileid="4" />
                <SequencePoint vc="5" uspid="3614" ordinal="0" offset="194" sl="53" sc="4" el="53" ec="4" bec="0" bev="0" fileid="4" />
                <SequencePoint vc="5" uspid="3615" ordinal="0" offset="217" sl="55" sc="4" el="55" ec="4" bec="0" bev="0" fileid="4" />
                <SequencePoint vc="5" uspid="3616" ordinal="0" offset="298" sl="96" sc="4" el="96" ec="4" bec="0" bev="0" fileid="4" />
                <SequencePoint vc="4" uspid="3617" ordinal="0" offset="356" sl="97" sc="4" el="97" ec="4" bec="0" bev="0" fileid="4" />
                <SequencePoint vc="4" uspid="3618" ordinal="0" offset="357" sl="98" sc="5" el="98" ec="5" bec="0" bev="0" fileid="4" />
                <SequencePoint vc="4" uspid="3619" ordinal="0" offset="395" sl="99" sc="5" el="99" ec="5" bec="0" bev="0" fileid="4" />
                <SequencePoint vc="4" uspid="3620" ordinal="0" offset="413" sl="101" sc="5" el="101" ec="5" bec="0" bev="0" fileid="4" />
                <SequencePoint vc="4" uspid="3621" ordinal="0" offset="490" sl="112" sc="4" el="112" ec="4" bec="0" bev="0" fileid="4" />
                <SequencePoint vc="5" uspid="3622" ordinal="0" offset="491" sl="114" sc="4" el="114" ec="4" bec="0" bev="0" fileid="4" />
                <SequencePoint vc="5" uspid="3623" ordinal="0" offset="514" sl="115" sc="4" el="115" ec="4" bec="0" bev="0" fileid="4" />
                <SequencePoint vc="5" uspid="3624" ordinal="0" offset="537" sl="116" sc="4" el="116" ec="4" bec="0" bev="0" fileid="4" />
                <SequencePoint vc="5" uspid="3625" ordinal="0" offset="555" sl="118" sc="4" el="118" ec="4" bec="0" bev="0" fileid="4" />
                <SequencePoint vc="5" uspid="3626" ordinal="0" offset="573" sl="121" sc="4" el="121" ec="4" bec="0" bev="0" fileid="4" />
                <SequencePoint vc="5" uspid="3627" ordinal="0" offset="656" sl="195" sc="4" el="195" ec="4" bec="0" bev="0" fileid="4" />
                <SequencePoint vc="5" uspid="3628" ordinal="0" offset="675" sl="196" sc="4" el="196" ec="4" bec="0" bev="0" fileid="4" />
                <SequencePoint vc="5" uspid="3629" ordinal="0" offset="694" sl="198" sc="4" el="198" ec="4" bec="0" bev="0" fileid="4" />
                <SequencePoint vc="5" uspid="3630" ordinal="0" offset="707" sl="199" sc="3" el="199" ec="3" bec="0" bev="0" fileid="4" />
              </SequencePoints>
              <BranchPoints />
            </Method>
            <Method visited="true" cyclomaticComplexity="0" nPathComplexity="0" sequenceCoverage="100.0" branchCoverage="0" crapScore="0" isConstructor="false" isStatic="false" isGetter="false" isSetter="false">
              <Summary numSequencePoints="0" visitedSequencePoints="0" numBranchPoints="0" visitedBranchPoints="0" sequenceCoverage="100.0" branchCoverage="0" maxCyclomaticComplexity="0" minCyclomaticComplexity="0" maxCrapScore="0" minCrapScore="0" visitedClasses="0" numClasses="0" visitedMethods="0" numMethods="0" />
              <MetadataToken>100663301</MetadataToken>
              <Name>System.Void Working.Systems.MiningWorkSystem::OnDestroy()</Name>
              <FileRef uid="4" />
              <SequencePoints>
                <SequencePoint vc="4" uspid="3631" ordinal="0" offset="0" sl="202" sc="3" el="202" ec="3" bec="0" bev="0" fileid="4" />
                <SequencePoint vc="4" uspid="3632" ordinal="0" offset="1" sl="203" sc="4" el="203" ec="4" bec="0" bev="0" fileid="4" />
                <SequencePoint vc="4" uspid="3633" ordinal="0" offset="13" sl="204" sc="4" el="204" ec="4" bec="0" bev="0" fileid="4" />
                <SequencePoint vc="4" uspid="3634" ordinal="0" offset="28" sl="205" sc="4" el="205" ec="4" bec="0" bev="0" fileid="4" />
                <SequencePoint vc="4" uspid="3635" ordinal="0" offset="29" sl="206" sc="5" el="206" ec="5" bec="0" bev="0" fileid="4" />
                <SequencePoint vc="4" uspid="3636" ordinal="0" offset="41" sl="207" sc="4" el="207" ec="4" bec="0" bev="0" fileid="4" />
                <SequencePoint vc="4" uspid="3637" ordinal="0" offset="42" sl="208" sc="3" el="208" ec="3" bec="0" bev="0" fileid="4" />
              </SequencePoints>
              <BranchPoints />
            </Method>
          </Methods>
        </Class>
        <Class>
          <Summary numSequencePoints="0" visitedSequencePoints="0" numBranchPoints="0" visitedBranchPoints="0" sequenceCoverage="0" branchCoverage="0" maxCyclomaticComplexity="0" minCyclomaticComplexity="0" maxCrapScore="0" minCrapScore="0" visitedClasses="0" numClasses="0" visitedMethods="0" numMethods="0" />
          <FullName>Working.Systems.MiningWorkSystem/&lt;&gt;c__DisplayClass_OnUpdate_LambdaJob0</FullName>
          <Methods>
            <Method visited="true" cyclomaticComplexity="0" nPathComplexity="0" sequenceCoverage="87.1" branchCoverage="0" crapScore="0" isConstructor="false" isStatic="false" isGetter="false" isSetter="false">
              <Summary numSequencePoints="0" visitedSequencePoints="0" numBranchPoints="0" visitedBranchPoints="0" sequenceCoverage="87.1" branchCoverage="0" maxCyclomaticComplexity="0" minCyclomaticComplexity="0" maxCrapScore="0" minCrapScore="0" visitedClasses="0" numClasses="0" visitedMethods="0" numMethods="0" />
              <MetadataToken>100663311</MetadataToken>
              <Name>System.Void Working.Systems.MiningWorkSystem/&lt;&gt;c__DisplayClass_OnUpdate_LambdaJob0::OriginalLambdaBody(Unity.Entities.Entity, System.Int32, Working.Components.WorkProgress&amp;, Resources.Components.ResourceOre&amp;, Maps.Components.MapIndex&amp;, Working.Components.MiningWork&amp;)</Name>
              <FileRef uid="4" />
              <SequencePoints>
                <SequencePoint vc="4" uspid="3638" ordinal="0" offset="0" sl="60" sc="5" el="60" ec="5" bec="0" bev="0" fileid="4" />
                <SequencePoint vc="4" uspid="3639" ordinal="0" offset="1" sl="61" sc="6" el="61" ec="6" bec="0" bev="0" fileid="4" />
                <SequencePoint vc="3" uspid="3640" ordinal="0" offset="49" sl="62" sc="6" el="62" ec="6" bec="0" bev="0" fileid="4" />
                <SequencePoint vc="3" uspid="3641" ordinal="0" offset="50" sl="63" sc="7" el="63" ec="7" bec="0" bev="0" fileid="4" />
                <SequencePoint vc="2" uspid="3642" ordinal="0" offset="54" sl="65" sc="7" el="65" ec="7" bec="0" bev="0" fileid="4" />
                <SequencePoint vc="2" uspid="3643" ordinal="0" offset="55" sl="66" sc="8" el="66" ec="8" bec="0" bev="0" fileid="4" />
                <SequencePoint vc="2" uspid="3644" ordinal="0" offset="82" sl="67" sc="8" el="67" ec="8" bec="0" bev="0" fileid="4" />
                <SequencePoint vc="2" uspid="3645" ordinal="0" offset="86" sl="68" sc="8" el="68" ec="8" bec="0" bev="0" fileid="4" />
                <SequencePoint vc="2" uspid="3646" ordinal="0" offset="98" sl="69" sc="7" el="69" ec="7" bec="0" bev="0" fileid="4" />
                <SequencePoint vc="5" uspid="3647" ordinal="0" offset="99" sl="64" sc="7" el="64" ec="7" bec="0" bev="0" fileid="4" />
                <SequencePoint vc="3" uspid="3648" ordinal="0" offset="131" sl="71" sc="7" el="71" ec="7" bec="0" bev="0" fileid="4" />
                <SequencePoint vc="2" uspid="3649" ordinal="0" offset="151" sl="72" sc="7" el="72" ec="7" bec="0" bev="0" fileid="4" />
                <SequencePoint vc="2" uspid="3650" ordinal="0" offset="152" sl="73" sc="8" el="73" ec="8" bec="0" bev="0" fileid="4" />
                <SequencePoint vc="2" uspid="3651" ordinal="0" offset="160" sl="74" sc="8" el="74" ec="8" bec="0" bev="0" fileid="4" />
                <SequencePoint vc="2" uspid="3652" ordinal="0" offset="174" sl="75" sc="8" el="75" ec="8" bec="0" bev="0" fileid="4" />
                <SequencePoint vc="2" uspid="3653" ordinal="0" offset="210" sl="77" sc="8" el="77" ec="8" bec="0" bev="0" fileid="4" />
                <SequencePoint vc="0" uspid="3654" ordinal="0" offset="234" sl="78" sc="8" el="78" ec="8" bec="0" bev="0" fileid="4" />
                <SequencePoint vc="0" uspid="3655" ordinal="0" offset="235" sl="79" sc="9" el="79" ec="9" bec="0" bev="0" fileid="4" />
                <SequencePoint vc="0" uspid="3656" ordinal="0" offset="255" sl="80" sc="9" el="80" ec="9" bec="0" bev="0" fileid="4" />
                <SequencePoint vc="0" uspid="3657" ordinal="0" offset="275" sl="81" sc="8" el="81" ec="8" bec="0" bev="0" fileid="4" />
                <SequencePoint vc="2" uspid="3658" ordinal="0" offset="276" sl="83" sc="8" el="83" ec="8" bec="0" bev="0" fileid="4" />
                <SequencePoint vc="2" uspid="3659" ordinal="0" offset="296" sl="84" sc="8" el="84" ec="8" bec="0" bev="0" fileid="4" />
                <SequencePoint vc="2" uspid="3660" ordinal="0" offset="329" sl="85" sc="7" el="85" ec="7" bec="0" bev="0" fileid="4" />
                <SequencePoint vc="3" uspid="3661" ordinal="0" offset="330" sl="87" sc="7" el="87" ec="7" bec="0" bev="0" fileid="4" />
                <SequencePoint vc="2" uspid="3662" ordinal="0" offset="340" sl="88" sc="7" el="88" ec="7" bec="0" bev="0" fileid="4" />
                <SequencePoint vc="2" uspid="3663" ordinal="0" offset="341" sl="89" sc="8" el="89" ec="8" bec="0" bev="0" fileid="4" />
                <SequencePoint vc="2" uspid="3664" ordinal="0" offset="361" sl="90" sc="8" el="90" ec="8" bec="0" bev="0" fileid="4" />
                <SequencePoint vc="2" uspid="3665" ordinal="0" offset="408" sl="91" sc="8" el="91" ec="8" bec="0" bev="0" fileid="4" />
                <SequencePoint vc="2" uspid="3666" ordinal="0" offset="430" sl="92" sc="7" el="92" ec="7" bec="0" bev="0" fileid="4" />
                <SequencePoint vc="3" uspid="3667" ordinal="0" offset="431" sl="93" sc="6" el="93" ec="6" bec="0" bev="0" fileid="4" />
                <SequencePoint vc="4" uspid="3668" ordinal="0" offset="432" sl="94" sc="5" el="94" ec="5" bec="0" bev="0" fileid="4" />
              </SequencePoints>
              <BranchPoints />
            </Method>
          </Methods>
        </Class>
        <Class>
          <Summary numSequencePoints="0" visitedSequencePoints="0" numBranchPoints="0" visitedBranchPoints="0" sequenceCoverage="0" branchCoverage="0" maxCyclomaticComplexity="0" minCyclomaticComplexity="0" maxCrapScore="0" minCrapScore="0" visitedClasses="0" numClasses="0" visitedMethods="0" numMethods="0" />
          <FullName>Working.Systems.MiningWorkSystem/&lt;&gt;c__DisplayClass_OnUpdate_LambdaJob1</FullName>
          <Methods>
            <Method visited="true" cyclomaticComplexity="0" nPathComplexity="0" sequenceCoverage="100.0" branchCoverage="0" crapScore="0" isConstructor="false" isStatic="false" isGetter="false" isSetter="false">
              <Summary numSequencePoints="0" visitedSequencePoints="0" numBranchPoints="0" visitedBranchPoints="0" sequenceCoverage="100.0" branchCoverage="0" maxCyclomaticComplexity="0" minCyclomaticComplexity="0" maxCrapScore="0" minCrapScore="0" visitedClasses="0" numClasses="0" visitedMethods="0" numMethods="0" />
              <MetadataToken>100663318</MetadataToken>
              <Name>System.Void Working.Systems.MiningWorkSystem/&lt;&gt;c__DisplayClass_OnUpdate_LambdaJob1::OriginalLambdaBody()</Name>
              <FileRef uid="4" />
              <SequencePoints>
                <SequencePoint vc="4" uspid="3669" ordinal="0" offset="0" sl="106" sc="6" el="106" ec="6" bec="0" bev="0" fileid="4" />
                <SequencePoint vc="4" uspid="3670" ordinal="0" offset="1" sl="107" sc="13" el="107" ec="13" bec="0" bev="0" fileid="4" />
                <SequencePoint vc="36" uspid="3671" ordinal="0" offset="5" sl="108" sc="7" el="108" ec="7" bec="0" bev="0" fileid="4" />
                <SequencePoint vc="36" uspid="3672" ordinal="0" offset="6" sl="109" sc="8" el="109" ec="8" bec="0" bev="0" fileid="4" />
                <SequencePoint vc="36" uspid="3673" ordinal="0" offset="37" sl="110" sc="7" el="110" ec="7" bec="0" bev="0" fileid="4" />
                <SequencePoint vc="36" uspid="3674" ordinal="0" offset="38" sl="107" sc="50" el="107" ec="50" bec="0" bev="0" fileid="4" />
                <SequencePoint vc="40" uspid="3675" ordinal="0" offset="42" sl="107" sc="24" el="107" ec="24" bec="0" bev="0" fileid="4" />
                <SequencePoint vc="4" uspid="3676" ordinal="0" offset="60" sl="111" sc="6" el="111" ec="6" bec="0" bev="0" fileid="4" />
              </SequencePoints>
              <BranchPoints />
            </Method>
          </Methods>
        </Class>
        <Class>
          <Summary numSequencePoints="0" visitedSequencePoints="0" numBranchPoints="0" visitedBranchPoints="0" sequenceCoverage="0" branchCoverage="0" maxCyclomaticComplexity="0" minCyclomaticComplexity="0" maxCrapScore="0" minCrapScore="0" visitedClasses="0" numClasses="0" visitedMethods="0" numMethods="0" />
          <FullName>Working.Systems.MiningWorkSystem/&lt;&gt;c__DisplayClass_OnUpdate_LambdaJob2</FullName>
          <Methods>
            <Method visited="true" cyclomaticComplexity="0" nPathComplexity="0" sequenceCoverage="83.0" branchCoverage="0" crapScore="0" isConstructor="false" isStatic="false" isGetter="false" isSetter="false">
              <Summary numSequencePoints="0" visitedSequencePoints="0" numBranchPoints="0" visitedBranchPoints="0" sequenceCoverage="83.0" branchCoverage="0" maxCyclomaticComplexity="0" minCyclomaticComplexity="0" maxCrapScore="0" minCrapScore="0" visitedClasses="0" numClasses="0" visitedMethods="0" numMethods="0" />
              <MetadataToken>100663324</MetadataToken>
              <Name>System.Void Working.Systems.MiningWorkSystem/&lt;&gt;c__DisplayClass_OnUpdate_LambdaJob2::OriginalLambdaBody(Unity.Entities.Entity, System.Int32, Working.Components.MinedOre&amp;, Maps.Components.MapIndex&amp;)</Name>
              <FileRef uid="4" />
              <SequencePoints>
                <SequencePoint vc="1" uspid="3677" ordinal="0" offset="0" sl="128" sc="5" el="128" ec="5" bec="0" bev="0" fileid="4" />
                <SequencePoint vc="1" uspid="3678" ordinal="0" offset="1" sl="130" sc="6" el="130" ec="6" bec="0" bev="0" fileid="4" />
                <SequencePoint vc="1" uspid="3679" ordinal="0" offset="9" sl="132" sc="6" el="132" ec="6" bec="0" bev="0" fileid="4" />
                <SequencePoint vc="1" uspid="3680" ordinal="0" offset="11" sl="133" sc="6" el="133" ec="6" bec="0" bev="0" fileid="4" />
                <SequencePoint vc="1" uspid="3681" ordinal="0" offset="23" sl="135" sc="6" el="135" ec="6" bec="0" bev="0" fileid="4" />
                <SequencePoint vc="1" uspid="3682" ordinal="0" offset="31" sl="136" sc="6" el="136" ec="6" bec="0" bev="0" fileid="4" />
                <SequencePoint vc="1" uspid="3683" ordinal="0" offset="51" sl="137" sc="6" el="137" ec="6" bec="0" bev="0" fileid="4" />
                <SequencePoint vc="1" uspid="3684" ordinal="0" offset="66" sl="139" sc="6" el="139" ec="6" bec="0" bev="0" fileid="4" />
                <SequencePoint vc="2" uspid="3685" ordinal="0" offset="74" sl="141" sc="6" el="141" ec="6" bec="0" bev="0" fileid="4" />
                <SequencePoint vc="2" uspid="3686" ordinal="0" offset="75" sl="142" sc="7" el="142" ec="7" bec="0" bev="0" fileid="4" />
                <SequencePoint vc="2" uspid="3687" ordinal="0" offset="84" sl="143" sc="13" el="143" ec="13" bec="0" bev="0" fileid="4" />
                <SequencePoint vc="16" uspid="3688" ordinal="0" offset="89" sl="144" sc="7" el="144" ec="7" bec="0" bev="0" fileid="4" />
                <SequencePoint vc="16" uspid="3689" ordinal="0" offset="90" sl="145" sc="8" el="145" ec="8" bec="0" bev="0" fileid="4" />
                <SequencePoint vc="16" uspid="3690" ordinal="0" offset="117" sl="146" sc="8" el="146" ec="8" bec="0" bev="0" fileid="4" />
                <SequencePoint vc="10" uspid="3691" ordinal="0" offset="148" sl="147" sc="8" el="147" ec="8" bec="0" bev="0" fileid="4" />
                <SequencePoint vc="10" uspid="3692" ordinal="0" offset="149" sl="148" sc="9" el="148" ec="9" bec="0" bev="0" fileid="4" />
                <SequencePoint vc="10" uspid="3693" ordinal="0" offset="159" sl="149" sc="8" el="149" ec="8" bec="0" bev="0" fileid="4" />
                <SequencePoint vc="16" uspid="3694" ordinal="0" offset="160" sl="150" sc="7" el="150" ec="7" bec="0" bev="0" fileid="4" />
                <SequencePoint vc="16" uspid="3695" ordinal="0" offset="161" sl="143" sc="51" el="143" ec="51" bec="0" bev="0" fileid="4" />
                <SequencePoint vc="18" uspid="3696" ordinal="0" offset="167" sl="143" sc="24" el="143" ec="24" bec="0" bev="0" fileid="4" />
                <SequencePoint vc="2" uspid="3697" ordinal="0" offset="188" sl="152" sc="7" el="152" ec="7" bec="0" bev="0" fileid="4" />
                <SequencePoint vc="2" uspid="3698" ordinal="0" offset="203" sl="153" sc="7" el="153" ec="7" bec="0" bev="0" fileid="4" />
                <SequencePoint vc="2" uspid="3699" ordinal="0" offset="219" sl="155" sc="7" el="155" ec="7" bec="0" bev="0" fileid="4" />
                <SequencePoint vc="1" uspid="3700" ordinal="0" offset="227" sl="156" sc="7" el="156" ec="7" bec="0" bev="0" fileid="4" />
                <SequencePoint vc="1" uspid="3701" ordinal="0" offset="228" sl="157" sc="8" el="157" ec="8" bec="0" bev="0" fileid="4" />
                <SequencePoint vc="1" uspid="3702" ordinal="0" offset="231" sl="158" sc="8" el="158" ec="8" bec="0" bev="0" fileid="4" />
                <SequencePoint vc="1" uspid="3703" ordinal="0" offset="236" sl="162" sc="7" el="162" ec="7" bec="0" bev="0" fileid="4" />
                <SequencePoint vc="1" uspid="3704" ordinal="0" offset="290" sl="163" sc="7" el="163" ec="7" bec="0" bev="0" fileid="4" />
                <SequencePoint vc="1" uspid="3705" ordinal="0" offset="291" sl="165" sc="8" el="165" ec="8" bec="0" bev="0" fileid="4" />
                <SequencePoint vc="1" uspid="3706" ordinal="0" offset="313" sl="166" sc="8" el="166" ec="8" bec="0" bev="0" fileid="4" />
                <SequencePoint vc="1" uspid="3707" ordinal="0" offset="314" sl="167" sc="9" el="167" ec="9" bec="0" bev="0" fileid="4" />
                <SequencePoint vc="1" uspid="3708" ordinal="0" offset="317" sl="168" sc="9" el="168" ec="9" bec="0" bev="0" fileid="4" />
                <SequencePoint vc="1" uspid="3709" ordinal="0" offset="319" sl="169" sc="8" el="169" ec="8" bec="0" bev="0" fileid="4" />
                <SequencePoint vc="0" uspid="3710" ordinal="0" offset="322" sl="171" sc="8" el="171" ec="8" bec="0" bev="0" fileid="4" />
                <SequencePoint vc="0" uspid="3711" ordinal="0" offset="323" sl="172" sc="9" el="172" ec="9" bec="0" bev="0" fileid="4" />
                <SequencePoint vc="0" uspid="3712" ordinal="0" offset="338" sl="173" sc="9" el="173" ec="9" bec="0" bev="0" fileid="4" />
                <SequencePoint vc="0" uspid="3713" ordinal="0" offset="355" sl="174" sc="9" el="174" ec="9" bec="0" bev="0" fileid="4" />
                <SequencePoint vc="0" uspid="3714" ordinal="0" offset="397" sl="175" sc="9" el="175" ec="9" bec="0" bev="0" fileid="4" />
                <SequencePoint vc="0" uspid="3715" ordinal="0" offset="398" sl="176" sc="10" el="176" ec="10" bec="0" bev="0" fileid="4" />
                <SequencePoint vc="0" uspid="3716" ordinal="0" offset="401" sl="177" sc="10" el="177" ec="10" bec="0" bev="0" fileid="4" />
                <SequencePoint vc="0" uspid="3717" ordinal="0" offset="403" sl="178" sc="9" el="178" ec="9" bec="0" bev="0" fileid="4" />
                <SequencePoint vc="0" uspid="3718" ordinal="0" offset="404" sl="179" sc="8" el="179" ec="8" bec="0" bev="0" fileid="4" />
                <SequencePoint vc="1" uspid="3719" ordinal="0" offset="405" sl="180" sc="7" el="180" ec="7" bec="0" bev="0" fileid="4" />
                <SequencePoint vc="1" uspid="3720" ordinal="0" offset="406" sl="181" sc="6" el="181" ec="6" bec="0" bev="0" fileid="4" />
                <SequencePoint vc="3" uspid="3721" ordinal="0" offset="407" sl="140" sc="6" el="140" ec="6" bec="0" bev="0" fileid="4" />
                <SequencePoint vc="1" uspid="3722" ordinal="0" offset="432" sl="183" sc="6" el="183" ec="6" bec="0" bev="0" fileid="4" />
                <SequencePoint vc="1" uspid="3723" ordinal="0" offset="440" sl="184" sc="6" el="184" ec="6" bec="0" bev="0" fileid="4" />
                <SequencePoint vc="1" uspid="3724" ordinal="0" offset="448" sl="187" sc="6" el="187" ec="6" bec="0" bev="0" fileid="4" />
                <SequencePoint vc="1" uspid="3725" ordinal="0" offset="455" sl="188" sc="6" el="188" ec="6" bec="0" bev="0" fileid="4" />
                <SequencePoint vc="1" uspid="3726" ordinal="0" offset="456" sl="189" sc="7" el="189" ec="7" bec="0" bev="0" fileid="4" />
                <SequencePoint vc="1" uspid="3727" ordinal="0" offset="506" sl="190" sc="6" el="190" ec="6" bec="0" bev="0" fileid="4" />
                <SequencePoint vc="1" uspid="3728" ordinal="0" offset="507" sl="192" sc="6" el="192" ec="6" bec="0" bev="0" fileid="4" />
                <SequencePoint vc="1" uspid="3729" ordinal="0" offset="521" sl="193" sc="5" el="193" ec="5" bec="0" bev="0" fileid="4" />
              </SequencePoints>
              <BranchPoints />
            </Method>
          </Methods>
        </Class>
        <Class>
          <Summary numSequencePoints="0" visitedSequencePoints="0" numBranchPoints="0" visitedBranchPoints="0" sequenceCoverage="0" branchCoverage="0" maxCyclomaticComplexity="0" minCyclomaticComplexity="0" maxCrapScore="0" minCrapScore="0" visitedClasses="0" numClasses="0" visitedMethods="0" numMethods="0" />
          <FullName>Working.Systems.WorkProgressionSystem</FullName>
          <Methods>
            <Method visited="true" cyclomaticComplexity="0" nPathComplexity="0" sequenceCoverage="100.0" branchCoverage="0" crapScore="0" isConstructor="false" isStatic="false" isGetter="false" isSetter="false">
              <Summary numSequencePoints="0" visitedSequencePoints="0" numBranchPoints="0" visitedBranchPoints="0" sequenceCoverage="100.0" branchCoverage="0" maxCyclomaticComplexity="0" minCyclomaticComplexity="0" maxCrapScore="0" minCrapScore="0" visitedClasses="0" numClasses="0" visitedMethods="0" numMethods="0" />
              <MetadataToken>100663331</MetadataToken>
              <Name>System.Void Working.Systems.WorkProgressionSystem::OnCreate()</Name>
              <FileRef uid="5" />
              <SequencePoints>
                <SequencePoint vc="2" uspid="3730" ordinal="0" offset="0" sl="14" sc="41" el="14" ec="41" bec="0" bev="0" fileid="5" />
              </SequencePoints>
              <BranchPoints />
            </Method>
            <Method visited="true" cyclomaticComplexity="0" nPathComplexity="0" sequenceCoverage="100.0" branchCoverage="0" crapScore="0" isConstructor="false" isStatic="false" isGetter="false" isSetter="false">
              <Summary numSequencePoints="0" visitedSequencePoints="0" numBranchPoints="0" visitedBranchPoints="0" sequenceCoverage="100.0" branchCoverage="0" maxCyclomaticComplexity="0" minCyclomaticComplexity="0" maxCrapScore="0" minCrapScore="0" visitedClasses="0" numClasses="0" visitedMethods="0" numMethods="0" />
              <MetadataToken>100663332</MetadataToken>
              <Name>Unity.Jobs.JobHandle Working.Systems.WorkProgressionSystem::OnUpdate(Unity.Jobs.JobHandle)</Name>
              <FileRef uid="5" />
              <SequencePoints>
                <SequencePoint vc="61" uspid="3731" ordinal="0" offset="11" sl="17" sc="3" el="17" ec="3" bec="0" bev="0" fileid="5" />
                <SequencePoint vc="61" uspid="3732" ordinal="0" offset="12" sl="18" sc="4" el="18" ec="4" bec="0" bev="0" fileid="5" />
                <SequencePoint vc="61" uspid="3733" ordinal="0" offset="48" sl="19" sc="4" el="19" ec="4" bec="0" bev="0" fileid="5" />
                <SequencePoint vc="61" uspid="3734" ordinal="0" offset="126" sl="27" sc="4" el="27" ec="4" bec="0" bev="0" fileid="5" />
                <SequencePoint vc="61" uspid="3735" ordinal="0" offset="149" sl="28" sc="4" el="28" ec="4" bec="0" bev="0" fileid="5" />
                <SequencePoint vc="61" uspid="3736" ordinal="0" offset="219" sl="33" sc="4" el="33" ec="4" bec="0" bev="0" fileid="5" />
                <SequencePoint vc="61" uspid="3737" ordinal="0" offset="238" sl="35" sc="4" el="35" ec="4" bec="0" bev="0" fileid="5" />
                <SequencePoint vc="61" uspid="3738" ordinal="0" offset="251" sl="36" sc="3" el="36" ec="3" bec="0" bev="0" fileid="5" />
              </SequencePoints>
              <BranchPoints />
            </Method>
          </Methods>
        </Class>
        <Class>
          <Summary numSequencePoints="0" visitedSequencePoints="0" numBranchPoints="0" visitedBranchPoints="0" sequenceCoverage="0" branchCoverage="0" maxCyclomaticComplexity="0" minCyclomaticComplexity="0" maxCrapScore="0" minCrapScore="0" visitedClasses="0" numClasses="0" visitedMethods="0" numMethods="0" />
          <FullName>Working.Systems.WorkProgressionSystem/&lt;&gt;c__DisplayClass_OnUpdate_LambdaJob0</FullName>
          <Methods>
            <Method visited="false" cyclomaticComplexity="0" nPathComplexity="0" sequenceCoverage="0.0" branchCoverage="0" crapScore="0" isConstructor="false" isStatic="false" isGetter="false" isSetter="false">
              <Summary numSequencePoints="0" visitedSequencePoints="0" numBranchPoints="0" visitedBranchPoints="0" sequenceCoverage="0.0" branchCoverage="0" maxCyclomaticComplexity="0" minCyclomaticComplexity="0" maxCrapScore="0" minCrapScore="0" visitedClasses="0" numClasses="0" visitedMethods="0" numMethods="0" />
              <MetadataToken>100663340</MetadataToken>
              <Name>System.Void Working.Systems.WorkProgressionSystem/&lt;&gt;c__DisplayClass_OnUpdate_LambdaJob0::OriginalLambdaBody(Unity.Entities.Entity, System.Int32)</Name>
              <FileRef uid="5" />
              <SequencePoints>
                <SequencePoint vc="0" uspid="3739" ordinal="0" offset="0" sl="23" sc="0" el="23" ec="0" bec="0" bev="0" fileid="5" />
                <SequencePoint vc="0" uspid="3740" ordinal="0" offset="1" sl="24" sc="0" el="24" ec="0" bec="0" bev="0" fileid="5" />
                <SequencePoint vc="0" uspid="3741" ordinal="0" offset="15" sl="25" sc="0" el="25" ec="0" bec="0" bev="0" fileid="5" />
              </SequencePoints>
              <BranchPoints />
            </Method>
          </Methods>
        </Class>
        <Class>
          <Summary numSequencePoints="0" visitedSequencePoints="0" numBranchPoints="0" visitedBranchPoints="0" sequenceCoverage="0" branchCoverage="0" maxCyclomaticComplexity="0" minCyclomaticComplexity="0" maxCrapScore="0" minCrapScore="0" visitedClasses="0" numClasses="0" visitedMethods="0" numMethods="0" />
          <FullName>Working.Systems.WorkProgressionSystem/&lt;&gt;c__DisplayClass_OnUpdate_LambdaJob1</FullName>
          <Methods>
            <Method visited="false" cyclomaticComplexity="0" nPathComplexity="0" sequenceCoverage="0.0" branchCoverage="0" crapScore="0" isConstructor="false" isStatic="false" isGetter="false" isSetter="false">
              <Summary numSequencePoints="0" visitedSequencePoints="0" numBranchPoints="0" visitedBranchPoints="0" sequenceCoverage="0.0" branchCoverage="0" maxCyclomaticComplexity="0" minCyclomaticComplexity="0" maxCrapScore="0" minCrapScore="0" visitedClasses="0" numClasses="0" visitedMethods="0" numMethods="0" />
              <MetadataToken>100663347</MetadataToken>
              <Name>System.Void Working.Systems.WorkProgressionSystem/&lt;&gt;c__DisplayClass_OnUpdate_LambdaJob1::OriginalLambdaBody(Working.Components.WorkProgress&amp;, Working.Components.MiningWork&amp;)</Name>
              <FileRef uid="5" />
              <SequencePoints>
                <SequencePoint vc="0" uspid="3742" ordinal="0" offset="0" sl="29" sc="4" el="29" ec="4" bec="0" bev="0" fileid="5" />
                <SequencePoint vc="0" uspid="3743" ordinal="0" offset="1" sl="30" sc="5" el="30" ec="5" bec="0" bev="0" fileid="5" />
                <SequencePoint vc="0" uspid="3744" ordinal="0" offset="32" sl="31" sc="4" el="31" ec="4" bec="0" bev="0" fileid="5" />
              </SequencePoints>
              <BranchPoints />
            </Method>
          </Methods>
        </Class>
        <Class>
          <Summary numSequencePoints="0" visitedSequencePoints="0" numBranchPoints="0" visitedBranchPoints="0" sequenceCoverage="0" branchCoverage="0" maxCyclomaticComplexity="0" minCyclomaticComplexity="0" maxCrapScore="0" minCrapScore="0" visitedClasses="0" numClasses="0" visitedMethods="0" numMethods="0" />
          <FullName>Working.Components.MiningWork</FullName>
          <Methods>
            <Method visited="false" cyclomaticComplexity="0" nPathComplexity="0" sequenceCoverage="0.0" branchCoverage="0" crapScore="0" isConstructor="false" isStatic="false" isGetter="true" isSetter="false">
              <Summary numSequencePoints="0" visitedSequencePoints="0" numBranchPoints="0" visitedBranchPoints="0" sequenceCoverage="0.0" branchCoverage="0" maxCyclomaticComplexity="0" minCyclomaticComplexity="0" maxCrapScore="0" minCrapScore="0" visitedClasses="0" numClasses="0" visitedMethods="0" numMethods="0" />
              <MetadataToken>100663355</MetadataToken>
              <Name>System.Single Working.Components.MiningWork::get_ProgressPerSecond()</Name>
              <FileRef uid="6" />
              <SequencePoints>
                <SequencePoint vc="0" uspid="3745" ordinal="0" offset="0" sl="8" sc="36" el="8" ec="36" bec="0" bev="0" fileid="6" />
              </SequencePoints>
              <BranchPoints />
            </Method>
            <Method visited="true" cyclomaticComplexity="0" nPathComplexity="0" sequenceCoverage="100.0" branchCoverage="0" crapScore="0" isConstructor="false" isStatic="false" isGetter="false" isSetter="true">
              <Summary numSequencePoints="0" visitedSequencePoints="0" numBranchPoints="0" visitedBranchPoints="0" sequenceCoverage="100.0" branchCoverage="0" maxCyclomaticComplexity="0" minCyclomaticComplexity="0" maxCrapScore="0" minCrapScore="0" visitedClasses="0" numClasses="0" visitedMethods="0" numMethods="0" />
              <MetadataToken>100663356</MetadataToken>
              <Name>System.Void Working.Components.MiningWork::set_ProgressPerSecond(System.Single)</Name>
              <FileRef uid="6" />
              <SequencePoints>
                <SequencePoint vc="2" uspid="3746" ordinal="0" offset="0" sl="8" sc="41" el="8" ec="41" bec="0" bev="0" fileid="6" />
              </SequencePoints>
              <BranchPoints />
            </Method>
          </Methods>
        </Class>
        <Class>
          <Summary numSequencePoints="0" visitedSequencePoints="0" numBranchPoints="0" visitedBranchPoints="0" sequenceCoverage="0" branchCoverage="0" maxCyclomaticComplexity="0" minCyclomaticComplexity="0" maxCrapScore="0" minCrapScore="0" visitedClasses="0" numClasses="0" visitedMethods="0" numMethods="0" />
          <FullName>Visuals.Systems.MeshCreatorSystem[TSystemComponent,TComponent]</FullName>
          <Methods>
            <Method visited="false" cyclomaticComplexity="0" nPathComplexity="0" sequenceCoverage="0.0" branchCoverage="0" crapScore="0" isConstructor="false" isStatic="false" isGetter="true" isSetter="false">
              <Summary numSequencePoints="0" visitedSequencePoints="0" numBranchPoints="0" visitedBranchPoints="0" sequenceCoverage="0.0" branchCoverage="0" maxCyclomaticComplexity="0" minCyclomaticComplexity="0" maxCrapScore="0" minCrapScore="0" visitedClasses="0" numClasses="0" visitedMethods="0" numMethods="0" />
              <MetadataToken>100663359</MetadataToken>
              <Name>System.Boolean Visuals.Systems.MeshCreatorSystem[TSystemComponent,TComponent]::get_CreateDefaultMesh()</Name>
              <FileRef uid="7" />
              <SequencePoints>
                <SequencePoint vc="0" uspid="3747" ordinal="0" offset="0" sl="33" sc="0" el="33" ec="0" bec="0" bev="0" fileid="7" />
              </SequencePoints>
              <BranchPoints />
            </Method>
            <Method visited="false" cyclomaticComplexity="0" nPathComplexity="0" sequenceCoverage="0.0" branchCoverage="0" crapScore="0" isConstructor="false" isStatic="false" isGetter="true" isSetter="false">
              <Summary numSequencePoints="0" visitedSequencePoints="0" numBranchPoints="0" visitedBranchPoints="0" sequenceCoverage="0.0" branchCoverage="0" maxCyclomaticComplexity="0" minCyclomaticComplexity="0" maxCrapScore="0" minCrapScore="0" visitedClasses="0" numClasses="0" visitedMethods="0" numMethods="0" />
              <MetadataToken>100663361</MetadataToken>
              <Name>Unity.Entities.ComponentType[] Visuals.Systems.MeshCreatorSystem[TSystemComponent,TComponent]::get_AdditionalArchetypeTypes()</Name>
              <FileRef uid="7" />
              <SequencePoints>
                <SequencePoint vc="0" uspid="3748" ordinal="0" offset="0" sl="35" sc="0" el="35" ec="0" bec="0" bev="0" fileid="7" />
              </SequencePoints>
              <BranchPoints />
            </Method>
            <Method visited="false" cyclomaticComplexity="0" nPathComplexity="0" sequenceCoverage="0.0" branchCoverage="0" crapScore="0" isConstructor="false" isStatic="false" isGetter="false" isSetter="false">
[...]
                <SequencePoint vc="12" uspid="5229" ordinal="0" offset="16" sl="98" sc="0" el="98" ec="0" bec="0" bev="0" fileid="54" />
                <SequencePoint vc="2576" uspid="5230" ordinal="0" offset="20" sl="99" sc="0" el="99" ec="0" bec="0" bev="0" fileid="54" />
                <SequencePoint vc="2576" uspid="5231" ordinal="0" offset="21" sl="100" sc="0" el="100" ec="0" bec="0" bev="0" fileid="54" />
                <SequencePoint vc="2576" uspid="5232" ordinal="0" offset="37" sl="101" sc="0" el="101" ec="0" bec="0" bev="0" fileid="54" />
                <SequencePoint vc="2576" uspid="5233" ordinal="0" offset="38" sl="98" sc="0" el="98" ec="0" bec="0" bev="0" fileid="54" />
                <SequencePoint vc="2588" uspid="5234" ordinal="0" offset="42" sl="98" sc="0" el="98" ec="0" bec="0" bev="0" fileid="54" />
                <SequencePoint vc="12" uspid="5235" ordinal="0" offset="55" sl="102" sc="0" el="102" ec="0" bec="0" bev="0" fileid="54" />
              </SequencePoints>
              <BranchPoints />
            </Method>
            <Method visited="false" cyclomaticComplexity="0" nPathComplexity="0" sequenceCoverage="0.0" branchCoverage="0" crapScore="0" isConstructor="false" isStatic="false" isGetter="false" isSetter="false">
              <Summary numSequencePoints="0" visitedSequencePoints="0" numBranchPoints="0" visitedBranchPoints="0" sequenceCoverage="0.0" branchCoverage="0" maxCyclomaticComplexity="0" minCyclomaticComplexity="0" maxCrapScore="0" minCrapScore="0" visitedClasses="0" numClasses="0" visitedMethods="0" numMethods="0" />
              <MetadataToken>100663324</MetadataToken>
              <Name>System.Void Helpers.Types.BlitableArray[T]::Allocate(System.Int32, Unity.Collections.Allocator)</Name>
              <FileRef uid="54" />
              <SequencePoints>
                <SequencePoint vc="16" uspid="5236" ordinal="0" offset="0" sl="105" sc="0" el="105" ec="0" bec="0" bev="0" fileid="54" />
                <SequencePoint vc="16" uspid="5237" ordinal="0" offset="1" sl="106" sc="0" el="106" ec="0" bec="0" bev="0" fileid="54" />
                <SequencePoint vc="16" uspid="5238" ordinal="0" offset="8" sl="107" sc="0" el="107" ec="0" bec="0" bev="0" fileid="54" />
                <SequencePoint vc="16" uspid="5239" ordinal="0" offset="16" sl="108" sc="0" el="108" ec="0" bec="0" bev="0" fileid="54" />
                <SequencePoint vc="16" uspid="5240" ordinal="0" offset="22" sl="109" sc="0" el="109" ec="0" bec="0" bev="0" fileid="54" />
                <SequencePoint vc="16" uspid="5241" ordinal="0" offset="43" sl="110" sc="0" el="110" ec="0" bec="0" bev="0" fileid="54" />
              </SequencePoints>
              <BranchPoints />
            </Method>
            <Method visited="false" cyclomaticComplexity="0" nPathComplexity="0" sequenceCoverage="0.0" branchCoverage="0" crapScore="0" isConstructor="false" isStatic="false" isGetter="false" isSetter="false">
              <Summary numSequencePoints="0" visitedSequencePoints="0" numBranchPoints="0" visitedBranchPoints="0" sequenceCoverage="0.0" branchCoverage="0" maxCyclomaticComplexity="0" minCyclomaticComplexity="0" maxCrapScore="0" minCrapScore="0" visitedClasses="0" numClasses="0" visitedMethods="0" numMethods="0" />
              <MetadataToken>100663325</MetadataToken>
              <Name>System.Void Helpers.Types.BlitableArray[T]::Dispose()</Name>
              <FileRef uid="54" />
              <SequencePoints>
                <SequencePoint vc="6" uspid="5242" ordinal="0" offset="0" sl="112" sc="0" el="112" ec="0" bec="0" bev="0" fileid="54" />
              </SequencePoints>
              <BranchPoints />
            </Method>
            <Method visited="false" cyclomaticComplexity="0" nPathComplexity="0" sequenceCoverage="0.0" branchCoverage="0" crapScore="0" isConstructor="false" isStatic="false" isGetter="false" isSetter="false">
              <Summary numSequencePoints="0" visitedSequencePoints="0" numBranchPoints="0" visitedBranchPoints="0" sequenceCoverage="0.0" branchCoverage="0" maxCyclomaticComplexity="0" minCyclomaticComplexity="0" maxCrapScore="0" minCrapScore="0" visitedClasses="0" numClasses="0" visitedMethods="0" numMethods="0" />
              <MetadataToken>100663326</MetadataToken>
              <Name>T[] Helpers.Types.BlitableArray[T]::ToArray()</Name>
              <FileRef uid="54" />
              <SequencePoints>
                <SequencePoint vc="0" uspid="5243" ordinal="0" offset="0" sl="115" sc="0" el="115" ec="0" bec="0" bev="0" fileid="54" />
                <SequencePoint vc="0" uspid="5244" ordinal="0" offset="1" sl="116" sc="0" el="116" ec="0" bec="0" bev="0" fileid="54" />
                <SequencePoint vc="0" uspid="5245" ordinal="0" offset="13" sl="118" sc="0" el="118" ec="0" bec="0" bev="0" fileid="54" />
                <SequencePoint vc="0" uspid="5246" ordinal="0" offset="17" sl="119" sc="0" el="119" ec="0" bec="0" bev="0" fileid="54" />
                <SequencePoint vc="0" uspid="5247" ordinal="0" offset="18" sl="120" sc="0" el="120" ec="0" bec="0" bev="0" fileid="54" />
                <SequencePoint vc="0" uspid="5248" ordinal="0" offset="32" sl="121" sc="0" el="121" ec="0" bec="0" bev="0" fileid="54" />
                <SequencePoint vc="0" uspid="5249" ordinal="0" offset="33" sl="118" sc="0" el="118" ec="0" bec="0" bev="0" fileid="54" />
                <SequencePoint vc="0" uspid="5250" ordinal="0" offset="37" sl="118" sc="0" el="118" ec="0" bec="0" bev="0" fileid="54" />
                <SequencePoint vc="0" uspid="5251" ordinal="0" offset="50" sl="123" sc="0" el="123" ec="0" bec="0" bev="0" fileid="54" />
                <SequencePoint vc="0" uspid="5252" ordinal="0" offset="54" sl="124" sc="0" el="124" ec="0" bec="0" bev="0" fileid="54" />
              </SequencePoints>
              <BranchPoints />
            </Method>
            <Method visited="false" cyclomaticComplexity="0" nPathComplexity="0" sequenceCoverage="0.0" branchCoverage="0" crapScore="0" isConstructor="true" isStatic="false" isGetter="false" isSetter="false">
              <Summary numSequencePoints="0" visitedSequencePoints="0" numBranchPoints="0" visitedBranchPoints="0" sequenceCoverage="0.0" branchCoverage="0" maxCyclomaticComplexity="0" minCyclomaticComplexity="0" maxCrapScore="0" minCrapScore="0" visitedClasses="0" numClasses="0" visitedMethods="0" numMethods="0" />
              <MetadataToken>100663317</MetadataToken>
              <Name>Helpers.Types.BlitableArray[T]::BlitableArray(System.Int32, Unity.Collections.Allocator)</Name>
              <FileRef uid="54" />
              <SequencePoints>
                <SequencePoint vc="4" uspid="5253" ordinal="0" offset="0" sl="22" sc="0" el="22" ec="0" bec="0" bev="0" fileid="54" />
                <SequencePoint vc="4" uspid="5254" ordinal="0" offset="7" sl="23" sc="0" el="23" ec="0" bec="0" bev="0" fileid="54" />
                <SequencePoint vc="4" uspid="5255" ordinal="0" offset="8" sl="25" sc="0" el="25" ec="0" bec="0" bev="0" fileid="54" />
                <SequencePoint vc="0" uspid="5256" ordinal="0" offset="20" sl="26" sc="0" el="26" ec="0" bec="0" bev="0" fileid="54" />
                <SequencePoint vc="0" uspid="5257" ordinal="0" offset="21" sl="27" sc="0" el="27" ec="0" bec="0" bev="0" fileid="54" />
                <SequencePoint vc="4" uspid="5258" ordinal="0" offset="47" sl="31" sc="0" el="31" ec="0" bec="0" bev="0" fileid="54" />
                <SequencePoint vc="4" uspid="5259" ordinal="0" offset="55" sl="32" sc="0" el="32" ec="0" bec="0" bev="0" fileid="54" />
                <SequencePoint vc="4" uspid="5260" ordinal="0" offset="62" sl="33" sc="0" el="33" ec="0" bec="0" bev="0" fileid="54" />
                <SequencePoint vc="4" uspid="5261" ordinal="0" offset="71" sl="34" sc="0" el="34" ec="0" bec="0" bev="0" fileid="54" />
              </SequencePoints>
              <BranchPoints />
            </Method>
          </Methods>
        </Class>
        <Class>
          <Summary numSequencePoints="0" visitedSequencePoints="0" numBranchPoints="0" visitedBranchPoints="0" sequenceCoverage="0" branchCoverage="0" maxCyclomaticComplexity="0" minCyclomaticComplexity="0" maxCrapScore="0" minCrapScore="0" visitedClasses="0" numClasses="0" visitedMethods="0" numMethods="0" />
          <FullName>Helpers.Types.Boolean</FullName>
          <Methods>
            <Method visited="true" cyclomaticComplexity="0" nPathComplexity="0" sequenceCoverage="100.0" branchCoverage="0" crapScore="0" isConstructor="false" isStatic="true" isGetter="false" isSetter="false">
              <Summary numSequencePoints="0" visitedSequencePoints="0" numBranchPoints="0" visitedBranchPoints="0" sequenceCoverage="100.0" branchCoverage="0" maxCyclomaticComplexity="0" minCyclomaticComplexity="0" maxCrapScore="0" minCrapScore="0" visitedClasses="0" numClasses="0" visitedMethods="0" numMethods="0" />
              <MetadataToken>100663328</MetadataToken>
              <Name>static System.Boolean Helpers.Types.Boolean.implicit operator System::Boolean(Helpers.Types.Boolean)</Name>
              <FileRef uid="55" />
              <SequencePoints>
                <SequencePoint vc="2007" uspid="5262" ordinal="0" offset="0" sl="10" sc="60" el="10" ec="60" bec="0" bev="0" fileid="55" />
              </SequencePoints>
              <BranchPoints />
            </Method>
            <Method visited="true" cyclomaticComplexity="0" nPathComplexity="0" sequenceCoverage="100.0" branchCoverage="0" crapScore="0" isConstructor="false" isStatic="true" isGetter="false" isSetter="false">
              <Summary numSequencePoints="0" visitedSequencePoints="0" numBranchPoints="0" visitedBranchPoints="0" sequenceCoverage="100.0" branchCoverage="0" maxCyclomaticComplexity="0" minCyclomaticComplexity="0" maxCrapScore="0" minCrapScore="0" visitedClasses="0" numClasses="0" visitedMethods="0" numMethods="0" />
              <MetadataToken>100663329</MetadataToken>
              <Name>static Helpers.Types.Boolean Helpers.Types.Boolean.implicit operator Helpers.Types::Boolean(System.Boolean)</Name>
              <FileRef uid="55" />
              <SequencePoints>
                <SequencePoint vc="166" uspid="5263" ordinal="0" offset="0" sl="12" sc="60" el="12" ec="60" bec="0" bev="0" fileid="55" />
              </SequencePoints>
              <BranchPoints />
            </Method>
            <Method visited="false" cyclomaticComplexity="0" nPathComplexity="0" sequenceCoverage="0.0" branchCoverage="0" crapScore="0" isConstructor="false" isStatic="false" isGetter="false" isSetter="false">
              <Summary numSequencePoints="0" visitedSequencePoints="0" numBranchPoints="0" visitedBranchPoints="0" sequenceCoverage="0.0" branchCoverage="0" maxCyclomaticComplexity="0" minCyclomaticComplexity="0" maxCrapScore="0" minCrapScore="0" visitedClasses="0" numClasses="0" visitedMethods="0" numMethods="0" />
              <MetadataToken>100663330</MetadataToken>
              <Name>System.String Helpers.Types.Boolean::ToString()</Name>
              <FileRef uid="55" />
              <SequencePoints>
                <SequencePoint vc="0" uspid="5264" ordinal="0" offset="0" sl="14" sc="0" el="14" ec="0" bec="0" bev="0" fileid="55" />
              </SequencePoints>
              <BranchPoints />
            </Method>
            <Method visited="true" cyclomaticComplexity="0" nPathComplexity="0" sequenceCoverage="100.0" branchCoverage="0" crapScore="0" isConstructor="true" isStatic="false" isGetter="false" isSetter="false">
              <Summary numSequencePoints="0" visitedSequencePoints="0" numBranchPoints="0" visitedBranchPoints="0" sequenceCoverage="100.0" branchCoverage="0" maxCyclomaticComplexity="0" minCyclomaticComplexity="0" maxCrapScore="0" minCrapScore="0" visitedClasses="0" numClasses="0" visitedMethods="0" numMethods="0" />
              <MetadataToken>100663327</MetadataToken>
              <Name>Helpers.Types.Boolean::Boolean(System.Boolean)</Name>
              <FileRef uid="55" />
              <SequencePoints>
                <SequencePoint vc="166" uspid="5265" ordinal="0" offset="0" sl="8" sc="35" el="8" ec="35" bec="0" bev="0" fileid="55" />
              </SequencePoints>
              <BranchPoints />
            </Method>
          </Methods>
        </Class>
        <Class>
          <Summary numSequencePoints="0" visitedSequencePoints="0" numBranchPoints="0" visitedBranchPoints="0" sequenceCoverage="0" branchCoverage="0" maxCyclomaticComplexity="0" minCyclomaticComplexity="0" maxCrapScore="0" minCrapScore="0" visitedClasses="0" numClasses="0" visitedMethods="0" numMethods="0" />
          <FullName>Helpers.Types.FloatRange</FullName>
          <Methods>
            <Method visited="false" cyclomaticComplexity="0" nPathComplexity="0" sequenceCoverage="0.0" branchCoverage="0" crapScore="0" isConstructor="false" isStatic="false" isGetter="true" isSetter="false">
              <Summary numSequencePoints="0" visitedSequencePoints="0" numBranchPoints="0" visitedBranchPoints="0" sequenceCoverage="0.0" branchCoverage="0" maxCyclomaticComplexity="0" minCyclomaticComplexity="0" maxCrapScore="0" minCrapScore="0" visitedClasses="0" numClasses="0" visitedMethods="0" numMethods="0" />
              <MetadataToken>100663331</MetadataToken>
              <Name>System.Single Helpers.Types.FloatRange::get_RandomPick()</Name>
              <FileRef uid="56" />
              <SequencePoints>
                <SequencePoint vc="0" uspid="5266" ordinal="0" offset="0" sl="11" sc="0" el="11" ec="0" bec="0" bev="0" fileid="56" />
              </SequencePoints>
              <BranchPoints />
            </Method>
            <Method visited="false" cyclomaticComplexity="0" nPathComplexity="0" sequenceCoverage="0.0" branchCoverage="0" crapScore="0" isConstructor="false" isStatic="true" isGetter="false" isSetter="false">
              <Summary numSequencePoints="0" visitedSequencePoints="0" numBranchPoints="0" visitedBranchPoints="0" sequenceCoverage="0.0" branchCoverage="0" maxCyclomaticComplexity="0" minCyclomaticComplexity="0" maxCrapScore="0" minCrapScore="0" visitedClasses="0" numClasses="0" visitedMethods="0" numMethods="0" />
              <MetadataToken>100663333</MetadataToken>
              <Name>static System.Single Helpers.Types.FloatRange.explicit operator System::Single(Helpers.Types.FloatRange)</Name>
              <FileRef uid="56" />
              <SequencePoints>
                <SequencePoint vc="0" uspid="5267" ordinal="0" offset="0" sl="19" sc="0" el="19" ec="0" bec="0" bev="0" fileid="56" />
              </SequencePoints>
              <BranchPoints />
            </Method>
            <Method visited="true" cyclomaticComplexity="0" nPathComplexity="0" sequenceCoverage="100.0" branchCoverage="0" crapScore="0" isConstructor="true" isStatic="false" isGetter="false" isSetter="false">
              <Summary numSequencePoints="0" visitedSequencePoints="0" numBranchPoints="0" visitedBranchPoints="0" sequenceCoverage="100.0" branchCoverage="0" maxCyclomaticComplexity="0" minCyclomaticComplexity="0" maxCrapScore="0" minCrapScore="0" visitedClasses="0" numClasses="0" visitedMethods="0" numMethods="0" />
              <MetadataToken>100663332</MetadataToken>
              <Name>Helpers.Types.FloatRange::FloatRange(System.Single, System.Single)</Name>
              <FileRef uid="56" />
              <SequencePoints>
                <SequencePoint vc="2" uspid="5268" ordinal="0" offset="0" sl="14" sc="3" el="14" ec="3" bec="0" bev="0" fileid="56" />
                <SequencePoint vc="2" uspid="5269" ordinal="0" offset="1" sl="15" sc="4" el="15" ec="4" bec="0" bev="0" fileid="56" />
                <SequencePoint vc="2" uspid="5270" ordinal="0" offset="14" sl="16" sc="4" el="16" ec="4" bec="0" bev="0" fileid="56" />
                <SequencePoint vc="2" uspid="5271" ordinal="0" offset="27" sl="17" sc="3" el="17" ec="3" bec="0" bev="0" fileid="56" />
              </SequencePoints>
              <BranchPoints />
            </Method>
          </Methods>
        </Class>
        <Class>
          <Summary numSequencePoints="0" visitedSequencePoints="0" numBranchPoints="0" visitedBranchPoints="0" sequenceCoverage="0" branchCoverage="0" maxCyclomaticComplexity="0" minCyclomaticComplexity="0" maxCrapScore="0" minCrapScore="0" visitedClasses="0" numClasses="0" visitedMethods="0" numMethods="0" />
          <FullName>Helpers.Types.IntRange</FullName>
          <Methods>
            <Method visited="false" cyclomaticComplexity="0" nPathComplexity="0" sequenceCoverage="0.0" branchCoverage="0" crapScore="0" isConstructor="false" isStatic="false" isGetter="true" isSetter="false">
              <Summary numSequencePoints="0" visitedSequencePoints="0" numBranchPoints="0" visitedBranchPoints="0" sequenceCoverage="0.0" branchCoverage="0" maxCyclomaticComplexity="0" minCyclomaticComplexity="0" maxCrapScore="0" minCrapScore="0" visitedClasses="0" numClasses="0" visitedMethods="0" numMethods="0" />
              <MetadataToken>100663334</MetadataToken>
              <Name>System.Int32 Helpers.Types.IntRange::get_RandomPick()</Name>
              <FileRef uid="57" />
              <SequencePoints>
                <SequencePoint vc="0" uspid="5272" ordinal="0" offset="0" sl="13" sc="0" el="13" ec="0" bec="0" bev="0" fileid="57" />
              </SequencePoints>
              <BranchPoints />
            </Method>
            <Method visited="false" cyclomaticComplexity="0" nPathComplexity="0" sequenceCoverage="0.0" branchCoverage="0" crapScore="0" isConstructor="false" isStatic="true" isGetter="false" isSetter="false">
              <Summary numSequencePoints="0" visitedSequencePoints="0" numBranchPoints="0" visitedBranchPoints="0" sequenceCoverage="0.0" branchCoverage="0" maxCyclomaticComplexity="0" minCyclomaticComplexity="0" maxCrapScore="0" minCrapScore="0" visitedClasses="0" numClasses="0" visitedMethods="0" numMethods="0" />
              <MetadataToken>100663336</MetadataToken>
              <Name>static System.Int32 Helpers.Types.IntRange.explicit operator System::Int32(Helpers.Types.IntRange)</Name>
              <FileRef uid="57" />
              <SequencePoints>
                <SequencePoint vc="0" uspid="5273" ordinal="0" offset="0" sl="21" sc="0" el="21" ec="0" bec="0" bev="0" fileid="57" />
              </SequencePoints>
              <BranchPoints />
            </Method>
            <Method visited="false" cyclomaticComplexity="0" nPathComplexity="0" sequenceCoverage="0.0" branchCoverage="0" crapScore="0" isConstructor="true" isStatic="false" isGetter="false" isSetter="false">
              <Summary numSequencePoints="0" visitedSequencePoints="0" numBranchPoints="0" visitedBranchPoints="0" sequenceCoverage="0.0" branchCoverage="0" maxCyclomaticComplexity="0" minCyclomaticComplexity="0" maxCrapScore="0" minCrapScore="0" visitedClasses="0" numClasses="0" visitedMethods="0" numMethods="0" />
              <MetadataToken>100663335</MetadataToken>
              <Name>Helpers.Types.IntRange::IntRange(System.Int32, System.Int32)</Name>
              <FileRef uid="57" />
              <SequencePoints>
                <SequencePoint vc="0" uspid="5274" ordinal="0" offset="0" sl="16" sc="0" el="16" ec="0" bec="0" bev="0" fileid="57" />
                <SequencePoint vc="0" uspid="5275" ordinal="0" offset="1" sl="17" sc="0" el="17" ec="0" bec="0" bev="0" fileid="57" />
                <SequencePoint vc="0" uspid="5276" ordinal="0" offset="14" sl="18" sc="0" el="18" ec="0" bec="0" bev="0" fileid="57" />
                <SequencePoint vc="0" uspid="5277" ordinal="0" offset="27" sl="19" sc="0" el="19" ec="0" bec="0" bev="0" fileid="57" />
              </SequencePoints>
              <BranchPoints />
            </Method>
          </Methods>
        </Class>
      </Classes>
    </Module>
  </Modules>
</CoverageSession>