<?xml version="1.0" encoding="utf-8"?>
<CoverageSession xmlns:xsd="http://www.w3.org/2001/XMLSchema" xmlns:xsi="http://www.w3.org/2001/XMLSchema-instance" Version="0.0.0.0">
  <Summary numSequencePoints="0" visitedSequencePoints="0" numBranchPoints="0" visitedBranchPoints="0" sequenceCoverage="0" branchCoverage="0" maxCyclomaticComplexity="0" minCyclomaticComplexity="0" maxCrapScore="0" minCrapScore="0" visitedClasses="0" numClasses="0" visitedMethods="0" numMethods="0" />
  <Modules>
    <Module>
      <Summary numSequencePoints="0" visitedSequencePoints="0" numBranchPoints="0" visitedBranchPoints="0" sequenceCoverage="0" branchCoverage="0" maxCyclomaticComplexity="0" minCyclomaticComplexity="0" maxCrapScore="0" minCrapScore="0" visitedClasses="0" numClasses="0" visitedMethods="0" numMethods="0" />
      <ModuleTime>0001-01-01T00:00:00</ModuleTime>
      <ModuleName>Input</ModuleName>
      <Files>
        <File uid="1" fullPath="C:\Users\KVD\Documents\Projects\ECS_Units\Assets\Scripts\UnityInputActions\ConditionalComposite2D.cs" />
        <File uid="2" fullPath="C:\Users\KVD\Documents\Projects\ECS_Units\Assets\Scripts\UnityInputActions\InitializationUnityInput.cs" />
        <File uid="3" fullPath="C:\Users\KVD\Documents\Projects\ECS_Units\Assets\Scripts\UnityInputActions\CameraInput.cs" />
      </Files>
      <Classes>
        <Class>
          <Summary numSequencePoints="0" visitedSequencePoints="0" numBranchPoints="0" visitedBranchPoints="0" sequenceCoverage="0" branchCoverage="0" maxCyclomaticComplexity="0" minCyclomaticComplexity="0" maxCrapScore="0" minCrapScore="0" visitedClasses="0" numClasses="0" visitedMethods="0" numMethods="0" />
          <FullName>UnityInputActions.ConditionalComposite2D</FullName>
          <Methods>
            <Method visited="false" cyclomaticComplexity="1" nPathComplexity="0" sequenceCoverage="0.0" branchCoverage="0" crapScore="0" isConstructor="false" isStatic="false" isGetter="false" isSetter="false">
              <Summary numSequencePoints="0" visitedSequencePoints="0" numBranchPoints="0" visitedBranchPoints="0" sequenceCoverage="0.0" branchCoverage="0" maxCyclomaticComplexity="0" minCyclomaticComplexity="0" maxCrapScore="0" minCrapScore="0" visitedClasses="0" numClasses="0" visitedMethods="0" numMethods="0" />
              <MetadataToken>100663297</MetadataToken>
              <Name>UnityEngine.Vector2 UnityInputActions.ConditionalComposite2D::ReadValue(UnityEngine.InputSystem.InputBindingCompositeContext&amp;)</Name>
              <FileRef uid="1" />
              <SequencePoints>
                <SequencePoint vc="0" uspid="1" ordinal="0" offset="0" sl="19" sc="0" el="19" ec="0" bec="0" bev="0" fileid="1" />
                <SequencePoint vc="0" uspid="2" ordinal="0" offset="1" sl="20" sc="0" el="20" ec="0" bec="0" bev="0" fileid="1" />
                <SequencePoint vc="0" uspid="3" ordinal="0" offset="14" sl="21" sc="0" el="21" ec="0" bec="0" bev="0" fileid="1" />
                <SequencePoint vc="0" uspid="4" ordinal="0" offset="66" sl="22" sc="0" el="22" ec="0" bec="0" bev="0" fileid="1" />
              </SequencePoints>
              <BranchPoints />
            </Method>
          </Methods>
        </Class>
        <Class>
          <Summary numSequencePoints="0" visitedSequencePoints="0" numBranchPoints="0" visitedBranchPoints="0" sequenceCoverage="0" branchCoverage="0" maxCyclomaticComplexity="0" minCyclomaticComplexity="0" maxCrapScore="0" minCrapScore="0" visitedClasses="0" numClasses="0" visitedMethods="0" numMethods="0" />
          <FullName>UnityInputActions.InitializationUnityInput</FullName>
          <Methods>
            <Method visited="false" cyclomaticComplexity="1" nPathComplexity="0" sequenceCoverage="0.0" branchCoverage="0" crapScore="0" isConstructor="false" isStatic="true" isGetter="false" isSetter="false">
              <Summary numSequencePoints="0" visitedSequencePoints="0" numBranchPoints="0" visitedBranchPoints="0" sequenceCoverage="0.0" branchCoverage="0" maxCyclomaticComplexity="0" minCyclomaticComplexity="0" maxCrapScore="0" minCrapScore="0" visitedClasses="0" numClasses="0" visitedMethods="0" numMethods="0" />
              <MetadataToken>100663300</MetadataToken>
              <Name>static System.Void UnityInputActions.InitializationUnityInput::Initialize()</Name>
              <FileRef uid="2" />
              <SequencePoints>
                <SequencePoint vc="0" uspid="5" ordinal="0" offset="0" sl="28" sc="39" el="28" ec="39" bec="0" bev="0" fileid="2" />
              </SequencePoints>
              <BranchPoints />
            </Method>
            <Method visited="false" cyclomaticComplexity="1" nPathComplexity="0" sequenceCoverage="0.0" branchCoverage="0" crapScore="0" isConstructor="true" isStatic="true" isGetter="false" isSetter="false">
              <Summary numSequencePoints="0" visitedSequencePoints="0" numBranchPoints="0" visitedBranchPoints="0" sequenceCoverage="0.0" branchCoverage="0" maxCyclomaticComplexity="0" minCyclomaticComplexity="0" maxCrapScore="0" minCrapScore="0" visitedClasses="0" numClasses="0" visitedMethods="0" numMethods="0" />
              <MetadataToken>100663299</MetadataToken>
              <Name>static UnityInputActions.InitializationUnityInput::InitializationUnityInput()</Name>
              <FileRef uid="2" />
              <SequencePoints>
                <SequencePoint vc="0" uspid="6" ordinal="0" offset="0" sl="21" sc="3" el="21" ec="3" bec="0" bev="0" fileid="2" />
                <SequencePoint vc="0" uspid="7" ordinal="0" offset="1" sl="22" sc="4" el="22" ec="4" bec="0" bev="0" fileid="2" />
                <SequencePoint vc="0" uspid="8" ordinal="0" offset="7" sl="23" sc="3" el="23" ec="3" bec="0" bev="0" fileid="2" />
              </SequencePoints>
              <BranchPoints />
            </Method>
          </Methods>
        </Class>
        <Class>
          <Summary numSequencePoints="0" visitedSequencePoints="0" numBranchPoints="0" visitedBranchPoints="0" sequenceCoverage="0" branchCoverage="0" maxCyclomaticComplexity="0" minCyclomaticComplexity="0" maxCrapScore="0" minCrapScore="0" visitedClasses="0" numClasses="0" visitedMethods="0" numMethods="0" />
          <FullName>UnityInput.CameraInput</FullName>
          <Methods>
            <Method visited="false" cyclomaticComplexity="1" nPathComplexity="0" sequenceCoverage="0.0" branchCoverage="0" crapScore="0" isConstructor="false" isStatic="false" isGetter="true" isSetter="false">
              <Summary numSequencePoints="0" visitedSequencePoints="0" numBranchPoints="0" visitedBranchPoints="0" sequenceCoverage="0.0" branchCoverage="0" maxCyclomaticComplexity="0" minCyclomaticComplexity="0" maxCrapScore="0" minCrapScore="0" visitedClasses="0" numClasses="0" visitedMethods="0" numMethods="0" />
              <MetadataToken>100663302</MetadataToken>
              <Name>UnityEngine.InputSystem.InputActionAsset UnityInput.CameraInput::get_asset()</Name>
              <FileRef uid="3" />
              <SequencePoints>
                <SequencePoint vc="0" uspid="9" ordinal="0" offset="0" sl="13" sc="0" el="13" ec="0" bec="0" bev="0" fileid="3" />
              </SequencePoints>
              <BranchPoints />
            </Method>
            <Method visited="false" cyclomaticComplexity="1" nPathComplexity="0" sequenceCoverage="0.0" branchCoverage="0" crapScore="0" isConstructor="false" isStatic="false" isGetter="false" isSetter="false">
              <Summary numSequencePoints="0" visitedSequencePoints="0" numBranchPoints="0" visitedBranchPoints="0" sequenceCoverage="0.0" branchCoverage="0" maxCyclomaticComplexity="0" minCyclomaticComplexity="0" maxCrapScore="0" minCrapScore="0" visitedClasses="0" numClasses="0" visitedMethods="0" numMethods="0" />
              <MetadataToken>100663304</MetadataToken>
              <Name>System.Void UnityInput.CameraInput::Dispose()</Name>
              <FileRef uid="3" />
              <SequencePoints>
                <SequencePoint vc="0" uspid="10" ordinal="0" offset="0" sl="163" sc="0" el="163" ec="0" bec="0" bev="0" fileid="3" />
                <SequencePoint vc="0" uspid="11" ordinal="0" offset="1" sl="164" sc="0" el="164" ec="0" bec="0" bev="0" fileid="3" />
                <SequencePoint vc="0" uspid="12" ordinal="0" offset="13" sl="165" sc="0" el="165" ec="0" bec="0" bev="0" fileid="3" />
              </SequencePoints>
              <BranchPoints />
            </Method>
            <Method visited="false" cyclomaticComplexity="1" nPathComplexity="0" sequenceCoverage="0.0" branchCoverage="0" crapScore="0" isConstructor="false" isStatic="false" isGetter="true" isSetter="false">
              <Summary numSequencePoints="0" visitedSequencePoints="0" numBranchPoints="0" visitedBranchPoints="0" sequenceCoverage="0.0" branchCoverage="0" maxCyclomaticComplexity="0" minCyclomaticComplexity="0" maxCrapScore="0" minCrapScore="0" visitedClasses="0" numClasses="0" visitedMethods="0" numMethods="0" />
              <MetadataToken>100663305</MetadataToken>
              <Name>System.Nullable[InputBinding] UnityInput.CameraInput::get_bindingMask()</Name>
              <FileRef uid="3" />
              <SequencePoints>
                <SequencePoint vc="0" uspid="13" ordinal="0" offset="0" sl="169" sc="0" el="169" ec="0" bec="0" bev="0" fileid="3" />
              </SequencePoints>
              <BranchPoints />
            </Method>
            <Method visited="false" cyclomaticComplexity="1" nPathComplexity="0" sequenceCoverage="0.0" branchCoverage="0" crapScore="0" isConstructor="false" isStatic="false" isGetter="false" isSetter="true">
              <Summary numSequencePoints="0" visitedSequencePoints="0" numBranchPoints="0" visitedBranchPoints="0" sequenceCoverage="0.0" branchCoverage="0" maxCyclomaticComplexity="0" minCyclomaticComplexity="0" maxCrapScore="0" minCrapScore="0" visitedClasses="0" numClasses="0" visitedMethods="0" numMethods="0" />
              <MetadataToken>100663306</MetadataToken>
              <Name>System.Void UnityInput.CameraInput::set_bindingMask(System.Nullable[InputBinding])</Name>
              <FileRef uid="3" />
              <SequencePoints>
                <SequencePoint vc="0" uspid="14" ordinal="0" offset="0" sl="170" sc="0" el="170" ec="0" bec="0" bev="0" fileid="3" />
              </SequencePoints>
              <BranchPoints />
            </Method>
            <Method visited="false" cyclomaticComplexity="1" nPathComplexity="0" sequenceCoverage="0.0" branchCoverage="0" crapScore="0" isConstructor="false" isStatic="false" isGetter="true" isSetter="false">
              <Summary numSequencePoints="0" visitedSequencePoints="0" numBranchPoints="0" visitedBranchPoints="0" sequenceCoverage="0.0" branchCoverage="0" maxCyclomaticComplexity="0" minCyclomaticComplexity="0" maxCrapScore="0" minCrapScore="0" visitedClasses="0" numClasses="0" visitedMethods="0" numMethods="0" />
              <MetadataToken>100663307</MetadataToken>
              <Name>System.Nullable[ReadOnlyArray`1] UnityInput.CameraInput::get_devices()</Name>
              <FileRef uid="3" />
              <SequencePoints>
                <SequencePoint vc="0" uspid="15" ordinal="0" offset="0" sl="175" sc="0" el="175" ec="0" bec="0" bev="0" fileid="3" />
              </SequencePoints>
              <BranchPoints />
            </Method>
            <Method visited="false" cyclomaticComplexity="1" nPathComplexity="0" sequenceCoverage="0.0" branchCoverage="0" crapScore="0" isConstructor="false" isStatic="false" isGetter="false" isSetter="true">
              <Summary numSequencePoints="0" visitedSequencePoints="0" numBranchPoints="0" visitedBranchPoints="0" sequenceCoverage="0.0" branchCoverage="0" maxCyclomaticComplexity="0" minCyclomaticComplexity="0" maxCrapScore="0" minCrapScore="0" visitedClasses="0" numClasses="0" visitedMethods="0" numMethods="0" />
              <MetadataToken>100663308</MetadataToken>
              <Name>System.Void UnityInput.CameraInput::set_devices(System.Nullable[ReadOnlyArray`1])</Name>
              <FileRef uid="3" />
              <SequencePoints>
                <SequencePoint vc="0" uspid="16" ordinal="0" offset="0" sl="176" sc="0" el="176" ec="0" bec="0" bev="0" fileid="3" />
              </SequencePoints>
              <BranchPoints />
            </Method>
            <Method visited="false" cyclomaticComplexity="1" nPathComplexity="0" sequenceCoverage="0.0" branchCoverage="0" crapScore="0" isConstructor="false" isStatic="false" isGetter="true" isSetter="false">
              <Summary numSequencePoints="0" visitedSequencePoints="0" numBranchPoints="0" visitedBranchPoints="0" sequenceCoverage="0.0" branchCoverage="0" maxCyclomaticComplexity="0" minCyclomaticComplexity="0" maxCrapScore="0" minCrapScore="0" visitedClasses="0" numClasses="0" visitedMethods="0" numMethods="0" />
              <MetadataToken>100663309</MetadataToken>
              <Name>UnityEngine.InputSystem.Utilities.ReadOnlyArray[InputControlScheme] UnityInput.CameraInput::get_controlSchemes()</Name>
              <FileRef uid="3" />
              <SequencePoints>
                <SequencePoint vc="0" uspid="17" ordinal="0" offset="0" sl="179" sc="0" el="179" ec="0" bec="0" bev="0" fileid="3" />
              </SequencePoints>
              <BranchPoints />
            </Method>
            <Method visited="false" cyclomaticComplexity="1" nPathComplexity="0" sequenceCoverage="0.0" branchCoverage="0" crapScore="0" isConstructor="false" isStatic="false" isGetter="false" isSetter="false">
              <Summary numSequencePoints="0" visitedSequencePoints="0" numBranchPoints="0" visitedBranchPoints="0" sequenceCoverage="0.0" branchCoverage="0" maxCyclomaticComplexity="0" minCyclomaticComplexity="0" maxCrapScore="0" minCrapScore="0" visitedClasses="0" numClasses="0" visitedMethods="0" numMethods="0" />
              <MetadataToken>100663310</MetadataToken>
              <Name>System.Boolean UnityInput.CameraInput::Contains(UnityEngine.InputSystem.InputAction)</Name>
              <FileRef uid="3" />
              <SequencePoints>
                <SequencePoint vc="0" uspid="18" ordinal="0" offset="0" sl="182" sc="0" el="182" ec="0" bec="0" bev="0" fileid="3" />
                <SequencePoint vc="0" uspid="19" ordinal="0" offset="1" sl="183" sc="0" el="183" ec="0" bec="0" bev="0" fileid="3" />
                <SequencePoint vc="0" uspid="20" ordinal="0" offset="16" sl="184" sc="0" el="184" ec="0" bec="0" bev="0" fileid="3" />
              </SequencePoints>
              <BranchPoints />
            </Method>
            <Method visited="false" cyclomaticComplexity="1" nPathComplexity="0" sequenceCoverage="0.0" branchCoverage="0" crapScore="0" isConstructor="false" isStatic="false" isGetter="false" isSetter="false">
              <Summary numSequencePoints="0" visitedSequencePoints="0" numBranchPoints="0" visitedBranchPoints="0" sequenceCoverage="0.0" branchCoverage="0" maxCyclomaticComplexity="0" minCyclomaticComplexity="0" maxCrapScore="0" minCrapScore="0" visitedClasses="0" numClasses="0" visitedMethods="0" numMethods="0" />
              <MetadataToken>100663311</MetadataToken>
              <Name>System.Collections.Generic.IEnumerator[InputAction] UnityInput.CameraInput::GetEnumerator()</Name>
              <FileRef uid="3" />
              <SequencePoints>
                <SequencePoint vc="0" uspid="21" ordinal="0" offset="0" sl="187" sc="0" el="187" ec="0" bec="0" bev="0" fileid="3" />
                <SequencePoint vc="0" uspid="22" ordinal="0" offset="1" sl="188" sc="0" el="188" ec="0" bec="0" bev="0" fileid="3" />
                <SequencePoint vc="0" uspid="23" ordinal="0" offset="15" sl="189" sc="0" el="189" ec="0" bec="0" bev="0" fileid="3" />
              </SequencePoints>
              <BranchPoints />
            </Method>
            <Method visited="false" cyclomaticComplexity="1" nPathComplexity="0" sequenceCoverage="0.0" branchCoverage="0" crapScore="0" isConstructor="false" isStatic="false" isGetter="false" isSetter="false">
              <Summary numSequencePoints="0" visitedSequencePoints="0" numBranchPoints="0" visitedBranchPoints="0" sequenceCoverage="0.0" branchCoverage="0" maxCyclomaticComplexity="0" minCyclomaticComplexity="0" maxCrapScore="0" minCrapScore="0" visitedClasses="0" numClasses="0" visitedMethods="0" numMethods="0" />
              <MetadataToken>100663312</MetadataToken>
              <Name>System.Collections.IEnumerator UnityInput.CameraInput.System.Collections.IEnumerable::GetEnumerator()</Name>
              <FileRef uid="3" />
              <SequencePoints>
                <SequencePoint vc="0" uspid="24" ordinal="0" offset="0" sl="192" sc="0" el="192" ec="0" bec="0" bev="0" fileid="3" />
                <SequencePoint vc="0" uspid="25" ordinal="0" offset="1" sl="193" sc="0" el="193" ec="0" bec="0" bev="0" fileid="3" />
                <SequencePoint vc="0" uspid="26" ordinal="0" offset="10" sl="194" sc="0" el="194" ec="0" bec="0" bev="0" fileid="3" />
              </SequencePoints>
              <BranchPoints />
            </Method>
            <Method visited="false" cyclomaticComplexity="1" nPathComplexity="0" sequenceCoverage="0.0" branchCoverage="0" crapScore="0" isConstructor="false" isStatic="false" isGetter="false" isSetter="false">
              <Summary numSequencePoints="0" visitedSequencePoints="0" numBranchPoints="0" visitedBranchPoints="0" sequenceCoverage="0.0" branchCoverage="0" maxCyclomaticComplexity="0" minCyclomaticComplexity="0" maxCrapScore="0" minCrapScore="0" visitedClasses="0" numClasses="0" visitedMethods="0" numMethods="0" />
              <MetadataToken>100663313</MetadataToken>
              <Name>System.Void UnityInput.CameraInput::Enable()</Name>
              <FileRef uid="3" />
              <SequencePoints>
                <SequencePoint vc="0" uspid="27" ordinal="0" offset="0" sl="197" sc="0" el="197" ec="0" bec="0" bev="0" fileid="3" />
                <SequencePoint vc="0" uspid="28" ordinal="0" offset="1" sl="198" sc="0" el="198" ec="0" bec="0" bev="0" fileid="3" />
                <SequencePoint vc="0" uspid="29" ordinal="0" offset="13" sl="199" sc="0" el="199" ec="0" bec="0" bev="0" fileid="3" />
              </SequencePoints>
              <BranchPoints />
            </Method>
            <Method visited="false" cyclomaticComplexity="1" nPathComplexity="0" sequenceCoverage="0.0" branchCoverage="0" crapScore="0" isConstructor="false" isStatic="false" isGetter="false" isSetter="false">
              <Summary numSequencePoints="0" visitedSequencePoints="0" numBranchPoints="0" visitedBranchPoints="0" sequenceCoverage="0.0" branchCoverage="0" maxCyclomaticComplexity="0" minCyclomaticComplexity="0" maxCrapScore="0" minCrapScore="0" visitedClasses="0" numClasses="0" visitedMethods="0" numMethods="0" />
              <MetadataToken>100663314</MetadataToken>
              <Name>System.Void UnityInput.CameraInput::Disable()</Name>
              <FileRef uid="3" />
              <SequencePoints>
                <SequencePoint vc="0" uspid="30" ordinal="0" offset="0" sl="202" sc="0" el="202" ec="0" bec="0" bev="0" fileid="3" />
                <SequencePoint vc="0" uspid="31" ordinal="0" offset="1" sl="203" sc="0" el="203" ec="0" bec="0" bev="0" fileid="3" />
                <SequencePoint vc="0" uspid="32" ordinal="0" offset="13" sl="204" sc="0" el="204" ec="0" bec="0" bev="0" fileid="3" />
              </SequencePoints>
              <BranchPoints />
            </Method>
            <Method visited="false" cyclomaticComplexity="1" nPathComplexity="0" sequenceCoverage="0.0" branchCoverage="0" crapScore="0" isConstructor="false" isStatic="false" isGetter="true" isSetter="false">
              <Summary numSequencePoints="0" visitedSequencePoints="0" numBranchPoints="0" visitedBranchPoints="0" sequenceCoverage="0.0" branchCoverage="0" maxCyclomaticComplexity="0" minCyclomaticComplexity="0" maxCrapScore="0" minCrapScore="0" visitedClasses="0" numClasses="0" visitedMethods="0" numMethods="0" />
              <MetadataToken>100663315</MetadataToken>
              <Name>UnityInput.CameraInput/CameraActions UnityInput.CameraInput::get_Camera()</Name>
              <FileRef uid="3" />
              <SequencePoints>
                <SequencePoint vc="0" uspid="33" ordinal="0" offset="0" sl="245" sc="0" el="245" ec="0" bec="0" bev="0" fileid="3" />
              </SequencePoints>
              <BranchPoints />
            </Method>
            <Method visited="false" cyclomaticComplexity="1" nPathComplexity="0" sequenceCoverage="0.0" branchCoverage="0" crapScore="0" isConstructor="true" isStatic="false" isGetter="false" isSetter="false">
              <Summary numSequencePoints="0" visitedSequencePoints="0" numBranchPoints="0" visitedBranchPoints="0" sequenceCoverage="0.0" branchCoverage="0" maxCyclomaticComplexity="0" minCyclomaticComplexity="0" maxCrapScore="0" minCrapScore="0" visitedClasses="0" numClasses="0" visitedMethods="0" numMethods="0" />
              <MetadataToken>100663303</MetadataToken>
              <Name>UnityInput.CameraInput::CameraInput()</Name>
              <FileRef uid="3" />
              <SequencePoints>
                <SequencePoint vc="0" uspid="34" ordinal="0" offset="0" sl="14" sc="0" el="14" ec="0" bec="0" bev="0" fileid="3" />
                <SequencePoint vc="0" uspid="35" ordinal="0" offset="7" sl="15" sc="0" el="15" ec="0" bec="0" bev="0" fileid="3" />
                <SequencePoint vc="0" uspid="36" ordinal="0" offset="8" sl="16" sc="0" el="16" ec="0" bec="0" bev="0" fileid="3" />
                <SequencePoint vc="0" uspid="37" ordinal="0" offset="24" sl="157" sc="0" el="157" ec="0" bec="0" bev="0" fileid="3" />
                <SequencePoint vc="0" uspid="38" ordinal="0" offset="47" sl="158" sc="0" el="158" ec="0" bec="0" bev="0" fileid="3" />
                <SequencePoint vc="0" uspid="39" ordinal="0" offset="70" sl="159" sc="0" el="159" ec="0" bec="0" bev="0" fileid="3" />
                <SequencePoint vc="0" uspid="40" ordinal="0" offset="93" sl="160" sc="0" el="160" ec="0" bec="0" bev="0" fileid="3" />
              </SequencePoints>
              <BranchPoints />
            </Method>
          </Methods>
        </Class>
        <Class>
          <Summary numSequencePoints="0" visitedSequencePoints="0" numBranchPoints="0" visitedBranchPoints="0" sequenceCoverage="0" branchCoverage="0" maxCyclomaticComplexity="0" minCyclomaticComplexity="0" maxCrapScore="0" minCrapScore="0" visitedClasses="0" numClasses="0" visitedMethods="0" numMethods="0" />
          <FullName>UnityInput.CameraInput/CameraActions</FullName>
          <Methods>
            <Method visited="false" cyclomaticComplexity="1" nPathComplexity="0" sequenceCoverage="0.0" branchCoverage="0" crapScore="0" isConstructor="false" isStatic="false" isGetter="true" isSetter="false">
              <Summary numSequencePoints="0" visitedSequencePoints="0" numBranchPoints="0" visitedBranchPoints="0" sequenceCoverage="0.0" branchCoverage="0" maxCyclomaticComplexity="0" minCyclomaticComplexity="0" maxCrapScore="0" minCrapScore="0" visitedClasses="0" numClasses="0" visitedMethods="0" numMethods="0" />
              <MetadataToken>100663317</MetadataToken>
              <Name>UnityEngine.InputSystem.InputAction UnityInput.CameraInput/CameraActions::get_Move()</Name>
              <FileRef uid="3" />
              <SequencePoints>
                <SequencePoint vc="0" uspid="41" ordinal="0" offset="0" sl="215" sc="0" el="215" ec="0" bec="0" bev="0" fileid="3" />
              </SequencePoints>
              <BranchPoints />
            </Method>
            <Method visited="false" cyclomaticComplexity="1" nPathComplexity="0" sequenceCoverage="0.0" branchCoverage="0" crapScore="0" isConstructor="false" isStatic="false" isGetter="true" isSetter="false">
              <Summary numSequencePoints="0" visitedSequencePoints="0" numBranchPoints="0" visitedBranchPoints="0" sequenceCoverage="0.0" branchCoverage="0" maxCyclomaticComplexity="0" minCyclomaticComplexity="0" maxCrapScore="0" minCrapScore="0" visitedClasses="0" numClasses="0" visitedMethods="0" numMethods="0" />
              <MetadataToken>100663318</MetadataToken>
              <Name>UnityEngine.InputSystem.InputAction UnityInput.CameraInput/CameraActions::get_Zoom()</Name>
              <FileRef uid="3" />
              <SequencePoints>
                <SequencePoint vc="0" uspid="42" ordinal="0" offset="0" sl="216" sc="0" el="216" ec="0" bec="0" bev="0" fileid="3" />
              </SequencePoints>
              <BranchPoints />
            </Method>
            <Method visited="false" cyclomaticComplexity="1" nPathComplexity="0" sequenceCoverage="0.0" branchCoverage="0" crapScore="0" isConstructor="false" isStatic="false" isGetter="false" isSetter="false">
              <Summary numSequencePoints="0" visitedSequencePoints="0" numBranchPoints="0" visitedBranchPoints="0" sequenceCoverage="0.0" branchCoverage="0" maxCyclomaticComplexity="0" minCyclomaticComplexity="0" maxCrapScore="0" minCrapScore="0" visitedClasses="0" numClasses="0" visitedMethods="0" numMethods="0" />
              <MetadataToken>100663319</MetadataToken>
              <Name>UnityEngine.InputSystem.InputActionMap UnityInput.CameraInput/CameraActions::Get()</Name>
              <FileRef uid="3" />
              <SequencePoints>
                <SequencePoint vc="0" uspid="43" ordinal="0" offset="0" sl="217" sc="0" el="217" ec="0" bec="0" bev="0" fileid="3" />
                <SequencePoint vc="0" uspid="44" ordinal="0" offset="1" sl="217" sc="0" el="217" ec="0" bec="0" bev="0" fileid="3" />
                <SequencePoint vc="0" uspid="45" ordinal="0" offset="15" sl="217" sc="0" el="217" ec="0" bec="0" bev="0" fileid="3" />
              </SequencePoints>
              <BranchPoints />
            </Method>
            <Method visited="false" cyclomaticComplexity="1" nPathComplexity="0" sequenceCoverage="0.0" branchCoverage="0" crapScore="0" isConstructor="false" isStatic="false" isGetter="false" isSetter="false">
              <Summary numSequencePoints="0" visitedSequencePoints="0" numBranchPoints="0" visitedBranchPoints="0" sequenceCoverage="0.0" branchCoverage="0" maxCyclomaticComplexity="0" minCyclomaticComplexity="0" maxCrapScore="0" minCrapScore="0" visitedClasses="0" numClasses="0" visitedMethods="0" numMethods="0" />
              <MetadataToken>100663320</MetadataToken>
              <Name>System.Void UnityInput.CameraInput/CameraActions::Enable()</Name>
              <FileRef uid="3" />
              <SequencePoints>
                <SequencePoint vc="0" uspid="46" ordinal="0" offset="0" sl="218" sc="0" el="218" ec="0" bec="0" bev="0" fileid="3" />
                <SequencePoint vc="0" uspid="47" ordinal="0" offset="1" sl="218" sc="0" el="218" ec="0" bec="0" bev="0" fileid="3" />
                <SequencePoint vc="0" uspid="48" ordinal="0" offset="13" sl="218" sc="0" el="218" ec="0" bec="0" bev="0" fileid="3" />
              </SequencePoints>
              <BranchPoints />
            </Method>
            <Method visited="false" cyclomaticComplexity="1" nPathComplexity="0" sequenceCoverage="0.0" branchCoverage="0" crapScore="0" isConstructor="false" isStatic="false" isGetter="false" isSetter="false">
              <Summary numSequencePoints="0" visitedSequencePoints="0" numBranchPoints="0" visitedBranchPoints="0" sequenceCoverage="0.0" branchCoverage="0" maxCyclomaticComplexity="0" minCyclomaticComplexity="0" maxCrapScore="0" minCrapScore="0" visitedClasses="0" numClasses="0" visitedMethods="0" numMethods="0" />
              <MetadataToken>100663321</MetadataToken>
              <Name>System.Void UnityInput.CameraInput/CameraActions::Disable()</Name>
              <FileRef uid="3" />
              <SequencePoints>
                <SequencePoint vc="0" uspid="49" ordinal="0" offset="0" sl="219" sc="0" el="219" ec="0" bec="0" bev="0" fileid="3" />
                <SequencePoint vc="0" uspid="50" ordinal="0" offset="1" sl="219" sc="0" el="219" ec="0" bec="0" bev="0" fileid="3" />
                <SequencePoint vc="0" uspid="51" ordinal="0" offset="13" sl="219" sc="0" el="219" ec="0" bec="0" bev="0" fileid="3" />
              </SequencePoints>
              <BranchPoints />
            </Method>
            <Method visited="false" cyclomaticComplexity="1" nPathComplexity="0" sequenceCoverage="0.0" branchCoverage="0" crapScore="0" isConstructor="false" isStatic="false" isGetter="true" isSetter="false">
              <Summary numSequencePoints="0" visitedSequencePoints="0" numBranchPoints="0" visitedBranchPoints="0" sequenceCoverage="0.0" branchCoverage="0" maxCyclomaticComplexity="0" minCyclomaticComplexity="0" maxCrapScore="0" minCrapScore="0" visitedClasses="0" numClasses="0" visitedMethods="0" numMethods="0" />
              <MetadataToken>100663322</MetadataToken>
              <Name>System.Boolean UnityInput.CameraInput/CameraActions::get_enabled()</Name>
              <FileRef uid="3" />
              <SequencePoints>
                <SequencePoint vc="0" uspid="52" ordinal="0" offset="0" sl="220" sc="0" el="220" ec="0" bec="0" bev="0" fileid="3" />
              </SequencePoints>
              <BranchPoints />
            </Method>
            <Method visited="false" cyclomaticComplexity="1" nPathComplexity="0" sequenceCoverage="0.0" branchCoverage="0" crapScore="0" isConstructor="false" isStatic="true" isGetter="false" isSetter="false">
              <Summary numSequencePoints="0" visitedSequencePoints="0" numBranchPoints="0" visitedBranchPoints="0" sequenceCoverage="0.0" branchCoverage="0" maxCyclomaticComplexity="0" minCyclomaticComplexity="0" maxCrapScore="0" minCrapScore="0" visitedClasses="0" numClasses="0" visitedMethods="0" numMethods="0" />
              <MetadataToken>100663323</MetadataToken>
              <Name>static UnityEngine.InputSystem.InputActionMap UnityInput.CameraInput/CameraActions.implicit operator UnityEngine.InputSystem::InputActionMap(UnityInput.CameraInput/CameraActions)</Name>
              <FileRef uid="3" />
              <SequencePoints>
                <SequencePoint vc="0" uspid="53" ordinal="0" offset="0" sl="221" sc="0" el="221" ec="0" bec="0" bev="0" fileid="3" />
                <SequencePoint vc="0" uspid="54" ordinal="0" offset="1" sl="221" sc="0" el="221" ec="0" bec="0" bev="0" fileid="3" />
                <SequencePoint vc="0" uspid="55" ordinal="0" offset="11" sl="221" sc="0" el="221" ec="0" bec="0" bev="0" fileid="3" />
              </SequencePoints>
              <BranchPoints />
            </Method>
            <Method visited="false" cyclomaticComplexity="3" nPathComplexity="0" sequenceCoverage="0.0" branchCoverage="0" crapScore="0" isConstructor="false" isStatic="false" isGetter="false" isSetter="false">
              <Summary numSequencePoints="0" visitedSequencePoints="0" numBranchPoints="0" visitedBranchPoints="0" sequenceCoverage="0.0" branchCoverage="0" maxCyclomaticComplexity="0" minCyclomaticComplexity="0" maxCrapScore="0" minCrapScore="0" visitedClasses="0" numClasses="0" visitedMethods="0" numMethods="0" />
              <MetadataToken>100663324</MetadataToken>
              <Name>System.Void UnityInput.CameraInput/CameraActions::SetCallbacks(UnityInput.CameraInput/ICameraActions)</Name>
              <FileRef uid="3" />
              <SequencePoints>
                <SequencePoint vc="0" uspid="56" ordinal="0" offset="0" sl="223" sc="0" el="223" ec="0" bec="0" bev="0" fileid="3" />
                <SequencePoint vc="0" uspid="57" ordinal="0" offset="1" sl="224" sc="0" el="224" ec="0" bec="0" bev="0" fileid="3" />
                <SequencePoint vc="0" uspid="58" ordinal="0" offset="22" sl="225" sc="0" el="225" ec="0" bec="0" bev="0" fileid="3" />
                <SequencePoint vc="0" uspid="59" ordinal="0" offset="23" sl="226" sc="0" el="226" ec="0" bec="0" bev="0" fileid="3" />
                <SequencePoint vc="0" uspid="60" ordinal="0" offset="58" sl="227" sc="0" el="227" ec="0" bec="0" bev="0" fileid="3" />
                <SequencePoint vc="0" uspid="61" ordinal="0" offset="93" sl="228" sc="0" el="228" ec="0" bec="0" bev="0" fileid="3" />
                <SequencePoint vc="0" uspid="62" ordinal="0" offset="128" sl="229" sc="0" el="229" ec="0" bec="0" bev="0" fileid="3" />
                <SequencePoint vc="0" uspid="63" ordinal="0" offset="163" sl="230" sc="0" el="230" ec="0" bec="0" bev="0" fileid="3" />
                <SequencePoint vc="0" uspid="64" ordinal="0" offset="198" sl="231" sc="0" el="231" ec="0" bec="0" bev="0" fileid="3" />
                <SequencePoint vc="0" uspid="65" ordinal="0" offset="233" sl="232" sc="0" el="232" ec="0" bec="0" bev="0" fileid="3" />
                <SequencePoint vc="0" uspid="66" ordinal="0" offset="234" sl="233" sc="0" el="233" ec="0" bec="0" bev="0" fileid="3" />
                <SequencePoint vc="0" uspid="67" ordinal="0" offset="246" sl="234" sc="0" el="234" ec="0" bec="0" bev="0" fileid="3" />
                <SequencePoint vc="0" uspid="68" ordinal="0" offset="257" sl="235" sc="0" el="235" ec="0" bec="0" bev="0" fileid="3" />
                <SequencePoint vc="0" uspid="69" ordinal="0" offset="258" sl="236" sc="0" el="236" ec="0" bec="0" bev="0" fileid="3" />
                <SequencePoint vc="0" uspid="70" ordinal="0" offset="283" sl="237" sc="0" el="237" ec="0" bec="0" bev="0" fileid="3" />
                <SequencePoint vc="0" uspid="71" ordinal="0" offset="308" sl="238" sc="0" el="238" ec="0" bec="0" bev="0" fileid="3" />
                <SequencePoint vc="0" uspid="72" ordinal="0" offset="333" sl="239" sc="0" el="239" ec="0" bec="0" bev="0" fileid="3" />
                <SequencePoint vc="0" uspid="73" ordinal="0" offset="358" sl="240" sc="0" el="240" ec="0" bec="0" bev="0" fileid="3" />
                <SequencePoint vc="0" uspid="74" ordinal="0" offset="383" sl="241" sc="0" el="241" ec="0" bec="0" bev="0" fileid="3" />
                <SequencePoint vc="0" uspid="75" ordinal="0" offset="408" sl="242" sc="0" el="242" ec="0" bec="0" bev="0" fileid="3" />
                <SequencePoint vc="0" uspid="76" ordinal="0" offset="409" sl="243" sc="0" el="243" ec="0" bec="0" bev="0" fileid="3" />
              </SequencePoints>
              <BranchPoints />
            </Method>
            <Method visited="false" cyclomaticComplexity="1" nPathComplexity="0" sequenceCoverage="0.0" branchCoverage="0" crapScore="0" isConstructor="true" isStatic="false" isGetter="false" isSetter="false">
              <Summary numSequencePoints="0" visitedSequencePoints="0" numBranchPoints="0" visitedBranchPoints="0" sequenceCoverage="0.0" branchCoverage="0" maxCyclomaticComplexity="0" minCyclomaticComplexity="0" maxCrapScore="0" minCrapScore="0" visitedClasses="0" numClasses="0" visitedMethods="0" numMethods="0" />
              <MetadataToken>100663316</MetadataToken>
              <Name>UnityInput.CameraInput/CameraActions::CameraActions(UnityInput.CameraInput)</Name>
              <FileRef uid="3" />
              <SequencePoints>
                <SequencePoint vc="0" uspid="77" ordinal="0" offset="0" sl="214" sc="0" el="214" ec="0" bec="0" bev="0" fileid="3" />
                <SequencePoint vc="0" uspid="78" ordinal="0" offset="1" sl="214" sc="0" el="214" ec="0" bec="0" bev="0" fileid="3" />
                <SequencePoint vc="0" uspid="79" ordinal="0" offset="8" sl="214" sc="0" el="214" ec="0" bec="0" bev="0" fileid="3" />
              </SequencePoints>
              <BranchPoints />
            </Method>
          </Methods>
        </Class>
      </Classes>
    </Module>
    <Module>
      <Summary numSequencePoints="0" visitedSequencePoints="0" numBranchPoints="0" visitedBranchPoints="0" sequenceCoverage="0" branchCoverage="0" maxCyclomaticComplexity="0" minCyclomaticComplexity="0" maxCrapScore="0" minCrapScore="0" visitedClasses="0" numClasses="0" visitedMethods="0" numMethods="0" />
      <ModuleTime>0001-01-01T00:00:00</ModuleTime>
      <ModuleName>Scripts</ModuleName>
      <Files>
        <File uid="4" fullPath="C:\Users\KVD\Documents\Projects\ECS_Units\Assets\Scripts\Working\Systems\MiningWorkSystem.cs" />
        <File uid="5" fullPath="C:\Users\KVD\Documents\Projects\ECS_Units\Assets\Scripts\Working\Systems\WorkProgressionSystem.cs" />
        <File uid="6" fullPath="C:\Users\KVD\Documents\Projects\ECS_Units\Assets\Scripts\Working\Components\MiningWork.cs" />
        <File uid="7" fullPath="C:\Users\KVD\Documents\Projects\ECS_Units\Assets\Scripts\Visuals\Systems\MeshCreatorSystem.cs" />
        <File uid="8" fullPath="C:\Users\KVD\Documents\Projects\ECS_Units\Assets\Scripts\Units\Systems\MoveUnitSystem.cs" />
        <File uid="9" fullPath="C:\Users\KVD\Documents\Projects\ECS_Units\Assets\Scripts\Units\Systems\UnitTagsSystem.cs" />
        <File uid="10" fullPath="C:\Users\KVD\Documents\Projects\ECS_Units\Assets\Scripts\Units\Systems\UnitTargetSettingSystem.cs" />
        <File uid="11" fullPath="C:\Users\KVD\Documents\Projects\ECS_Units\Assets\Scripts\Units\Systems\UnitsSpawnerSystem.cs" />
        <File uid="12" fullPath="C:\Users\KVD\Documents\Projects\ECS_Units\Assets\Scripts\Units\Authoring\UnitsSpawnerAuthoring.cs" />
        <File uid="13" fullPath="C:\Users\KVD\Documents\Projects\ECS_Units\Assets\Scripts\Resources\Systems\ResourceOreRendererSystem.cs" />
        <File uid="14" fullPath="C:\Users\KVD\Documents\Projects\ECS_Units\Assets\Scripts\Resources\Systems\StockRendererSystem.cs" />
        <File uid="15" fullPath="C:\Users\KVD\Documents\Projects\ECS_Units\Assets\Scripts\Resources\Systems\StockUpdateSystem.cs" />
        <File uid="16" fullPath="C:\Users\KVD\Documents\Projects\ECS_Units\Assets\Scripts\Resources\Components\ResourceOre.cs" />
        <File uid="17" fullPath="C:\Users\KVD\Documents\Projects\ECS_Units\Assets\Scripts\Resources\Components\ResourceTypeBlob.cs" />
        <File uid="18" fullPath="C:\Users\KVD\Documents\Projects\ECS_Units\Assets\Scripts\Resources\Components\Stock.cs" />
        <File uid="19" fullPath="C:\Users\KVD\Documents\Projects\ECS_Units\Assets\Scripts\Resources\Authoring\ResourceTypeSO.cs" />
        <File uid="20" fullPath="C:\Users\KVD\Documents\Projects\ECS_Units\Assets\Scripts\Pathfinding\Systems\AStar.cs" />
        <File uid="21" fullPath="C:\Users\KVD\Documents\Projects\ECS_Units\Assets\Scripts\Pathfinding\Systems\AStarVisual.cs" />
        <File uid="22" fullPath="C:\Users\KVD\Documents\Projects\ECS_Units\Assets\Scripts\Pathfinding\Systems\MovementCostTrackerSystem.cs" />
        <File uid="23" fullPath="C:\Users\KVD\Documents\Projects\ECS_Units\Assets\Scripts\Pathfinding\Systems\WaypointCleanupSystem.cs" />
        <File uid="24" fullPath="C:\Users\KVD\Documents\Projects\ECS_Units\Assets\Scripts\Pathfinding\Helpers\NativeMinHeap.cs" />
        <File uid="25" fullPath="C:\Users\KVD\Documents\Projects\ECS_Units\Assets\Scripts\Pathfinding\Components\MovementCost.cs" />
        <File uid="26" fullPath="C:\Users\KVD\Documents\Projects\ECS_Units\Assets\Scripts\Pathfinding\Components\PathRequest.cs" />
        <File uid="27" fullPath="C:\Users\KVD\Documents\Projects\ECS_Units\Assets\Scripts\Maps\Systems\GroundRenderSystem.cs" />
        <File uid="28" fullPath="C:\Users\KVD\Documents\Projects\ECS_Units\Assets\Scripts\Maps\Systems\MapSpawner.cs" />
        <File uid="29" fullPath="C:\Users\KVD\Documents\Projects\ECS_Units\Assets\Scripts\Maps\Components\GroundType.cs" />
        <File uid="30" fullPath="C:\Users\KVD\Documents\Projects\ECS_Units\Assets\Scripts\Maps\Components\GroundTypeBlob.cs" />
        <File uid="31" fullPath="C:\Users\KVD\Documents\Projects\ECS_Units\Assets\Scripts\Maps\Components\MapIndex.cs" />
        <File uid="32" fullPath="C:\Users\KVD\Documents\Projects\ECS_Units\Assets\Scripts\Maps\Authoring\TileSpawner.cs" />
        <File uid="33" fullPath="C:\Users\KVD\Documents\Projects\ECS_Units\Assets\Scripts\Maps\Authoring\TileTypeSO.cs" />
        <File uid="34" fullPath="C:\Users\KVD\Documents\Projects\ECS_Units\Assets\Scripts\Input\Systems\MouseAStarSystem.cs" />
        <File uid="35" fullPath="C:\Users\KVD\Documents\Projects\ECS_Units\Assets\Scripts\Input\Systems\MouseInputFeeder.cs" />
        <File uid="36" fullPath="C:\Users\KVD\Documents\Projects\ECS_Units\Assets\Scripts\Input\Systems\MouseMiningSystem.cs" />
        <File uid="37" fullPath="C:\Users\KVD\Documents\Projects\ECS_Units\Assets\Scripts\Input\Systems\MouseOverTileSystem.cs" />
        <File uid="38" fullPath="C:\Users\KVD\Documents\Projects\ECS_Units\Assets\Scripts\Input\Components\CameraData.cs" />
        <File uid="39" fullPath="C:\Users\KVD\Documents\Projects\ECS_Units\Assets\Scripts\Input\Components\MouseButtons.cs" />
        <File uid="40" fullPath="C:\Users\KVD\Documents\Projects\ECS_Units\Assets\Scripts\Input\Authoring\CameraDataAuthoring.cs" />
        <File uid="41" fullPath="C:\Users\KVD\Documents\Projects\ECS_Units\Assets\Scripts\Input\Authoring\CameraMovement.cs" />
        <File uid="42" fullPath="C:\Users\KVD\Documents\Projects\ECS_Units\Assets\Scripts\Input\Authoring\MouseModeVC.cs" />
        <File uid="43" fullPath="C:\Users\KVD\Documents\Projects\ECS_Units\Assets\Scripts\Input\Authoring\ScreenEdgeInput.cs" />
        <File uid="44" fullPath="C:\Users\KVD\Documents\Projects\ECS_Units\Assets\Scripts\Input\Authoring\TileInfoVC.cs" />
        <File uid="45" fullPath="C:\Users\KVD\Documents\Projects\ECS_Units\Assets\Scripts\Buildings\Components\BuildingBlueprint.cs" />
        <File uid="46" fullPath="C:\Users\KVD\Documents\Projects\ECS_Units\Assets\Scripts\Buildings\Components\BuildingBlueprintBlob.cs" />
        <File uid="47" fullPath="C:\Users\KVD\Documents\Projects\ECS_Units\Assets\Scripts\Buildings\Authoring\BuildingBlueprintSO.cs" />
        <File uid="48" fullPath="C:\Users\KVD\Documents\Projects\ECS_Units\Assets\Scripts\Blobs\BlobsMemory.cs" />
        <File uid="49" fullPath="C:\Users\KVD\Documents\Projects\ECS_Units\Assets\Scripts\Blobs\BlobsMemoryAuthoring.cs" />
      </Files>
      <Classes>
        <Class>
          <Summary numSequencePoints="0" visitedSequencePoints="0" numBranchPoints="0" visitedBranchPoints="0" sequenceCoverage="0" branchCoverage="0" maxCyclomaticComplexity="0" minCyclomaticComplexity="0" maxCrapScore="0" minCrapScore="0" visitedClasses="0" numClasses="0" visitedMethods="0" numMethods="0" />
          <FullName>Working.Systems.MiningWorkSystem</FullName>
          <Methods>
            <Method visited="true" cyclomaticComplexity="1" nPathComplexity="0" sequenceCoverage="100.0" branchCoverage="0" crapScore="0" isConstructor="false" isStatic="false" isGetter="false" isSetter="false">
              <Summary numSequencePoints="0" visitedSequencePoints="0" numBranchPoints="0" visitedBranchPoints="0" sequenceCoverage="100.0" branchCoverage="0" maxCyclomaticComplexity="0" minCyclomaticComplexity="0" maxCrapScore="0" minCrapScore="0" visitedClasses="0" numClasses="0" visitedMethods="0" numMethods="0" />
              <MetadataToken>100663299</MetadataToken>
              <Name>System.Void Working.Systems.MiningWorkSystem::OnCreate()</Name>
              <FileRef uid="4" />
              <SequencePoints>
                <SequencePoint vc="4" uspid="80" ordinal="0" offset="0" sl="29" sc="3" el="29" ec="3" bec="0" bev="0" fileid="4" />
                <SequencePoint vc="4" uspid="81" ordinal="0" offset="1" sl="30" sc="4" el="30" ec="4" bec="0" bev="0" fileid="4" />
                <SequencePoint vc="4" uspid="82" ordinal="0" offset="8" sl="31" sc="4" el="31" ec="4" bec="0" bev="0" fileid="4" />
                <SequencePoint vc="4" uspid="83" ordinal="0" offset="25" sl="32" sc="4" el="32" ec="4" bec="0" bev="0" fileid="4" />
                <SequencePoint vc="4" uspid="84" ordinal="0" offset="37" sl="33" sc="4" el="33" ec="4" bec="0" bev="0" fileid="4" />
                <SequencePoint vc="4" uspid="85" ordinal="0" offset="104" sl="34" sc="4" el="34" ec="4" bec="0" bev="0" fileid="4" />
                <SequencePoint vc="4" uspid="86" ordinal="0" offset="149" sl="35" sc="3" el="35" ec="3" bec="0" bev="0" fileid="4" />
              </SequencePoints>
              <BranchPoints />
            </Method>
            <Method visited="true" cyclomaticComplexity="3" nPathComplexity="0" sequenceCoverage="92.3" branchCoverage="0" crapScore="0" isConstructor="false" isStatic="false" isGetter="false" isSetter="false">
              <Summary numSequencePoints="0" visitedSequencePoints="0" numBranchPoints="0" visitedBranchPoints="0" sequenceCoverage="92.3" branchCoverage="0" maxCyclomaticComplexity="0" minCyclomaticComplexity="0" maxCrapScore="0" minCrapScore="0" visitedClasses="0" numClasses="0" visitedMethods="0" numMethods="0" />
              <MetadataToken>100663300</MetadataToken>
              <Name>Unity.Jobs.JobHandle Working.Systems.MiningWorkSystem::OnUpdate(Unity.Jobs.JobHandle)</Name>
              <FileRef uid="4" />
              <SequencePoints>
                <SequencePoint vc="5" uspid="87" ordinal="0" offset="24" sl="40" sc="3" el="40" ec="3" bec="0" bev="0" fileid="4" />
                <SequencePoint vc="5" uspid="88" ordinal="0" offset="25" sl="41" sc="4" el="41" ec="4" bec="0" bev="0" fileid="4" />
                <SequencePoint vc="5" uspid="89" ordinal="0" offset="38" sl="43" sc="4" el="43" ec="4" bec="0" bev="0" fileid="4" />
                <SequencePoint vc="0" uspid="90" ordinal="0" offset="72" sl="44" sc="4" el="44" ec="4" bec="0" bev="0" fileid="4" />
                <SequencePoint vc="0" uspid="91" ordinal="0" offset="73" sl="45" sc="5" el="45" ec="5" bec="0" bev="0" fileid="4" />
                <SequencePoint vc="5" uspid="92" ordinal="0" offset="86" sl="48" sc="4" el="48" ec="4" bec="0" bev="0" fileid="4" />
                <SequencePoint vc="5" uspid="93" ordinal="0" offset="122" sl="49" sc="4" el="49" ec="4" bec="0" bev="0" fileid="4" />
                <SequencePoint vc="5" uspid="94" ordinal="0" offset="158" sl="51" sc="4" el="51" ec="4" bec="0" bev="0" fileid="4" />
                <SequencePoint vc="5" uspid="95" ordinal="0" offset="176" sl="52" sc="4" el="52" ec="4" bec="0" bev="0" fileid="4" />
                <SequencePoint vc="5" uspid="96" ordinal="0" offset="194" sl="53" sc="4" el="53" ec="4" bec="0" bev="0" fileid="4" />
                <SequencePoint vc="5" uspid="97" ordinal="0" offset="217" sl="55" sc="4" el="55" ec="4" bec="0" bev="0" fileid="4" />
                <SequencePoint vc="5" uspid="98" ordinal="0" offset="298" sl="96" sc="4" el="96" ec="4" bec="0" bev="0" fileid="4" />
                <SequencePoint vc="4" uspid="99" ordinal="0" offset="356" sl="97" sc="4" el="97" ec="4" bec="0" bev="0" fileid="4" />
                <SequencePoint vc="4" uspid="100" ordinal="0" offset="357" sl="98" sc="5" el="98" ec="5" bec="0" bev="0" fileid="4" />
                <SequencePoint vc="4" uspid="101" ordinal="0" offset="395" sl="99" sc="5" el="99" ec="5" bec="0" bev="0" fileid="4" />
                <SequencePoint vc="4" uspid="102" ordinal="0" offset="413" sl="101" sc="5" el="101" ec="5" bec="0" bev="0" fileid="4" />
                <SequencePoint vc="4" uspid="103" ordinal="0" offset="490" sl="112" sc="4" el="112" ec="4" bec="0" bev="0" fileid="4" />
                <SequencePoint vc="5" uspid="104" ordinal="0" offset="491" sl="114" sc="4" el="114" ec="4" bec="0" bev="0" fileid="4" />
                <SequencePoint vc="5" uspid="105" ordinal="0" offset="514" sl="115" sc="4" el="115" ec="4" bec="0" bev="0" fileid="4" />
                <SequencePoint vc="5" uspid="106" ordinal="0" offset="537" sl="116" sc="4" el="116" ec="4" bec="0" bev="0" fileid="4" />
                <SequencePoint vc="5" uspid="107" ordinal="0" offset="555" sl="118" sc="4" el="118" ec="4" bec="0" bev="0" fileid="4" />
                <SequencePoint vc="5" uspid="108" ordinal="0" offset="573" sl="121" sc="4" el="121" ec="4" bec="0" bev="0" fileid="4" />
                <SequencePoint vc="5" uspid="109" ordinal="0" offset="656" sl="195" sc="4" el="195" ec="4" bec="0" bev="0" fileid="4" />
                <SequencePoint vc="5" uspid="110" ordinal="0" offset="675" sl="196" sc="4" el="196" ec="4" bec="0" bev="0" fileid="4" />
                <SequencePoint vc="5" uspid="111" ordinal="0" offset="694" sl="198" sc="4" el="198" ec="4" bec="0" bev="0" fileid="4" />
                <SequencePoint vc="5" uspid="112" ordinal="0" offset="707" sl="199" sc="3" el="199" ec="3" bec="0" bev="0" fileid="4" />
              </SequencePoints>
              <BranchPoints />
            </Method>
            <Method visited="true" cyclomaticComplexity="2" nPathComplexity="0" sequenceCoverage="100.0" branchCoverage="0" crapScore="0" isConstructor="false" isStatic="false" isGetter="false" isSetter="false">
              <Summary numSequencePoints="0" visitedSequencePoints="0" numBranchPoints="0" visitedBranchPoints="0" sequenceCoverage="100.0" branchCoverage="0" maxCyclomaticComplexity="0" minCyclomaticComplexity="0" maxCrapScore="0" minCrapScore="0" visitedClasses="0" numClasses="0" visitedMethods="0" numMethods="0" />
              <MetadataToken>100663301</MetadataToken>
              <Name>System.Void Working.Systems.MiningWorkSystem::OnDestroy()</Name>
              <FileRef uid="4" />
              <SequencePoints>
                <SequencePoint vc="4" uspid="113" ordinal="0" offset="0" sl="202" sc="3" el="202" ec="3" bec="0" bev="0" fileid="4" />
                <SequencePoint vc="4" uspid="114" ordinal="0" offset="1" sl="203" sc="4" el="203" ec="4" bec="0" bev="0" fileid="4" />
                <SequencePoint vc="4" uspid="115" ordinal="0" offset="13" sl="204" sc="4" el="204" ec="4" bec="0" bev="0" fileid="4" />
                <SequencePoint vc="4" uspid="116" ordinal="0" offset="28" sl="205" sc="4" el="205" ec="4" bec="0" bev="0" fileid="4" />
                <SequencePoint vc="4" uspid="117" ordinal="0" offset="29" sl="206" sc="5" el="206" ec="5" bec="0" bev="0" fileid="4" />
                <SequencePoint vc="4" uspid="118" ordinal="0" offset="41" sl="207" sc="4" el="207" ec="4" bec="0" bev="0" fileid="4" />
                <SequencePoint vc="4" uspid="119" ordinal="0" offset="42" sl="208" sc="3" el="208" ec="3" bec="0" bev="0" fileid="4" />
              </SequencePoints>
              <BranchPoints />
            </Method>
          </Methods>
        </Class>
        <Class>
          <Summary numSequencePoints="0" visitedSequencePoints="0" numBranchPoints="0" visitedBranchPoints="0" sequenceCoverage="0" branchCoverage="0" maxCyclomaticComplexity="0" minCyclomaticComplexity="0" maxCrapScore="0" minCrapScore="0" visitedClasses="0" numClasses="0" visitedMethods="0" numMethods="0" />
          <FullName>Working.Systems.MiningWorkSystem/&lt;&gt;c__DisplayClass_OnUpdate_LambdaJob0</FullName>
          <Methods>
            <Method visited="true" cyclomaticComplexity="7" nPathComplexity="0" sequenceCoverage="87.1" branchCoverage="0" crapScore="0" isConstructor="false" isStatic="false" isGetter="false" isSetter="false">
              <Summary numSequencePoints="0" visitedSequencePoints="0" numBranchPoints="0" visitedBranchPoints="0" sequenceCoverage="87.1" branchCoverage="0" maxCyclomaticComplexity="0" minCyclomaticComplexity="0" maxCrapScore="0" minCrapScore="0" visitedClasses="0" numClasses="0" visitedMethods="0" numMethods="0" />
              <MetadataToken>100663311</MetadataToken>
              <Name>System.Void Working.Systems.MiningWorkSystem/&lt;&gt;c__DisplayClass_OnUpdate_LambdaJob0::OriginalLambdaBody(Unity.Entities.Entity, System.Int32, Working.Components.WorkProgress&amp;, Resources.Components.ResourceOre&amp;, Maps.Components.MapIndex&amp;, Working.Components.MiningWork&amp;)</Name>
              <FileRef uid="4" />
              <SequencePoints>
                <SequencePoint vc="4" uspid="120" ordinal="0" offset="0" sl="60" sc="5" el="60" ec="5" bec="0" bev="0" fileid="4" />
                <SequencePoint vc="4" uspid="121" ordinal="0" offset="1" sl="61" sc="6" el="61" ec="6" bec="0" bev="0" fileid="4" />
                <SequencePoint vc="3" uspid="122" ordinal="0" offset="49" sl="62" sc="6" el="62" ec="6" bec="0" bev="0" fileid="4" />
                <SequencePoint vc="3" uspid="123" ordinal="0" offset="50" sl="63" sc="7" el="63" ec="7" bec="0" bev="0" fileid="4" />
                <SequencePoint vc="2" uspid="124" ordinal="0" offset="54" sl="65" sc="7" el="65" ec="7" bec="0" bev="0" fileid="4" />
                <SequencePoint vc="2" uspid="125" ordinal="0" offset="55" sl="66" sc="8" el="66" ec="8" bec="0" bev="0" fileid="4" />
                <SequencePoint vc="2" uspid="126" ordinal="0" offset="82" sl="67" sc="8" el="67" ec="8" bec="0" bev="0" fileid="4" />
                <SequencePoint vc="2" uspid="127" ordinal="0" offset="86" sl="68" sc="8" el="68" ec="8" bec="0" bev="0" fileid="4" />
                <SequencePoint vc="2" uspid="128" ordinal="0" offset="98" sl="69" sc="7" el="69" ec="7" bec="0" bev="0" fileid="4" />
                <SequencePoint vc="5" uspid="129" ordinal="0" offset="99" sl="64" sc="7" el="64" ec="7" bec="0" bev="0" fileid="4" />
                <SequencePoint vc="3" uspid="130" ordinal="0" offset="131" sl="71" sc="7" el="71" ec="7" bec="0" bev="0" fileid="4" />
                <SequencePoint vc="2" uspid="131" ordinal="0" offset="151" sl="72" sc="7" el="72" ec="7" bec="0" bev="0" fileid="4" />
                <SequencePoint vc="2" uspid="132" ordinal="0" offset="152" sl="73" sc="8" el="73" ec="8" bec="0" bev="0" fileid="4" />
                <SequencePoint vc="2" uspid="133" ordinal="0" offset="160" sl="74" sc="8" el="74" ec="8" bec="0" bev="0" fileid="4" />
                <SequencePoint vc="2" uspid="134" ordinal="0" offset="174" sl="75" sc="8" el="75" ec="8" bec="0" bev="0" fileid="4" />
                <SequencePoint vc="2" uspid="135" ordinal="0" offset="210" sl="77" sc="8" el="77" ec="8" bec="0" bev="0" fileid="4" />
                <SequencePoint vc="0" uspid="136" ordinal="0" offset="234" sl="78" sc="8" el="78" ec="8" bec="0" bev="0" fileid="4" />
                <SequencePoint vc="0" uspid="137" ordinal="0" offset="235" sl="79" sc="9" el="79" ec="9" bec="0" bev="0" fileid="4" />
                <SequencePoint vc="0" uspid="138" ordinal="0" offset="255" sl="80" sc="9" el="80" ec="9" bec="0" bev="0" fileid="4" />
                <SequencePoint vc="0" uspid="139" ordinal="0" offset="275" sl="81" sc="8" el="81" ec="8" bec="0" bev="0" fileid="4" />
                <SequencePoint vc="2" uspid="140" ordinal="0" offset="276" sl="83" sc="8" el="83" ec="8" bec="0" bev="0" fileid="4" />
                <SequencePoint vc="2" uspid="141" ordinal="0" offset="296" sl="84" sc="8" el="84" ec="8" bec="0" bev="0" fileid="4" />
                <SequencePoint vc="2" uspid="142" ordinal="0" offset="329" sl="85" sc="7" el="85" ec="7" bec="0" bev="0" fileid="4" />
                <SequencePoint vc="3" uspid="143" ordinal="0" offset="330" sl="87" sc="7" el="87" ec="7" bec="0" bev="0" fileid="4" />
                <SequencePoint vc="2" uspid="144" ordinal="0" offset="340" sl="88" sc="7" el="88" ec="7" bec="0" bev="0" fileid="4" />
                <SequencePoint vc="2" uspid="145" ordinal="0" offset="341" sl="89" sc="8" el="89" ec="8" bec="0" bev="0" fileid="4" />
                <SequencePoint vc="2" uspid="146" ordinal="0" offset="361" sl="90" sc="8" el="90" ec="8" bec="0" bev="0" fileid="4" />
                <SequencePoint vc="2" uspid="147" ordinal="0" offset="408" sl="91" sc="8" el="91" ec="8" bec="0" bev="0" fileid="4" />
                <SequencePoint vc="2" uspid="148" ordinal="0" offset="430" sl="92" sc="7" el="92" ec="7" bec="0" bev="0" fileid="4" />
                <SequencePoint vc="3" uspid="149" ordinal="0" offset="431" sl="93" sc="6" el="93" ec="6" bec="0" bev="0" fileid="4" />
                <SequencePoint vc="4" uspid="150" ordinal="0" offset="432" sl="94" sc="5" el="94" ec="5" bec="0" bev="0" fileid="4" />
              </SequencePoints>
              <BranchPoints />
            </Method>
          </Methods>
        </Class>
        <Class>
          <Summary numSequencePoints="0" visitedSequencePoints="0" numBranchPoints="0" visitedBranchPoints="0" sequenceCoverage="0" branchCoverage="0" maxCyclomaticComplexity="0" minCyclomaticComplexity="0" maxCrapScore="0" minCrapScore="0" visitedClasses="0" numClasses="0" visitedMethods="0" numMethods="0" />
          <FullName>Working.Systems.MiningWorkSystem/&lt;&gt;c__DisplayClass_OnUpdate_LambdaJob1</FullName>
          <Methods>
            <Method visited="true" cyclomaticComplexity="2" nPathComplexity="0" sequenceCoverage="100.0" branchCoverage="0" crapScore="0" isConstructor="false" isStatic="false" isGetter="false" isSetter="false">
              <Summary numSequencePoints="0" visitedSequencePoints="0" numBranchPoints="0" visitedBranchPoints="0" sequenceCoverage="100.0" branchCoverage="0" maxCyclomaticComplexity="0" minCyclomaticComplexity="0" maxCrapScore="0" minCrapScore="0" visitedClasses="0" numClasses="0" visitedMethods="0" numMethods="0" />
              <MetadataToken>100663318</MetadataToken>
              <Name>System.Void Working.Systems.MiningWorkSystem/&lt;&gt;c__DisplayClass_OnUpdate_LambdaJob1::OriginalLambdaBody()</Name>
              <FileRef uid="4" />
              <SequencePoints>
                <SequencePoint vc="4" uspid="151" ordinal="0" offset="0" sl="106" sc="6" el="106" ec="6" bec="0" bev="0" fileid="4" />
                <SequencePoint vc="4" uspid="152" ordinal="0" offset="1" sl="107" sc="13" el="107" ec="13" bec="0" bev="0" fileid="4" />
                <SequencePoint vc="36" uspid="153" ordinal="0" offset="5" sl="108" sc="7" el="108" ec="7" bec="0" bev="0" fileid="4" />
                <SequencePoint vc="36" uspid="154" ordinal="0" offset="6" sl="109" sc="8" el="109" ec="8" bec="0" bev="0" fileid="4" />
                <SequencePoint vc="36" uspid="155" ordinal="0" offset="37" sl="110" sc="7" el="110" ec="7" bec="0" bev="0" fileid="4" />
                <SequencePoint vc="36" uspid="156" ordinal="0" offset="38" sl="107" sc="50" el="107" ec="50" bec="0" bev="0" fileid="4" />
                <SequencePoint vc="40" uspid="157" ordinal="0" offset="42" sl="107" sc="24" el="107" ec="24" bec="0" bev="0" fileid="4" />
                <SequencePoint vc="4" uspid="158" ordinal="0" offset="60" sl="111" sc="6" el="111" ec="6" bec="0" bev="0" fileid="4" />
              </SequencePoints>
              <BranchPoints />
            </Method>
          </Methods>
        </Class>
        <Class>
          <Summary numSequencePoints="0" visitedSequencePoints="0" numBranchPoints="0" visitedBranchPoints="0" sequenceCoverage="0" branchCoverage="0" maxCyclomaticComplexity="0" minCyclomaticComplexity="0" maxCrapScore="0" minCrapScore="0" visitedClasses="0" numClasses="0" visitedMethods="0" numMethods="0" />
          <FullName>Working.Systems.MiningWorkSystem/&lt;&gt;c__DisplayClass_OnUpdate_LambdaJob2</FullName>
          <Methods>
            <Method visited="true" cyclomaticComplexity="13" nPathComplexity="0" sequenceCoverage="83.0" branchCoverage="0" crapScore="0" isConstructor="false" isStatic="false" isGetter="false" isSetter="false">
              <Summary numSequencePoints="0" visitedSequencePoints="0" numBranchPoints="0" visitedBranchPoints="0" sequenceCoverage="83.0" branchCoverage="0" maxCyclomaticComplexity="0" minCyclomaticComplexity="0" maxCrapScore="0" minCrapScore="0" visitedClasses="0" numClasses="0" visitedMethods="0" numMethods="0" />
              <MetadataToken>100663324</MetadataToken>
              <Name>System.Void Working.Systems.MiningWorkSystem/&lt;&gt;c__DisplayClass_OnUpdate_LambdaJob2::OriginalLambdaBody(Unity.Entities.Entity, System.Int32, Working.Components.MinedOre&amp;, Maps.Components.MapIndex&amp;)</Name>
              <FileRef uid="4" />
              <SequencePoints>
                <SequencePoint vc="1" uspid="159" ordinal="0" offset="0" sl="128" sc="5" el="128" ec="5" bec="0" bev="0" fileid="4" />
                <SequencePoint vc="1" uspid="160" ordinal="0" offset="1" sl="130" sc="6" el="130" ec="6" bec="0" bev="0" fileid="4" />
                <SequencePoint vc="1" uspid="161" ordinal="0" offset="9" sl="132" sc="6" el="132" ec="6" bec="0" bev="0" fileid="4" />
                <SequencePoint vc="1" uspid="162" ordinal="0" offset="11" sl="133" sc="6" el="133" ec="6" bec="0" bev="0" fileid="4" />
                <SequencePoint vc="1" uspid="163" ordinal="0" offset="23" sl="135" sc="6" el="135" ec="6" bec="0" bev="0" fileid="4" />
                <SequencePoint vc="1" uspid="164" ordinal="0" offset="31" sl="136" sc="6" el="136" ec="6" bec="0" bev="0" fileid="4" />
                <SequencePoint vc="1" uspid="165" ordinal="0" offset="51" sl="137" sc="6" el="137" ec="6" bec="0" bev="0" fileid="4" />
                <SequencePoint vc="1" uspid="166" ordinal="0" offset="66" sl="139" sc="6" el="139" ec="6" bec="0" bev="0" fileid="4" />
                <SequencePoint vc="2" uspid="167" ordinal="0" offset="74" sl="141" sc="6" el="141" ec="6" bec="0" bev="0" fileid="4" />
                <SequencePoint vc="2" uspid="168" ordinal="0" offset="75" sl="142" sc="7" el="142" ec="7" bec="0" bev="0" fileid="4" />
                <SequencePoint vc="2" uspid="169" ordinal="0" offset="84" sl="143" sc="13" el="143" ec="13" bec="0" bev="0" fileid="4" />
                <SequencePoint vc="16" uspid="170" ordinal="0" offset="89" sl="144" sc="7" el="144" ec="7" bec="0" bev="0" fileid="4" />
                <SequencePoint vc="16" uspid="171" ordinal="0" offset="90" sl="145" sc="8" el="145" ec="8" bec="0" bev="0" fileid="4" />
                <SequencePoint vc="16" uspid="172" ordinal="0" offset="117" sl="146" sc="8" el="146" ec="8" bec="0" bev="0" fileid="4" />
                <SequencePoint vc="10" uspid="173" ordinal="0" offset="148" sl="147" sc="8" el="147" ec="8" bec="0" bev="0" fileid="4" />
                <SequencePoint vc="10" uspid="174" ordinal="0" offset="149" sl="148" sc="9" el="148" ec="9" bec="0" bev="0" fileid="4" />
                <SequencePoint vc="10" uspid="175" ordinal="0" offset="159" sl="149" sc="8" el="149" ec="8" bec="0" bev="0" fileid="4" />
                <SequencePoint vc="16" uspid="176" ordinal="0" offset="160" sl="150" sc="7" el="150" ec="7" bec="0" bev="0" fileid="4" />
                <SequencePoint vc="16" uspid="177" ordinal="0" offset="161" sl="143" sc="51" el="143" ec="51" bec="0" bev="0" fileid="4" />
                <SequencePoint vc="18" uspid="178" ordinal="0" offset="167" sl="143" sc="24" el="143" ec="24" bec="0" bev="0" fileid="4" />
                <SequencePoint vc="2" uspid="179" ordinal="0" offset="188" sl="152" sc="7" el="152" ec="7" bec="0" bev="0" fileid="4" />
                <SequencePoint vc="2" uspid="180" ordinal="0" offset="203" sl="153" sc="7" el="153" ec="7" bec="0" bev="0" fileid="4" />
                <SequencePoint vc="2" uspid="181" ordinal="0" offset="219" sl="155" sc="7" el="155" ec="7" bec="0" bev="0" fileid="4" />
                <SequencePoint vc="1" uspid="182" ordinal="0" offset="227" sl="156" sc="7" el="156" ec="7" bec="0" bev="0" fileid="4" />
                <SequencePoint vc="1" uspid="183" ordinal="0" offset="228" sl="157" sc="8" el="157" ec="8" bec="0" bev="0" fileid="4" />
                <SequencePoint vc="1" uspid="184" ordinal="0" offset="231" sl="158" sc="8" el="158" ec="8" bec="0" bev="0" fileid="4" />
                <SequencePoint vc="1" uspid="185" ordinal="0" offset="236" sl="162" sc="7" el="162" ec="7" bec="0" bev="0" fileid="4" />
                <SequencePoint vc="1" uspid="186" ordinal="0" offset="290" sl="163" sc="7" el="163" ec="7" bec="0" bev="0" fileid="4" />
                <SequencePoint vc="1" uspid="187" ordinal="0" offset="291" sl="165" sc="8" el="165" ec="8" bec="0" bev="0" fileid="4" />
                <SequencePoint vc="1" uspid="188" ordinal="0" offset="313" sl="166" sc="8" el="166" ec="8" bec="0" bev="0" fileid="4" />
                <SequencePoint vc="1" uspid="189" ordinal="0" offset="314" sl="167" sc="9" el="167" ec="9" bec="0" bev="0" fileid="4" />
                <SequencePoint vc="1" uspid="190" ordinal="0" offset="317" sl="168" sc="9" el="168" ec="9" bec="0" bev="0" fileid="4" />
                <SequencePoint vc="1" uspid="191" ordinal="0" offset="319" sl="169" sc="8" el="169" ec="8" bec="0" bev="0" fileid="4" />
                <SequencePoint vc="0" uspid="192" ordinal="0" offset="322" sl="171" sc="8" el="171" ec="8" bec="0" bev="0" fileid="4" />
                <SequencePoint vc="0" uspid="193" ordinal="0" offset="323" sl="172" sc="9" el="172" ec="9" bec="0" bev="0" fileid="4" />
                <SequencePoint vc="0" uspid="194" ordinal="0" offset="338" sl="173" sc="9" el="173" ec="9" bec="0" bev="0" fileid="4" />
                <SequencePoint vc="0" uspid="195" ordinal="0" offset="355" sl="174" sc="9" el="174" ec="9" bec="0" bev="0" fileid="4" />
                <SequencePoint vc="0" uspid="196" ordinal="0" offset="397" sl="175" sc="9" el="175" ec="9" bec="0" bev="0" fileid="4" />
                <SequencePoint vc="0" uspid="197" ordinal="0" offset="398" sl="176" sc="10" el="176" ec="10" bec="0" bev="0" fileid="4" />
                <SequencePoint vc="0" uspid="198" ordinal="0" offset="401" sl="177" sc="10" el="177" ec="10" bec="0" bev="0" fileid="4" />
                <SequencePoint vc="0" uspid="199" ordinal="0" offset="403" sl="178" sc="9" el="178" ec="9" bec="0" bev="0" fileid="4" />
                <SequencePoint vc="0" uspid="200" ordinal="0" offset="404" sl="179" sc="8" el="179" ec="8" bec="0" bev="0" fileid="4" />
                <SequencePoint vc="1" uspid="201" ordinal="0" offset="405" sl="180" sc="7" el="180" ec="7" bec="0" bev="0" fileid="4" />
                <SequencePoint vc="1" uspid="202" ordinal="0" offset="406" sl="181" sc="6" el="181" ec="6" bec="0" bev="0" fileid="4" />
                <SequencePoint vc="3" uspid="203" ordinal="0" offset="407" sl="140" sc="6" el="140" ec="6" bec="0" bev="0" fileid="4" />
                <SequencePoint vc="1" uspid="204" ordinal="0" offset="432" sl="183" sc="6" el="183" ec="6" bec="0" bev="0" fileid="4" />
                <SequencePoint vc="1" uspid="205" ordinal="0" offset="440" sl="184" sc="6" el="184" ec="6" bec="0" bev="0" fileid="4" />
                <SequencePoint vc="1" uspid="206" ordinal="0" offset="448" sl="187" sc="6" el="187" ec="6" bec="0" bev="0" fileid="4" />
                <SequencePoint vc="1" uspid="207" ordinal="0" offset="455" sl="188" sc="6" el="188" ec="6" bec="0" bev="0" fileid="4" />
                <SequencePoint vc="1" uspid="208" ordinal="0" offset="456" sl="189" sc="7" el="189" ec="7" bec="0" bev="0" fileid="4" />
                <SequencePoint vc="1" uspid="209" ordinal="0" offset="506" sl="190" sc="6" el="190" ec="6" bec="0" bev="0" fileid="4" />
                <SequencePoint vc="1" uspid="210" ordinal="0" offset="507" sl="192" sc="6" el="192" ec="6" bec="0" bev="0" fileid="4" />
                <SequencePoint vc="1" uspid="211" ordinal="0" offset="521" sl="193" sc="5" el="193" ec="5" bec="0" bev="0" fileid="4" />
              </SequencePoints>
              <BranchPoints />
            </Method>
          </Methods>
        </Class>
        <Class>
          <Summary numSequencePoints="0" visitedSequencePoints="0" numBranchPoints="0" visitedBranchPoints="0" sequenceCoverage="0" branchCoverage="0" maxCyclomaticComplexity="0" minCyclomaticComplexity="0" maxCrapScore="0" minCrapScore="0" visitedClasses="0" numClasses="0" visitedMethods="0" numMethods="0" />
          <FullName>Working.Systems.WorkProgressionSystem</FullName>
          <Methods>
            <Method visited="true" cyclomaticComplexity="1" nPathComplexity="0" sequenceCoverage="100.0" branchCoverage="0" crapScore="0" isConstructor="false" isStatic="false" isGetter="false" isSetter="false">
              <Summary numSequencePoints="0" visitedSequencePoints="0" numBranchPoints="0" visitedBranchPoints="0" sequenceCoverage="100.0" branchCoverage="0" maxCyclomaticComplexity="0" minCyclomaticComplexity="0" maxCrapScore="0" minCrapScore="0" visitedClasses="0" numClasses="0" visitedMethods="0" numMethods="0" />
              <MetadataToken>100663331</MetadataToken>
              <Name>System.Void Working.Systems.WorkProgressionSystem::OnCreate()</Name>
              <FileRef uid="5" />
              <SequencePoints>
                <SequencePoint vc="2" uspid="212" ordinal="0" offset="0" sl="14" sc="41" el="14" ec="41" bec="0" bev="0" fileid="5" />
              </SequencePoints>
              <BranchPoints />
            </Method>
            <Method visited="true" cyclomaticComplexity="1" nPathComplexity="0" sequenceCoverage="100.0" branchCoverage="0" crapScore="0" isConstructor="false" isStatic="false" isGetter="false" isSetter="false">
              <Summary numSequencePoints="0" visitedSequencePoints="0" numBranchPoints="0" visitedBranchPoints="0" sequenceCoverage="100.0" branchCoverage="0" maxCyclomaticComplexity="0" minCyclomaticComplexity="0" maxCrapScore="0" minCrapScore="0" visitedClasses="0" numClasses="0" visitedMethods="0" numMethods="0" />
              <MetadataToken>100663332</MetadataToken>
              <Name>Unity.Jobs.JobHandle Working.Systems.WorkProgressionSystem::OnUpdate(Unity.Jobs.JobHandle)</Name>
              <FileRef uid="5" />
              <SequencePoints>
                <SequencePoint vc="61" uspid="213" ordinal="0" offset="11" sl="17" sc="3" el="17" ec="3" bec="0" bev="0" fileid="5" />
                <SequencePoint vc="61" uspid="214" ordinal="0" offset="12" sl="18" sc="4" el="18" ec="4" bec="0" bev="0" fileid="5" />
                <SequencePoint vc="61" uspid="215" ordinal="0" offset="48" sl="19" sc="4" el="19" ec="4" bec="0" bev="0" fileid="5" />
                <SequencePoint vc="61" uspid="216" ordinal="0" offset="126" sl="27" sc="4" el="27" ec="4" bec="0" bev="0" fileid="5" />
                <SequencePoint vc="61" uspid="217" ordinal="0" offset="149" sl="28" sc="4" el="28" ec="4" bec="0" bev="0" fileid="5" />
                <SequencePoint vc="61" uspid="218" ordinal="0" offset="219" sl="33" sc="4" el="33" ec="4" bec="0" bev="0" fileid="5" />
                <SequencePoint vc="61" uspid="219" ordinal="0" offset="238" sl="35" sc="4" el="35" ec="4" bec="0" bev="0" fileid="5" />
                <SequencePoint vc="61" uspid="220" ordinal="0" offset="251" sl="36" sc="3" el="36" ec="3" bec="0" bev="0" fileid="5" />
              </SequencePoints>
              <BranchPoints />
            </Method>
          </Methods>
        </Class>
        <Class>
          <Summary numSequencePoints="0" visitedSequencePoints="0" numBranchPoints="0" visitedBranchPoints="0" sequenceCoverage="0" branchCoverage="0" maxCyclomaticComplexity="0" minCyclomaticComplexity="0" maxCrapScore="0" minCrapScore="0" visitedClasses="0" numClasses="0" visitedMethods="0" numMethods="0" />
          <FullName>Working.Systems.WorkProgressionSystem/&lt;&gt;c__DisplayClass_OnUpdate_LambdaJob0</FullName>
          <Methods>
            <Method visited="false" cyclomaticComplexity="1" nPathComplexity="0" sequenceCoverage="0.0" branchCoverage="0" crapScore="0" isConstructor="false" isStatic="false" isGetter="false" isSetter="false">
              <Summary numSequencePoints="0" visitedSequencePoints="0" numBranchPoints="0" visitedBranchPoints="0" sequenceCoverage="0.0" branchCoverage="0" maxCyclomaticComplexity="0" minCyclomaticComplexity="0" maxCrapScore="0" minCrapScore="0" visitedClasses="0" numClasses="0" visitedMethods="0" numMethods="0" />
              <MetadataToken>100663340</MetadataToken>
              <Name>System.Void Working.Systems.WorkProgressionSystem/&lt;&gt;c__DisplayClass_OnUpdate_LambdaJob0::OriginalLambdaBody(Unity.Entities.Entity, System.Int32)</Name>
              <FileRef uid="5" />
              <SequencePoints>
                <SequencePoint vc="0" uspid="221" ordinal="0" offset="0" sl="23" sc="0" el="23" ec="0" bec="0" bev="0" fileid="5" />
                <SequencePoint vc="0" uspid="222" ordinal="0" offset="1" sl="24" sc="0" el="24" ec="0" bec="0" bev="0" fileid="5" />
                <SequencePoint vc="0" uspid="223" ordinal="0" offset="15" sl="25" sc="0" el="25" ec="0" bec="0" bev="0" fileid="5" />
              </SequencePoints>
              <BranchPoints />
            </Method>
          </Methods>
        </Class>
        <Class>
          <Summary numSequencePoints="0" visitedSequencePoints="0" numBranchPoints="0" visitedBranchPoints="0" sequenceCoverage="0" branchCoverage="0" maxCyclomaticComplexity="0" minCyclomaticComplexity="0" maxCrapScore="0" minCrapScore="0" visitedClasses="0" numClasses="0" visitedMethods="0" numMethods="0" />
          <FullName>Working.Systems.WorkProgressionSystem/&lt;&gt;c__DisplayClass_OnUpdate_LambdaJob1</FullName>
          <Methods>
            <Method visited="true" cyclomaticComplexity="1" nPathComplexity="0" sequenceCoverage="100.0" branchCoverage="0" crapScore="0" isConstructor="false" isStatic="false" isGetter="false" isSetter="false">
              <Summary numSequencePoints="0" visitedSequencePoints="0" numBranchPoints="0" visitedBranchPoints="0" sequenceCoverage="100.0" branchCoverage="0" maxCyclomaticComplexity="0" minCyclomaticComplexity="0" maxCrapScore="0" minCrapScore="0" visitedClasses="0" numClasses="0" visitedMethods="0" numMethods="0" />
              <MetadataToken>100663347</MetadataToken>
              <Name>System.Void Working.Systems.WorkProgressionSystem/&lt;&gt;c__DisplayClass_OnUpdate_LambdaJob1::OriginalLambdaBody(Working.Components.WorkProgress&amp;, Working.Components.MiningWork&amp;)</Name>
              <FileRef uid="5" />
              <SequencePoints>
                <SequencePoint vc="61" uspid="224" ordinal="0" offset="0" sl="29" sc="4" el="29" ec="4" bec="0" bev="0" fileid="5" />
                <SequencePoint vc="61" uspid="225" ordinal="0" offset="1" sl="30" sc="5" el="30" ec="5" bec="0" bev="0" fileid="5" />
                <SequencePoint vc="61" uspid="226" ordinal="0" offset="32" sl="31" sc="4" el="31" ec="4" bec="0" bev="0" fileid="5" />
              </SequencePoints>
              <BranchPoints />
            </Method>
          </Methods>
        </Class>
        <Class>
          <Summary numSequencePoints="0" visitedSequencePoints="0" numBranchPoints="0" visitedBranchPoints="0" sequenceCoverage="0" branchCoverage="0" maxCyclomaticComplexity="0" minCyclomaticComplexity="0" maxCrapScore="0" minCrapScore="0" visitedClasses="0" numClasses="0" visitedMethods="0" numMethods="0" />
          <FullName>Working.Components.MiningWork</FullName>
          <Methods>
            <Method visited="true" cyclomaticComplexity="1" nPathComplexity="0" sequenceCoverage="100.0" branchCoverage="0" crapScore="0" isConstructor="false" isStatic="false" isGetter="true" isSetter="false">
              <Summary numSequencePoints="0" visitedSequencePoints="0" numBranchPoints="0" visitedBranchPoints="0" sequenceCoverage="100.0" branchCoverage="0" maxCyclomaticComplexity="0" minCyclomaticComplexity="0" maxCrapScore="0" minCrapScore="0" visitedClasses="0" numClasses="0" visitedMethods="0" numMethods="0" />
              <MetadataToken>100663355</MetadataToken>
              <Name>System.Single Working.Components.MiningWork::get_ProgressPerSecond()</Name>
              <FileRef uid="6" />
              <SequencePoints>
                <SequencePoint vc="61" uspid="227" ordinal="0" offset="0" sl="8" sc="36" el="8" ec="36" bec="0" bev="0" fileid="6" />
              </SequencePoints>
              <BranchPoints />
            </Method>
            <Method visited="true" cyclomaticComplexity="1" nPathComplexity="0" sequenceCoverage="100.0" branchCoverage="0" crapScore="0" isConstructor="false" isStatic="false" isGetter="false" isSetter="true">
              <Summary numSequencePoints="0" visitedSequencePoints="0" numBranchPoints="0" visitedBranchPoints="0" sequenceCoverage="100.0" branchCoverage="0" maxCyclomaticComplexity="0" minCyclomaticComplexity="0" maxCrapScore="0" minCrapScore="0" visitedClasses="0" numClasses="0" visitedMethods="0" numMethods="0" />
              <MetadataToken>100663356</MetadataToken>
              <Name>System.Void Working.Components.MiningWork::set_ProgressPerSecond(System.Single)</Name>
              <FileRef uid="6" />
              <SequencePoints>
                <SequencePoint vc="2" uspid="228" ordinal="0" offset="0" sl="8" sc="41" el="8" ec="41" bec="0" bev="0" fileid="6" />
              </SequencePoints>
              <BranchPoints />
            </Method>
          </Methods>
        </Class>
        <Class>
          <Summary numSequencePoints="0" visitedSequencePoints="0" numBranchPoints="0" visitedBranchPoints="0" sequenceCoverage="0" branchCoverage="0" maxCyclomaticComplexity="0" minCyclomaticComplexity="0" maxCrapScore="0" minCrapScore="0" visitedClasses="0" numClasses="0" visitedMethods="0" numMethods="0" />
          <FullName>Visuals.Systems.MeshCreatorSystem[TSystemComponent,TComponent]</FullName>
          <Methods>
            <Method visited="false" cyclomaticComplexity="1" nPathComplexity="0" sequenceCoverage="0.0" branchCoverage="0" crapScore="0" isConstructor="false" isStatic="false" isGetter="true" isSetter="false">
              <Summary numSequencePoints="0" visitedSequencePoints="0" numBranchPoints="0" visitedBranchPoints="0" sequenceCoverage="0.0" branchCoverage="0" maxCyclomaticComplexity="0" minCyclomaticComplexity="0" maxCrapScore="0" minCrapScore="0" visitedClasses="0" numClasses="0" visitedMethods="0" numMethods="0" />
              <MetadataToken>100663359</MetadataToken>
              <Name>System.Boolean Visuals.Systems.MeshCreatorSystem[TSystemComponent,TComponent]::get_CreateDefaultMesh()</Name>
              <FileRef uid="7" />
              <SequencePoints>
                <SequencePoint vc="0" uspid="229" ordinal="0" offset="0" sl="33" sc="0" el="33" ec="0" bec="0" bev="0" fileid="7" />
              </SequencePoints>
              <BranchPoints />
            </Method>
            <Method visited="false" cyclomaticComplexity="1" nPathComplexity="0" sequenceCoverage="0.0" branchCoverage="0" crapScore="0" isConstructor="false" isStatic="false" isGetter="true" isSetter="false">
              <Summary numSequencePoints="0" visitedSequencePoints="0" numBranchPoints="0" visitedBranchPoints="0" sequenceCoverage="0.0" branchCoverage="0" maxCyclomaticComplexity="0" minCyclomaticComplexity="0" maxCrapScore="0" minCrapScore="0" visitedClasses="0" numClasses="0" visitedMethods="0" numMethods="0" />
              <MetadataToken>100663361</MetadataToken>
              <Name>Unity.Entities.ComponentType[] Visuals.Systems.MeshCreatorSystem[TSystemComponent,TComponent]::get_AdditionalArchetypeTypes()</Name>
              <FileRef uid="7" />
              <SequencePoints>
                <SequencePoint vc="0" uspid="230" ordinal="0" offset="0" sl="35" sc="0" el="35" ec="0" bec="0" bev="0" fileid="7" />
              </SequencePoints>
              <BranchPoints />
            </Method>
            <Method visited="false" cyclomaticComplexity="4" nPathComplexity="0" sequenceCoverage="0.0" branchCoverage="0" crapScore="0" isConstructor="false" isStatic="false" isGetter="false" isSetter="false">
              <Summary numSequencePoints="0" visitedSequencePoints="0" numBranchPoints="0" visitedBranchPoints="0" sequenceCoverage="0.0" branchCoverage="0" maxCyclomaticComplexity="0" minCyclomaticComplexity="0" maxCrapScore="0" minCrapScore="0" visitedClasses="0" numClasses="0" visitedMethods="0" numMethods="0" />
              <MetadataToken>100663362</MetadataToken>
              <Name>System.Void Visuals.Systems.MeshCreatorSystem[TSystemComponent,TComponent]::OnCreate()</Name>
              <FileRef uid="7" />
              <SequencePoints>
[...]
              </SequencePoints>
              <BranchPoints />
            </Method>
            <Method visited="false" cyclomaticComplexity="2" nPathComplexity="0" sequenceCoverage="0.0" branchCoverage="0" crapScore="0" isConstructor="false" isStatic="false" isGetter="false" isSetter="false">
              <Summary numSequencePoints="0" visitedSequencePoints="0" numBranchPoints="0" visitedBranchPoints="0" sequenceCoverage="0.0" branchCoverage="0" maxCyclomaticComplexity="0" minCyclomaticComplexity="0" maxCrapScore="0" minCrapScore="0" visitedClasses="0" numClasses="0" visitedMethods="0" numMethods="0" />
              <MetadataToken>100663332</MetadataToken>
              <Name>System.String Helpers.Types.Boolean::ToString()</Name>
              <FileRef uid="54" />
              <SequencePoints>
                <SequencePoint vc="0" uspid="1708" ordinal="0" offset="0" sl="14" sc="0" el="14" ec="0" bec="0" bev="0" fileid="54" />
              </SequencePoints>
              <BranchPoints />
            </Method>
            <Method visited="true" cyclomaticComplexity="3" nPathComplexity="0" sequenceCoverage="100.0" branchCoverage="0" crapScore="0" isConstructor="true" isStatic="false" isGetter="false" isSetter="false">
              <Summary numSequencePoints="0" visitedSequencePoints="0" numBranchPoints="0" visitedBranchPoints="0" sequenceCoverage="100.0" branchCoverage="0" maxCyclomaticComplexity="0" minCyclomaticComplexity="0" maxCrapScore="0" minCrapScore="0" visitedClasses="0" numClasses="0" visitedMethods="0" numMethods="0" />
              <MetadataToken>100663329</MetadataToken>
              <Name>Helpers.Types.Boolean::Boolean(System.Boolean)</Name>
              <FileRef uid="54" />
              <SequencePoints>
                <SequencePoint vc="166" uspid="1709" ordinal="0" offset="0" sl="8" sc="35" el="8" ec="35" bec="0" bev="0" fileid="54" />
              </SequencePoints>
              <BranchPoints />
            </Method>
          </Methods>
        </Class>
        <Class>
          <Summary numSequencePoints="0" visitedSequencePoints="0" numBranchPoints="0" visitedBranchPoints="0" sequenceCoverage="0" branchCoverage="0" maxCyclomaticComplexity="0" minCyclomaticComplexity="0" maxCrapScore="0" minCrapScore="0" visitedClasses="0" numClasses="0" visitedMethods="0" numMethods="0" />
          <FullName>Helpers.Types.FloatRange</FullName>
          <Methods>
            <Method visited="false" cyclomaticComplexity="1" nPathComplexity="0" sequenceCoverage="0.0" branchCoverage="0" crapScore="0" isConstructor="false" isStatic="false" isGetter="true" isSetter="false">
              <Summary numSequencePoints="0" visitedSequencePoints="0" numBranchPoints="0" visitedBranchPoints="0" sequenceCoverage="0.0" branchCoverage="0" maxCyclomaticComplexity="0" minCyclomaticComplexity="0" maxCrapScore="0" minCrapScore="0" visitedClasses="0" numClasses="0" visitedMethods="0" numMethods="0" />
              <MetadataToken>100663333</MetadataToken>
              <Name>System.Single Helpers.Types.FloatRange::get_RandomPick()</Name>
              <FileRef uid="55" />
              <SequencePoints>
                <SequencePoint vc="0" uspid="1710" ordinal="0" offset="0" sl="11" sc="0" el="11" ec="0" bec="0" bev="0" fileid="55" />
              </SequencePoints>
              <BranchPoints />
            </Method>
            <Method visited="false" cyclomaticComplexity="1" nPathComplexity="0" sequenceCoverage="0.0" branchCoverage="0" crapScore="0" isConstructor="false" isStatic="true" isGetter="false" isSetter="false">
              <Summary numSequencePoints="0" visitedSequencePoints="0" numBranchPoints="0" visitedBranchPoints="0" sequenceCoverage="0.0" branchCoverage="0" maxCyclomaticComplexity="0" minCyclomaticComplexity="0" maxCrapScore="0" minCrapScore="0" visitedClasses="0" numClasses="0" visitedMethods="0" numMethods="0" />
              <MetadataToken>100663335</MetadataToken>
              <Name>static System.Single Helpers.Types.FloatRange.explicit operator System::Single(Helpers.Types.FloatRange)</Name>
              <FileRef uid="55" />
              <SequencePoints>
                <SequencePoint vc="0" uspid="1711" ordinal="0" offset="0" sl="19" sc="0" el="19" ec="0" bec="0" bev="0" fileid="55" />
              </SequencePoints>
              <BranchPoints />
            </Method>
            <Method visited="true" cyclomaticComplexity="1" nPathComplexity="0" sequenceCoverage="100.0" branchCoverage="0" crapScore="0" isConstructor="true" isStatic="false" isGetter="false" isSetter="false">
              <Summary numSequencePoints="0" visitedSequencePoints="0" numBranchPoints="0" visitedBranchPoints="0" sequenceCoverage="100.0" branchCoverage="0" maxCyclomaticComplexity="0" minCyclomaticComplexity="0" maxCrapScore="0" minCrapScore="0" visitedClasses="0" numClasses="0" visitedMethods="0" numMethods="0" />
              <MetadataToken>100663334</MetadataToken>
              <Name>Helpers.Types.FloatRange::FloatRange(System.Single, System.Single)</Name>
              <FileRef uid="55" />
              <SequencePoints>
                <SequencePoint vc="2" uspid="1712" ordinal="0" offset="0" sl="14" sc="3" el="14" ec="3" bec="0" bev="0" fileid="55" />
                <SequencePoint vc="2" uspid="1713" ordinal="0" offset="1" sl="15" sc="4" el="15" ec="4" bec="0" bev="0" fileid="55" />
                <SequencePoint vc="2" uspid="1714" ordinal="0" offset="14" sl="16" sc="4" el="16" ec="4" bec="0" bev="0" fileid="55" />
                <SequencePoint vc="2" uspid="1715" ordinal="0" offset="27" sl="17" sc="3" el="17" ec="3" bec="0" bev="0" fileid="55" />
              </SequencePoints>
              <BranchPoints />
            </Method>
          </Methods>
        </Class>
        <Class>
          <Summary numSequencePoints="0" visitedSequencePoints="0" numBranchPoints="0" visitedBranchPoints="0" sequenceCoverage="0" branchCoverage="0" maxCyclomaticComplexity="0" minCyclomaticComplexity="0" maxCrapScore="0" minCrapScore="0" visitedClasses="0" numClasses="0" visitedMethods="0" numMethods="0" />
          <FullName>Helpers.Types.IntRange</FullName>
          <Methods>
            <Method visited="false" cyclomaticComplexity="1" nPathComplexity="0" sequenceCoverage="0.0" branchCoverage="0" crapScore="0" isConstructor="false" isStatic="false" isGetter="true" isSetter="false">
              <Summary numSequencePoints="0" visitedSequencePoints="0" numBranchPoints="0" visitedBranchPoints="0" sequenceCoverage="0.0" branchCoverage="0" maxCyclomaticComplexity="0" minCyclomaticComplexity="0" maxCrapScore="0" minCrapScore="0" visitedClasses="0" numClasses="0" visitedMethods="0" numMethods="0" />
              <MetadataToken>100663336</MetadataToken>
              <Name>System.Int32 Helpers.Types.IntRange::get_RandomPick()</Name>
              <FileRef uid="56" />
              <SequencePoints>
                <SequencePoint vc="0" uspid="1716" ordinal="0" offset="0" sl="13" sc="0" el="13" ec="0" bec="0" bev="0" fileid="56" />
              </SequencePoints>
              <BranchPoints />
            </Method>
            <Method visited="false" cyclomaticComplexity="1" nPathComplexity="0" sequenceCoverage="0.0" branchCoverage="0" crapScore="0" isConstructor="false" isStatic="true" isGetter="false" isSetter="false">
              <Summary numSequencePoints="0" visitedSequencePoints="0" numBranchPoints="0" visitedBranchPoints="0" sequenceCoverage="0.0" branchCoverage="0" maxCyclomaticComplexity="0" minCyclomaticComplexity="0" maxCrapScore="0" minCrapScore="0" visitedClasses="0" numClasses="0" visitedMethods="0" numMethods="0" />
              <MetadataToken>100663338</MetadataToken>
              <Name>static System.Int32 Helpers.Types.IntRange.explicit operator System::Int32(Helpers.Types.IntRange)</Name>
              <FileRef uid="56" />
              <SequencePoints>
                <SequencePoint vc="0" uspid="1717" ordinal="0" offset="0" sl="21" sc="0" el="21" ec="0" bec="0" bev="0" fileid="56" />
              </SequencePoints>
              <BranchPoints />
            </Method>
            <Method visited="false" cyclomaticComplexity="1" nPathComplexity="0" sequenceCoverage="0.0" branchCoverage="0" crapScore="0" isConstructor="true" isStatic="false" isGetter="false" isSetter="false">
              <Summary numSequencePoints="0" visitedSequencePoints="0" numBranchPoints="0" visitedBranchPoints="0" sequenceCoverage="0.0" branchCoverage="0" maxCyclomaticComplexity="0" minCyclomaticComplexity="0" maxCrapScore="0" minCrapScore="0" visitedClasses="0" numClasses="0" visitedMethods="0" numMethods="0" />
              <MetadataToken>100663337</MetadataToken>
              <Name>Helpers.Types.IntRange::IntRange(System.Int32, System.Int32)</Name>
              <FileRef uid="56" />
              <SequencePoints>
                <SequencePoint vc="0" uspid="1718" ordinal="0" offset="0" sl="16" sc="0" el="16" ec="0" bec="0" bev="0" fileid="56" />
                <SequencePoint vc="0" uspid="1719" ordinal="0" offset="1" sl="17" sc="0" el="17" ec="0" bec="0" bev="0" fileid="56" />
                <SequencePoint vc="0" uspid="1720" ordinal="0" offset="14" sl="18" sc="0" el="18" ec="0" bec="0" bev="0" fileid="56" />
                <SequencePoint vc="0" uspid="1721" ordinal="0" offset="27" sl="19" sc="0" el="19" ec="0" bec="0" bev="0" fileid="56" />
              </SequencePoints>
              <BranchPoints />
            </Method>
          </Methods>
        </Class>
        <Class>
          <Summary numSequencePoints="0" visitedSequencePoints="0" numBranchPoints="0" visitedBranchPoints="0" sequenceCoverage="0" branchCoverage="0" maxCyclomaticComplexity="0" minCyclomaticComplexity="0" maxCrapScore="0" minCrapScore="0" visitedClasses="0" numClasses="0" visitedMethods="0" numMethods="0" />
          <FullName>Helpers.Types.Neighbor</FullName>
          <Methods>
            <Method visited="true" cyclomaticComplexity="1" nPathComplexity="0" sequenceCoverage="100.0" branchCoverage="0" crapScore="0" isConstructor="false" isStatic="true" isGetter="false" isSetter="false">
              <Summary numSequencePoints="0" visitedSequencePoints="0" numBranchPoints="0" visitedBranchPoints="0" sequenceCoverage="100.0" branchCoverage="0" maxCyclomaticComplexity="0" minCyclomaticComplexity="0" maxCrapScore="0" minCrapScore="0" visitedClasses="0" numClasses="0" visitedMethods="0" numMethods="0" />
              <MetadataToken>100663340</MetadataToken>
              <Name>static Unity.Collections.NativeArray[Neighbor] Helpers.Types.Neighbor::FullNeighborhood(Unity.Collections.Allocator)</Name>
              <FileRef uid="57" />
              <SequencePoints>
                <SequencePoint vc="10" uspid="1722" ordinal="0" offset="0" sl="40" sc="3" el="40" ec="3" bec="0" bev="0" fileid="57" />
                <SequencePoint vc="10" uspid="1723" ordinal="0" offset="1" sl="41" sc="4" el="41" ec="4" bec="0" bev="0" fileid="57" />
                <SequencePoint vc="10" uspid="1724" ordinal="0" offset="127" sl="52" sc="3" el="52" ec="3" bec="0" bev="0" fileid="57" />
              </SequencePoints>
              <BranchPoints />
            </Method>
            <Method visited="true" cyclomaticComplexity="1" nPathComplexity="0" sequenceCoverage="100.0" branchCoverage="0" crapScore="0" isConstructor="false" isStatic="false" isGetter="false" isSetter="false">
              <Summary numSequencePoints="0" visitedSequencePoints="0" numBranchPoints="0" visitedBranchPoints="0" sequenceCoverage="100.0" branchCoverage="0" maxCyclomaticComplexity="0" minCyclomaticComplexity="0" maxCrapScore="0" minCrapScore="0" visitedClasses="0" numClasses="0" visitedMethods="0" numMethods="0" />
              <MetadataToken>100663341</MetadataToken>
              <Name>System.Int32 Helpers.Types.Neighbor::Of(System.Int32, System.Int32)</Name>
              <FileRef uid="57" />
              <SequencePoints>
                <SequencePoint vc="104" uspid="1725" ordinal="0" offset="0" sl="54" sc="49" el="54" ec="49" bec="0" bev="0" fileid="57" />
              </SequencePoints>
              <BranchPoints />
            </Method>
            <Method visited="true" cyclomaticComplexity="5" nPathComplexity="0" sequenceCoverage="100.0" branchCoverage="0" crapScore="0" isConstructor="false" isStatic="false" isGetter="false" isSetter="false">
              <Summary numSequencePoints="0" visitedSequencePoints="0" numBranchPoints="0" visitedBranchPoints="0" sequenceCoverage="100.0" branchCoverage="0" maxCyclomaticComplexity="0" minCyclomaticComplexity="0" maxCrapScore="0" minCrapScore="0" visitedClasses="0" numClasses="0" visitedMethods="0" numMethods="0" />
              <MetadataToken>100663342</MetadataToken>
              <Name>System.Int32 Helpers.Types.Neighbor::Of(Unity.Mathematics.int2, System.Int32)</Name>
              <FileRef uid="57" />
              <SequencePoints>
                <SequencePoint vc="144" uspid="1726" ordinal="0" offset="0" sl="57" sc="3" el="57" ec="3" bec="0" bev="0" fileid="57" />
                <SequencePoint vc="144" uspid="1727" ordinal="0" offset="1" sl="58" sc="4" el="58" ec="4" bec="0" bev="0" fileid="57" />
                <SequencePoint vc="144" uspid="1728" ordinal="0" offset="8" sl="60" sc="4" el="60" ec="4" bec="0" bev="0" fileid="57" />
                <SequencePoint vc="144" uspid="1729" ordinal="0" offset="22" sl="61" sc="4" el="61" ec="4" bec="0" bev="0" fileid="57" />
                <SequencePoint vc="67" uspid="1730" ordinal="0" offset="68" sl="62" sc="4" el="62" ec="4" bec="0" bev="0" fileid="57" />
                <SequencePoint vc="67" uspid="1731" ordinal="0" offset="69" sl="63" sc="5" el="63" ec="5" bec="0" bev="0" fileid="57" />
                <SequencePoint vc="77" uspid="1732" ordinal="0" offset="73" sl="65" sc="4" el="65" ec="4" bec="0" bev="0" fileid="57" />
                <SequencePoint vc="144" uspid="1733" ordinal="0" offset="83" sl="66" sc="3" el="66" ec="3" bec="0" bev="0" fileid="57" />
              </SequencePoints>
              <BranchPoints />
            </Method>
            <Method visited="true" cyclomaticComplexity="7" nPathComplexity="0" sequenceCoverage="45.5" branchCoverage="0" crapScore="0" isConstructor="false" isStatic="false" isGetter="false" isSetter="false">
              <Summary numSequencePoints="0" visitedSequencePoints="0" numBranchPoints="0" visitedBranchPoints="0" sequenceCoverage="45.5" branchCoverage="0" maxCyclomaticComplexity="0" minCyclomaticComplexity="0" maxCrapScore="0" minCrapScore="0" visitedClasses="0" numClasses="0" visitedMethods="0" numMethods="0" />
              <MetadataToken>100663343</MetadataToken>
              <Name>System.Void Helpers.Types.Neighbor::CheckValues(System.Int32, System.Int32)</Name>
              <FileRef uid="57" />
              <SequencePoints>
                <SequencePoint vc="8" uspid="1734" ordinal="0" offset="0" sl="70" sc="3" el="70" ec="3" bec="0" bev="0" fileid="57" />
                <SequencePoint vc="8" uspid="1735" ordinal="0" offset="1" sl="71" sc="4" el="71" ec="4" bec="0" bev="0" fileid="57" />
                <SequencePoint vc="0" uspid="1736" ordinal="0" offset="16" sl="72" sc="4" el="72" ec="4" bec="0" bev="0" fileid="57" />
                <SequencePoint vc="0" uspid="1737" ordinal="0" offset="17" sl="73" sc="5" el="73" ec="5" bec="0" bev="0" fileid="57" />
                <SequencePoint vc="8" uspid="1738" ordinal="0" offset="33" sl="78" sc="4" el="78" ec="4" bec="0" bev="0" fileid="57" />
                <SequencePoint vc="0" uspid="1739" ordinal="0" offset="48" sl="79" sc="4" el="79" ec="4" bec="0" bev="0" fileid="57" />
                <SequencePoint vc="0" uspid="1740" ordinal="0" offset="49" sl="80" sc="5" el="80" ec="5" bec="0" bev="0" fileid="57" />
                <SequencePoint vc="8" uspid="1741" ordinal="0" offset="65" sl="85" sc="4" el="85" ec="4" bec="0" bev="0" fileid="57" />
                <SequencePoint vc="0" uspid="1742" ordinal="0" offset="79" sl="86" sc="4" el="86" ec="4" bec="0" bev="0" fileid="57" />
                <SequencePoint vc="0" uspid="1743" ordinal="0" offset="80" sl="87" sc="5" el="87" ec="5" bec="0" bev="0" fileid="57" />
                <SequencePoint vc="8" uspid="1744" ordinal="0" offset="96" sl="91" sc="3" el="91" ec="3" bec="0" bev="0" fileid="57" />
              </SequencePoints>
              <BranchPoints />
            </Method>
            <Method visited="true" cyclomaticComplexity="4" nPathComplexity="0" sequenceCoverage="100.0" branchCoverage="0" crapScore="0" isConstructor="true" isStatic="false" isGetter="false" isSetter="false">
              <Summary numSequencePoints="0" visitedSequencePoints="0" numBranchPoints="0" visitedBranchPoints="0" sequenceCoverage="100.0" branchCoverage="0" maxCyclomaticComplexity="0" minCyclomaticComplexity="0" maxCrapScore="0" minCrapScore="0" visitedClasses="0" numClasses="0" visitedMethods="0" numMethods="0" />
              <MetadataToken>100663339</MetadataToken>
              <Name>Helpers.Types.Neighbor::Neighbor(System.Int32, System.Int32)</Name>
              <FileRef uid="57" />
              <SequencePoints>
                <SequencePoint vc="8" uspid="1745" ordinal="0" offset="0" sl="32" sc="3" el="32" ec="3" bec="0" bev="0" fileid="57" />
                <SequencePoint vc="8" uspid="1746" ordinal="0" offset="1" sl="33" sc="4" el="33" ec="4" bec="0" bev="0" fileid="57" />
                <SequencePoint vc="8" uspid="1747" ordinal="0" offset="14" sl="34" sc="4" el="34" ec="4" bec="0" bev="0" fileid="57" />
                <SequencePoint vc="8" uspid="1748" ordinal="0" offset="38" sl="36" sc="4" el="36" ec="4" bec="0" bev="0" fileid="57" />
                <SequencePoint vc="8" uspid="1749" ordinal="0" offset="47" sl="37" sc="3" el="37" ec="3" bec="0" bev="0" fileid="57" />
              </SequencePoints>
              <BranchPoints />
            </Method>
            <Method visited="true" cyclomaticComplexity="1" nPathComplexity="0" sequenceCoverage="100.0" branchCoverage="0" crapScore="0" isConstructor="true" isStatic="true" isGetter="false" isSetter="false">
              <Summary numSequencePoints="0" visitedSequencePoints="0" numBranchPoints="0" visitedBranchPoints="0" sequenceCoverage="100.0" branchCoverage="0" maxCyclomaticComplexity="0" minCyclomaticComplexity="0" maxCrapScore="0" minCrapScore="0" visitedClasses="0" numClasses="0" visitedMethods="0" numMethods="0" />
              <MetadataToken>100663344</MetadataToken>
              <Name>static Helpers.Types.Neighbor::Neighbor()</Name>
              <FileRef uid="57" />
              <SequencePoints>
                <SequencePoint vc="1" uspid="1750" ordinal="0" offset="0" sl="15" sc="3" el="15" ec="3" bec="0" bev="0" fileid="57" />
                <SequencePoint vc="1" uspid="1751" ordinal="0" offset="12" sl="16" sc="3" el="16" ec="3" bec="0" bev="0" fileid="57" />
                <SequencePoint vc="1" uspid="1752" ordinal="0" offset="24" sl="17" sc="3" el="17" ec="3" bec="0" bev="0" fileid="57" />
                <SequencePoint vc="1" uspid="1753" ordinal="0" offset="36" sl="19" sc="3" el="19" ec="3" bec="0" bev="0" fileid="57" />
                <SequencePoint vc="1" uspid="1754" ordinal="0" offset="48" sl="20" sc="3" el="20" ec="3" bec="0" bev="0" fileid="57" />
                <SequencePoint vc="1" uspid="1755" ordinal="0" offset="60" sl="22" sc="3" el="22" ec="3" bec="0" bev="0" fileid="57" />
                <SequencePoint vc="1" uspid="1756" ordinal="0" offset="72" sl="23" sc="3" el="23" ec="3" bec="0" bev="0" fileid="57" />
                <SequencePoint vc="1" uspid="1757" ordinal="0" offset="84" sl="24" sc="3" el="24" ec="3" bec="0" bev="0" fileid="57" />
              </SequencePoints>
              <BranchPoints />
            </Method>
          </Methods>
        </Class>
      </Classes>
    </Module>
  </Modules>
</CoverageSession>